#
# A fatal error has been detected by the Java Runtime Environment:
#
#  Internal Error (generateOopMap.cpp:2164), pid=18090, tid=18105
#  fatal error: Illegal class file encountered. Try running with -Xverify:all in method teste_DadosOrdemDeServicoPreenchidos_OrdemDeServicoCadastrada
#
# JRE version: OpenJDK Runtime Environment (11.0.9.1+1) (build 11.0.9.1+1-Ubuntu-0ubuntu1.20.04)
# Java VM: OpenJDK 64-Bit Server VM (11.0.9.1+1-Ubuntu-0ubuntu1.20.04, mixed mode, tiered, compressed oops, g1 gc, linux-amd64)
# Core dump will be written. Default location: Core dumps may be processed with "/lib/systemd/systemd-coredump %P %u %g %s %t 9223372036854775808 %h" (or dumping to /home/evillyn/academia-atos-workspace/equipe-5-acelera-atos-api/logistica/core.18090)
#
# If you would like to submit a bug report, please visit:
#   https://bugs.launchpad.net/ubuntu/+source/openjdk-lts
#

---------------  S U M M A R Y ------------

Command Line: -agentlib:jdwp=transport=dt_socket,suspend=y,address=localhost:40271 -ea -javaagent:/home/evillyn/eclipse/jee-2020-12/eclipse/configuration/org.eclipse.osgi/400/0/.cp/lib/javaagent-shaded.jar -Dfile.encoding=UTF-8 org.eclipse.jdt.internal.junit.runner.RemoteTestRunner -version 3 -port 39015 -testLoaderClass org.eclipse.jdt.internal.junit5.runner.JUnit5TestLoader -loaderpluginname org.eclipse.jdt.junit5.runtime -classNames net.atos.api.logistica.service.LogisticaServiceTest

Host: Intel(R) Core(TM) i5-9400F CPU @ 2.90GHz, 6 cores, 15G, Linux Mint 20 Ulyana
Time: Thu Dec 16 23:24:32 2021 -03 elapsed time: 220.869735 seconds (0d 0h 3m 40s)

---------------  T H R E A D  ---------------

Current thread (0x00007f1024256800):  VMThread "VM Thread" [stack: 0x00007f0ffc03d000,0x00007f0ffc13d000] [id=18105]

Stack: [0x00007f0ffc03d000,0x00007f0ffc13d000],  sp=0x00007f0ffc13a840,  free space=1014k
Native frames: (J=compiled Java code, A=aot compiled Java code, j=interpreted, Vv=VM code, C=native code)
V  [libjvm.so+0xe8177a]
V  [libjvm.so+0xe82425]
V  [libjvm.so+0x66a02f]
V  [libjvm.so+0x7c6b4a]
V  [libjvm.so+0x7c6beb]
V  [libjvm.so+0x7c850a]
V  [libjvm.so+0x7cbe63]
V  [libjvm.so+0x7cd8f4]
V  [libjvm.so+0x7cdbc3]
V  [libjvm.so+0xbbac04]
V  [libjvm.so+0xbbb8fb]
V  [libjvm.so+0xbbbe0b]
V  [libjvm.so+0xb5c99e]
V  [libjvm.so+0x9ecd5e]
V  [libjvm.so+0xe84000]
V  [libjvm.so+0xe89ee7]
V  [libjvm.so+0xe8a520]
V  [libjvm.so+0xe8a886]
V  [libjvm.so+0xe14330]
V  [libjvm.so+0xbd26e6]

VM_Operation (0x00007f0fe7385950): GetOrSetLocal, mode: safepoint, requested by thread 0x00007f1024372000


---------------  P R O C E S S  ---------------

Threads class SMR info:
_java_thread_list=0x00007f0fbc12f480, length=13, elements={
0x00007f102401b000, 0x00007f102425e800, 0x00007f1024262800, 0x00007f1024277800,
0x00007f1024279800, 0x00007f102427b800, 0x00007f102427d800, 0x00007f1024301800,
0x00007f1024372000, 0x00007f1024376000, 0x00007f0fc0001800, 0x00007f1024943800,
0x00007f1024a38800
}

Java Threads: ( => current thread )
  0x00007f102401b000 JavaThread "main" [_thread_blocked, id=18092, stack(0x00007f1028aba000,0x00007f1028bbb000)]
  0x00007f102425e800 JavaThread "Reference Handler" daemon [_thread_blocked, id=18106, stack(0x00007f0fe7eff000,0x00007f0fe8000000)]
  0x00007f1024262800 JavaThread "Finalizer" daemon [_thread_blocked, id=18107, stack(0x00007f0fe7dfe000,0x00007f0fe7eff000)]
  0x00007f1024277800 JavaThread "Signal Dispatcher" daemon [_thread_blocked, id=18108, stack(0x00007f0fe778b000,0x00007f0fe788c000)]
  0x00007f1024279800 JavaThread "C2 CompilerThread0" daemon [_thread_blocked, id=18109, stack(0x00007f0fe768a000,0x00007f0fe778b000)]
  0x00007f102427b800 JavaThread "C1 CompilerThread0" daemon [_thread_blocked, id=18110, stack(0x00007f0fe7589000,0x00007f0fe768a000)]
  0x00007f102427d800 JavaThread "Sweeper thread" daemon [_thread_blocked, id=18111, stack(0x00007f0fe7488000,0x00007f0fe7589000)]
  0x00007f1024301800 JavaThread "Common-Cleaner" daemon [_thread_blocked, id=18112, stack(0x00007f0fe7387000,0x00007f0fe7488000)]
  0x00007f1024372000 JavaThread "JDWP Transport Listener: dt_socket" daemon [_thread_blocked, id=18114, stack(0x00007f0fe7286000,0x00007f0fe7387000)] _threads_hazard_ptr=0x00007f0fbc12f480
  0x00007f1024376000 JavaThread "JDWP Event Helper Thread" daemon [_thread_blocked, id=18115, stack(0x00007f0fe7185000,0x00007f0fe7286000)]
  0x00007f0fc0001800 JavaThread "JDWP Command Reader" daemon [_thread_in_native, id=18116, stack(0x00007f0fe7084000,0x00007f0fe7185000)]
  0x00007f1024943800 JavaThread "Service Thread" daemon [_thread_blocked, id=18121, stack(0x00007f0fe6e82000,0x00007f0fe6f83000)]
  0x00007f1024a38800 JavaThread "ReaderThread" [_thread_in_native, id=18128, stack(0x00007f0fe6575000,0x00007f0fe6676000)]

Other Threads:
=>0x00007f1024256800 VMThread "VM Thread" [stack: 0x00007f0ffc03d000,0x00007f0ffc13d000] [id=18105]
  0x00007f1024945800 WatcherThread [stack: 0x00007f0fe6d82000,0x00007f0fe6e82000] [id=18122]
  0x00007f1024033000 GCTaskThread "GC Thread#0" [stack: 0x00007f1028722000,0x00007f1028822000] [id=18099]
  0x00007f0fec001000 GCTaskThread "GC Thread#1" [stack: 0x00007f0fe6a80000,0x00007f0fe6b80000] [id=18123]
  0x00007f0fec002800 GCTaskThread "GC Thread#2" [stack: 0x00007f0fe697e000,0x00007f0fe6a7e000] [id=18124]
  0x00007f0fec004800 GCTaskThread "GC Thread#3" [stack: 0x00007f0fe687c000,0x00007f0fe697c000] [id=18125]
  0x00007f0fec006000 GCTaskThread "GC Thread#4" [stack: 0x00007f0fe677a000,0x00007f0fe687a000] [id=18126]
  0x00007f0fec008000 GCTaskThread "GC Thread#5" [stack: 0x00007f0fe6678000,0x00007f0fe6778000] [id=18127]
  0x00007f1024091000 ConcurrentGCThread "G1 Main Marker" [stack: 0x00007f0fff2cc000,0x00007f0fff3cc000] [id=18100]
  0x00007f1024093000 ConcurrentGCThread "G1 Conc#0" [stack: 0x00007f0fff1ca000,0x00007f0fff2ca000] [id=18101]
  0x00007f0ff8001000 ConcurrentGCThread "G1 Conc#1" [stack: 0x00007f0fe59a7000,0x00007f0fe5aa7000] [id=18131]
  0x00007f102418a800 ConcurrentGCThread "G1 Refine#0" [stack: 0x00007f0ffcac2000,0x00007f0ffcbc2000] [id=18103]
  0x00007f102418c800 ConcurrentGCThread "G1 Young RemSet Sampling" [stack: 0x00007f0ffc9c0000,0x00007f0ffcac0000] [id=18104]

Threads with active compile tasks:

VM state:at safepoint (normal execution)

VM Mutex/Monitor currently owned by a thread:  ([mutex/lock_event])
[0x00007f1024017bf0] Threads_lock - owner thread: 0x00007f1024256800

Heap address: 0x0000000706c00000, size: 3988 MB, Compressed Oops mode: Zero based, Oop shift amount: 3
Narrow klass base: 0x0000000800000000, Narrow klass shift: 0
Compressed class space size: 1073741824 Address: 0x0000000800000000

Heap:
 garbage-first heap   total 307200K, used 52434K [0x0000000706c00000, 0x0000000800000000)
  region size 1024K, 46 young (47104K), 4 survivors (4096K)
 Metaspace       used 26358K, capacity 27103K, committed 27520K, reserved 1073152K
  class space    used 3319K, capacity 3586K, committed 3712K, reserved 1048576K
Heap Regions: E=young(eden), S=young(survivor), O=old, HS=humongous(starts), HC=humongous(continues), CS=collection set, F=free, A=archive, TAMS=top-at-mark-start (previous, next)
|   0|0x0000000706c00000, 0x0000000706d00000, 0x0000000706d00000|100%|HS|  |TAMS 0x0000000706d00000, 0x0000000706c00000| Complete 
|   1|0x0000000706d00000, 0x0000000706e00000, 0x0000000706e00000|100%| O|  |TAMS 0x0000000706e00000, 0x0000000706d00000| Untracked 
|   2|0x0000000706e00000, 0x0000000706f00000, 0x0000000706f00000|100%| O|  |TAMS 0x0000000706f00000, 0x0000000706e00000| Untracked 
|   3|0x0000000706f00000, 0x0000000707000000, 0x0000000707000000|100%| O|  |TAMS 0x0000000707000000, 0x0000000706f00000| Untracked 
|   4|0x0000000707000000, 0x0000000707100000, 0x0000000707100000|100%| O|  |TAMS 0x0000000707100000, 0x0000000707000000| Untracked 
|   5|0x0000000707100000, 0x0000000707200000, 0x0000000707200000|100%| O|  |TAMS 0x0000000707200000, 0x0000000707100000| Untracked 
|   6|0x0000000707200000, 0x0000000707300000, 0x0000000707300000|100%| O|  |TAMS 0x0000000707300000, 0x0000000707200000| Untracked 
|   7|0x0000000707300000, 0x000000070739be00, 0x0000000707400000| 60%| O|  |TAMS 0x000000070739be00, 0x0000000707300000| Untracked 
|   8|0x0000000707400000, 0x0000000707400000, 0x0000000707500000|  0%| F|  |TAMS 0x0000000707400000, 0x0000000707400000| Untracked 
|   9|0x0000000707500000, 0x0000000707500000, 0x0000000707600000|  0%| F|  |TAMS 0x0000000707500000, 0x0000000707500000| Untracked 
|  10|0x0000000707600000, 0x0000000707600000, 0x0000000707700000|  0%| F|  |TAMS 0x0000000707600000, 0x0000000707600000| Untracked 
|  11|0x0000000707700000, 0x0000000707700000, 0x0000000707800000|  0%| F|  |TAMS 0x0000000707700000, 0x0000000707700000| Untracked 
|  12|0x0000000707800000, 0x0000000707800000, 0x0000000707900000|  0%| F|  |TAMS 0x0000000707800000, 0x0000000707800000| Untracked 
|  13|0x0000000707900000, 0x0000000707900000, 0x0000000707a00000|  0%| F|  |TAMS 0x0000000707900000, 0x0000000707900000| Untracked 
|  14|0x0000000707a00000, 0x0000000707a00000, 0x0000000707b00000|  0%| F|  |TAMS 0x0000000707a00000, 0x0000000707a00000| Untracked 
|  15|0x0000000707b00000, 0x0000000707b00000, 0x0000000707c00000|  0%| F|  |TAMS 0x0000000707b00000, 0x0000000707b00000| Untracked 
|  16|0x0000000707c00000, 0x0000000707c00000, 0x0000000707d00000|  0%| F|  |TAMS 0x0000000707c00000, 0x0000000707c00000| Untracked 
|  17|0x0000000707d00000, 0x0000000707d00000, 0x0000000707e00000|  0%| F|  |TAMS 0x0000000707d00000, 0x0000000707d00000| Untracked 
|  18|0x0000000707e00000, 0x0000000707e00000, 0x0000000707f00000|  0%| F|  |TAMS 0x0000000707e00000, 0x0000000707e00000| Untracked 
|  19|0x0000000707f00000, 0x0000000707f00000, 0x0000000708000000|  0%| F|  |TAMS 0x0000000707f00000, 0x0000000707f00000| Untracked 
|  20|0x0000000708000000, 0x0000000708000000, 0x0000000708100000|  0%| F|  |TAMS 0x0000000708000000, 0x0000000708000000| Untracked 
|  21|0x0000000708100000, 0x0000000708100000, 0x0000000708200000|  0%| F|  |TAMS 0x0000000708100000, 0x0000000708100000| Untracked 
|  22|0x0000000708200000, 0x0000000708200000, 0x0000000708300000|  0%| F|  |TAMS 0x0000000708200000, 0x0000000708200000| Untracked 
|  23|0x0000000708300000, 0x0000000708300000, 0x0000000708400000|  0%| F|  |TAMS 0x0000000708300000, 0x0000000708300000| Untracked 
|  24|0x0000000708400000, 0x0000000708400000, 0x0000000708500000|  0%| F|  |TAMS 0x0000000708400000, 0x0000000708400000| Untracked 
|  25|0x0000000708500000, 0x0000000708500000, 0x0000000708600000|  0%| F|  |TAMS 0x0000000708500000, 0x0000000708500000| Untracked 
|  26|0x0000000708600000, 0x0000000708600000, 0x0000000708700000|  0%| F|  |TAMS 0x0000000708600000, 0x0000000708600000| Untracked 
|  27|0x0000000708700000, 0x0000000708700000, 0x0000000708800000|  0%| F|  |TAMS 0x0000000708700000, 0x0000000708700000| Untracked 
|  28|0x0000000708800000, 0x0000000708800000, 0x0000000708900000|  0%| F|  |TAMS 0x0000000708800000, 0x0000000708800000| Untracked 
|  29|0x0000000708900000, 0x0000000708900000, 0x0000000708a00000|  0%| F|  |TAMS 0x0000000708900000, 0x0000000708900000| Untracked 
|  30|0x0000000708a00000, 0x0000000708a00000, 0x0000000708b00000|  0%| F|  |TAMS 0x0000000708a00000, 0x0000000708a00000| Untracked 
|  31|0x0000000708b00000, 0x0000000708b00000, 0x0000000708c00000|  0%| F|  |TAMS 0x0000000708b00000, 0x0000000708b00000| Untracked 
|  32|0x0000000708c00000, 0x0000000708c00000, 0x0000000708d00000|  0%| F|  |TAMS 0x0000000708c00000, 0x0000000708c00000| Untracked 
|  33|0x0000000708d00000, 0x0000000708d00000, 0x0000000708e00000|  0%| F|  |TAMS 0x0000000708d00000, 0x0000000708d00000| Untracked 
|  34|0x0000000708e00000, 0x0000000708e00000, 0x0000000708f00000|  0%| F|  |TAMS 0x0000000708e00000, 0x0000000708e00000| Untracked 
|  35|0x0000000708f00000, 0x0000000708f00000, 0x0000000709000000|  0%| F|  |TAMS 0x0000000708f00000, 0x0000000708f00000| Untracked 
|  36|0x0000000709000000, 0x0000000709000000, 0x0000000709100000|  0%| F|  |TAMS 0x0000000709000000, 0x0000000709000000| Untracked 
|  37|0x0000000709100000, 0x0000000709100000, 0x0000000709200000|  0%| F|  |TAMS 0x0000000709100000, 0x0000000709100000| Untracked 
|  38|0x0000000709200000, 0x0000000709200000, 0x0000000709300000|  0%| F|  |TAMS 0x0000000709200000, 0x0000000709200000| Untracked 
|  39|0x0000000709300000, 0x0000000709300000, 0x0000000709400000|  0%| F|  |TAMS 0x0000000709300000, 0x0000000709300000| Untracked 
|  40|0x0000000709400000, 0x0000000709400000, 0x0000000709500000|  0%| F|  |TAMS 0x0000000709400000, 0x0000000709400000| Untracked 
|  41|0x0000000709500000, 0x0000000709500000, 0x0000000709600000|  0%| F|  |TAMS 0x0000000709500000, 0x0000000709500000| Untracked 
|  42|0x0000000709600000, 0x0000000709600000, 0x0000000709700000|  0%| F|  |TAMS 0x0000000709600000, 0x0000000709600000| Untracked 
|  43|0x0000000709700000, 0x0000000709700000, 0x0000000709800000|  0%| F|  |TAMS 0x0000000709700000, 0x0000000709700000| Untracked 
|  44|0x0000000709800000, 0x0000000709800000, 0x0000000709900000|  0%| F|  |TAMS 0x0000000709800000, 0x0000000709800000| Untracked 
|  45|0x0000000709900000, 0x0000000709900000, 0x0000000709a00000|  0%| F|  |TAMS 0x0000000709900000, 0x0000000709900000| Untracked 
|  46|0x0000000709a00000, 0x0000000709a00000, 0x0000000709b00000|  0%| F|  |TAMS 0x0000000709a00000, 0x0000000709a00000| Untracked 
|  47|0x0000000709b00000, 0x0000000709b00000, 0x0000000709c00000|  0%| F|  |TAMS 0x0000000709b00000, 0x0000000709b00000| Untracked 
|  48|0x0000000709c00000, 0x0000000709c00000, 0x0000000709d00000|  0%| F|  |TAMS 0x0000000709c00000, 0x0000000709c00000| Untracked 
|  49|0x0000000709d00000, 0x0000000709d00000, 0x0000000709e00000|  0%| F|  |TAMS 0x0000000709d00000, 0x0000000709d00000| Untracked 
|  50|0x0000000709e00000, 0x0000000709e00000, 0x0000000709f00000|  0%| F|  |TAMS 0x0000000709e00000, 0x0000000709e00000| Untracked 
|  51|0x0000000709f00000, 0x0000000709f00000, 0x000000070a000000|  0%| F|  |TAMS 0x0000000709f00000, 0x0000000709f00000| Untracked 
|  52|0x000000070a000000, 0x000000070a000000, 0x000000070a100000|  0%| F|  |TAMS 0x000000070a000000, 0x000000070a000000| Untracked 
|  53|0x000000070a100000, 0x000000070a100000, 0x000000070a200000|  0%| F|  |TAMS 0x000000070a100000, 0x000000070a100000| Untracked 
|  54|0x000000070a200000, 0x000000070a200000, 0x000000070a300000|  0%| F|  |TAMS 0x000000070a200000, 0x000000070a200000| Untracked 
|  55|0x000000070a300000, 0x000000070a300000, 0x000000070a400000|  0%| F|  |TAMS 0x000000070a300000, 0x000000070a300000| Untracked 
|  56|0x000000070a400000, 0x000000070a400000, 0x000000070a500000|  0%| F|  |TAMS 0x000000070a400000, 0x000000070a400000| Untracked 
|  57|0x000000070a500000, 0x000000070a500000, 0x000000070a600000|  0%| F|  |TAMS 0x000000070a500000, 0x000000070a500000| Untracked 
|  58|0x000000070a600000, 0x000000070a600000, 0x000000070a700000|  0%| F|  |TAMS 0x000000070a600000, 0x000000070a600000| Untracked 
|  59|0x000000070a700000, 0x000000070a700000, 0x000000070a800000|  0%| F|  |TAMS 0x000000070a700000, 0x000000070a700000| Untracked 
|  60|0x000000070a800000, 0x000000070a800000, 0x000000070a900000|  0%| F|  |TAMS 0x000000070a800000, 0x000000070a800000| Untracked 
|  61|0x000000070a900000, 0x000000070a900000, 0x000000070aa00000|  0%| F|  |TAMS 0x000000070a900000, 0x000000070a900000| Untracked 
|  62|0x000000070aa00000, 0x000000070aa00000, 0x000000070ab00000|  0%| F|  |TAMS 0x000000070aa00000, 0x000000070aa00000| Untracked 
|  63|0x000000070ab00000, 0x000000070ab00000, 0x000000070ac00000|  0%| F|  |TAMS 0x000000070ab00000, 0x000000070ab00000| Untracked 
|  64|0x000000070ac00000, 0x000000070ac00000, 0x000000070ad00000|  0%| F|  |TAMS 0x000000070ac00000, 0x000000070ac00000| Untracked 
|  65|0x000000070ad00000, 0x000000070ad00000, 0x000000070ae00000|  0%| F|  |TAMS 0x000000070ad00000, 0x000000070ad00000| Untracked 
|  66|0x000000070ae00000, 0x000000070ae00000, 0x000000070af00000|  0%| F|  |TAMS 0x000000070ae00000, 0x000000070ae00000| Untracked 
|  67|0x000000070af00000, 0x000000070af00000, 0x000000070b000000|  0%| F|  |TAMS 0x000000070af00000, 0x000000070af00000| Untracked 
|  68|0x000000070b000000, 0x000000070b000000, 0x000000070b100000|  0%| F|  |TAMS 0x000000070b000000, 0x000000070b000000| Untracked 
|  69|0x000000070b100000, 0x000000070b100000, 0x000000070b200000|  0%| F|  |TAMS 0x000000070b100000, 0x000000070b100000| Untracked 
|  70|0x000000070b200000, 0x000000070b200000, 0x000000070b300000|  0%| F|  |TAMS 0x000000070b200000, 0x000000070b200000| Untracked 
|  71|0x000000070b300000, 0x000000070b300000, 0x000000070b400000|  0%| F|  |TAMS 0x000000070b300000, 0x000000070b300000| Untracked 
|  72|0x000000070b400000, 0x000000070b400000, 0x000000070b500000|  0%| F|  |TAMS 0x000000070b400000, 0x000000070b400000| Untracked 
|  73|0x000000070b500000, 0x000000070b500000, 0x000000070b600000|  0%| F|  |TAMS 0x000000070b500000, 0x000000070b500000| Untracked 
|  74|0x000000070b600000, 0x000000070b600000, 0x000000070b700000|  0%| F|  |TAMS 0x000000070b600000, 0x000000070b600000| Untracked 
|  75|0x000000070b700000, 0x000000070b700000, 0x000000070b800000|  0%| F|  |TAMS 0x000000070b700000, 0x000000070b700000| Untracked 
|  76|0x000000070b800000, 0x000000070b800000, 0x000000070b900000|  0%| F|  |TAMS 0x000000070b800000, 0x000000070b800000| Untracked 
|  77|0x000000070b900000, 0x000000070b900000, 0x000000070ba00000|  0%| F|  |TAMS 0x000000070b900000, 0x000000070b900000| Untracked 
|  78|0x000000070ba00000, 0x000000070ba00000, 0x000000070bb00000|  0%| F|  |TAMS 0x000000070ba00000, 0x000000070ba00000| Untracked 
|  79|0x000000070bb00000, 0x000000070bb00000, 0x000000070bc00000|  0%| F|  |TAMS 0x000000070bb00000, 0x000000070bb00000| Untracked 
|  80|0x000000070bc00000, 0x000000070bc00000, 0x000000070bd00000|  0%| F|  |TAMS 0x000000070bc00000, 0x000000070bc00000| Untracked 
|  81|0x000000070bd00000, 0x000000070bd00000, 0x000000070be00000|  0%| F|  |TAMS 0x000000070bd00000, 0x000000070bd00000| Untracked 
|  82|0x000000070be00000, 0x000000070be00000, 0x000000070bf00000|  0%| F|  |TAMS 0x000000070be00000, 0x000000070be00000| Untracked 
|  83|0x000000070bf00000, 0x000000070bf00000, 0x000000070c000000|  0%| F|  |TAMS 0x000000070bf00000, 0x000000070bf00000| Untracked 
|  84|0x000000070c000000, 0x000000070c000000, 0x000000070c100000|  0%| F|  |TAMS 0x000000070c000000, 0x000000070c000000| Untracked 
|  85|0x000000070c100000, 0x000000070c100000, 0x000000070c200000|  0%| F|  |TAMS 0x000000070c100000, 0x000000070c100000| Untracked 
|  86|0x000000070c200000, 0x000000070c200000, 0x000000070c300000|  0%| F|  |TAMS 0x000000070c200000, 0x000000070c200000| Untracked 
|  87|0x000000070c300000, 0x000000070c300000, 0x000000070c400000|  0%| F|  |TAMS 0x000000070c300000, 0x000000070c300000| Untracked 
|  88|0x000000070c400000, 0x000000070c400000, 0x000000070c500000|  0%| F|  |TAMS 0x000000070c400000, 0x000000070c400000| Untracked 
|  89|0x000000070c500000, 0x000000070c500000, 0x000000070c600000|  0%| F|  |TAMS 0x000000070c500000, 0x000000070c500000| Untracked 
|  90|0x000000070c600000, 0x000000070c600000, 0x000000070c700000|  0%| F|  |TAMS 0x000000070c600000, 0x000000070c600000| Untracked 
|  91|0x000000070c700000, 0x000000070c700000, 0x000000070c800000|  0%| F|  |TAMS 0x000000070c700000, 0x000000070c700000| Untracked 
|  92|0x000000070c800000, 0x000000070c800000, 0x000000070c900000|  0%| F|  |TAMS 0x000000070c800000, 0x000000070c800000| Untracked 
|  93|0x000000070c900000, 0x000000070c900000, 0x000000070ca00000|  0%| F|  |TAMS 0x000000070c900000, 0x000000070c900000| Untracked 
|  94|0x000000070ca00000, 0x000000070ca00000, 0x000000070cb00000|  0%| F|  |TAMS 0x000000070ca00000, 0x000000070ca00000| Untracked 
|  95|0x000000070cb00000, 0x000000070cb00000, 0x000000070cc00000|  0%| F|  |TAMS 0x000000070cb00000, 0x000000070cb00000| Untracked 
|  96|0x000000070cc00000, 0x000000070cc00000, 0x000000070cd00000|  0%| F|  |TAMS 0x000000070cc00000, 0x000000070cc00000| Untracked 
|  97|0x000000070cd00000, 0x000000070cd00000, 0x000000070ce00000|  0%| F|  |TAMS 0x000000070cd00000, 0x000000070cd00000| Untracked 
|  98|0x000000070ce00000, 0x000000070ce00000, 0x000000070cf00000|  0%| F|  |TAMS 0x000000070ce00000, 0x000000070ce00000| Untracked 
|  99|0x000000070cf00000, 0x000000070cf00000, 0x000000070d000000|  0%| F|  |TAMS 0x000000070cf00000, 0x000000070cf00000| Untracked 
| 100|0x000000070d000000, 0x000000070d000000, 0x000000070d100000|  0%| F|  |TAMS 0x000000070d000000, 0x000000070d000000| Untracked 
| 101|0x000000070d100000, 0x000000070d100000, 0x000000070d200000|  0%| F|  |TAMS 0x000000070d100000, 0x000000070d100000| Untracked 
| 102|0x000000070d200000, 0x000000070d200000, 0x000000070d300000|  0%| F|  |TAMS 0x000000070d200000, 0x000000070d200000| Untracked 
| 103|0x000000070d300000, 0x000000070d300000, 0x000000070d400000|  0%| F|  |TAMS 0x000000070d300000, 0x000000070d300000| Untracked 
| 104|0x000000070d400000, 0x000000070d400000, 0x000000070d500000|  0%| F|  |TAMS 0x000000070d400000, 0x000000070d400000| Untracked 
| 105|0x000000070d500000, 0x000000070d500000, 0x000000070d600000|  0%| F|  |TAMS 0x000000070d500000, 0x000000070d500000| Untracked 
| 106|0x000000070d600000, 0x000000070d600000, 0x000000070d700000|  0%| F|  |TAMS 0x000000070d600000, 0x000000070d600000| Untracked 
| 107|0x000000070d700000, 0x000000070d700000, 0x000000070d800000|  0%| F|  |TAMS 0x000000070d700000, 0x000000070d700000| Untracked 
| 108|0x000000070d800000, 0x000000070d800000, 0x000000070d900000|  0%| F|  |TAMS 0x000000070d800000, 0x000000070d800000| Untracked 
| 109|0x000000070d900000, 0x000000070d900000, 0x000000070da00000|  0%| F|  |TAMS 0x000000070d900000, 0x000000070d900000| Untracked 
| 110|0x000000070da00000, 0x000000070da00000, 0x000000070db00000|  0%| F|  |TAMS 0x000000070da00000, 0x000000070da00000| Untracked 
| 111|0x000000070db00000, 0x000000070db00000, 0x000000070dc00000|  0%| F|  |TAMS 0x000000070db00000, 0x000000070db00000| Untracked 
| 112|0x000000070dc00000, 0x000000070dc00000, 0x000000070dd00000|  0%| F|  |TAMS 0x000000070dc00000, 0x000000070dc00000| Untracked 
| 113|0x000000070dd00000, 0x000000070dd00000, 0x000000070de00000|  0%| F|  |TAMS 0x000000070dd00000, 0x000000070dd00000| Untracked 
| 114|0x000000070de00000, 0x000000070de00000, 0x000000070df00000|  0%| F|  |TAMS 0x000000070de00000, 0x000000070de00000| Untracked 
| 115|0x000000070df00000, 0x000000070df00000, 0x000000070e000000|  0%| F|  |TAMS 0x000000070df00000, 0x000000070df00000| Untracked 
| 116|0x000000070e000000, 0x000000070e000000, 0x000000070e100000|  0%| F|  |TAMS 0x000000070e000000, 0x000000070e000000| Untracked 
| 117|0x000000070e100000, 0x000000070e100000, 0x000000070e200000|  0%| F|  |TAMS 0x000000070e100000, 0x000000070e100000| Untracked 
| 118|0x000000070e200000, 0x000000070e200000, 0x000000070e300000|  0%| F|  |TAMS 0x000000070e200000, 0x000000070e200000| Untracked 
| 119|0x000000070e300000, 0x000000070e300000, 0x000000070e400000|  0%| F|  |TAMS 0x000000070e300000, 0x000000070e300000| Untracked 
| 120|0x000000070e400000, 0x000000070e400000, 0x000000070e500000|  0%| F|  |TAMS 0x000000070e400000, 0x000000070e400000| Untracked 
| 121|0x000000070e500000, 0x000000070e500000, 0x000000070e600000|  0%| F|  |TAMS 0x000000070e500000, 0x000000070e500000| Untracked 
| 122|0x000000070e600000, 0x000000070e600000, 0x000000070e700000|  0%| F|  |TAMS 0x000000070e600000, 0x000000070e600000| Untracked 
| 123|0x000000070e700000, 0x000000070e700000, 0x000000070e800000|  0%| F|  |TAMS 0x000000070e700000, 0x000000070e700000| Untracked 
| 124|0x000000070e800000, 0x000000070e800000, 0x000000070e900000|  0%| F|  |TAMS 0x000000070e800000, 0x000000070e800000| Untracked 
| 125|0x000000070e900000, 0x000000070e900000, 0x000000070ea00000|  0%| F|  |TAMS 0x000000070e900000, 0x000000070e900000| Untracked 
| 126|0x000000070ea00000, 0x000000070ea00000, 0x000000070eb00000|  0%| F|  |TAMS 0x000000070ea00000, 0x000000070ea00000| Untracked 
| 127|0x000000070eb00000, 0x000000070eb00000, 0x000000070ec00000|  0%| F|  |TAMS 0x000000070eb00000, 0x000000070eb00000| Untracked 
| 128|0x000000070ec00000, 0x000000070ec00000, 0x000000070ed00000|  0%| F|  |TAMS 0x000000070ec00000, 0x000000070ec00000| Untracked 
| 129|0x000000070ed00000, 0x000000070ed00000, 0x000000070ee00000|  0%| F|  |TAMS 0x000000070ed00000, 0x000000070ed00000| Untracked 
| 130|0x000000070ee00000, 0x000000070ee00000, 0x000000070ef00000|  0%| F|  |TAMS 0x000000070ee00000, 0x000000070ee00000| Untracked 
| 131|0x000000070ef00000, 0x000000070ef00000, 0x000000070f000000|  0%| F|  |TAMS 0x000000070ef00000, 0x000000070ef00000| Untracked 
| 132|0x000000070f000000, 0x000000070f000000, 0x000000070f100000|  0%| F|  |TAMS 0x000000070f000000, 0x000000070f000000| Untracked 
| 133|0x000000070f100000, 0x000000070f100000, 0x000000070f200000|  0%| F|  |TAMS 0x000000070f100000, 0x000000070f100000| Untracked 
| 134|0x000000070f200000, 0x000000070f200000, 0x000000070f300000|  0%| F|  |TAMS 0x000000070f200000, 0x000000070f200000| Untracked 
| 135|0x000000070f300000, 0x000000070f300000, 0x000000070f400000|  0%| F|  |TAMS 0x000000070f300000, 0x000000070f300000| Untracked 
| 136|0x000000070f400000, 0x000000070f400000, 0x000000070f500000|  0%| F|  |TAMS 0x000000070f400000, 0x000000070f400000| Untracked 
| 137|0x000000070f500000, 0x000000070f500000, 0x000000070f600000|  0%| F|  |TAMS 0x000000070f500000, 0x000000070f500000| Untracked 
| 138|0x000000070f600000, 0x000000070f600000, 0x000000070f700000|  0%| F|  |TAMS 0x000000070f600000, 0x000000070f600000| Untracked 
| 139|0x000000070f700000, 0x000000070f700000, 0x000000070f800000|  0%| F|  |TAMS 0x000000070f700000, 0x000000070f700000| Untracked 
| 140|0x000000070f800000, 0x000000070f800000, 0x000000070f900000|  0%| F|  |TAMS 0x000000070f800000, 0x000000070f800000| Untracked 
| 141|0x000000070f900000, 0x000000070f900000, 0x000000070fa00000|  0%| F|  |TAMS 0x000000070f900000, 0x000000070f900000| Untracked 
| 142|0x000000070fa00000, 0x000000070fa00000, 0x000000070fb00000|  0%| F|  |TAMS 0x000000070fa00000, 0x000000070fa00000| Untracked 
| 143|0x000000070fb00000, 0x000000070fb00000, 0x000000070fc00000|  0%| F|  |TAMS 0x000000070fb00000, 0x000000070fb00000| Untracked 
| 144|0x000000070fc00000, 0x000000070fc00000, 0x000000070fd00000|  0%| F|  |TAMS 0x000000070fc00000, 0x000000070fc00000| Untracked 
| 145|0x000000070fd00000, 0x000000070fd00000, 0x000000070fe00000|  0%| F|  |TAMS 0x000000070fd00000, 0x000000070fd00000| Untracked 
| 146|0x000000070fe00000, 0x000000070fe00000, 0x000000070ff00000|  0%| F|  |TAMS 0x000000070fe00000, 0x000000070fe00000| Untracked 
| 147|0x000000070ff00000, 0x000000070ff00000, 0x0000000710000000|  0%| F|  |TAMS 0x000000070ff00000, 0x000000070ff00000| Untracked 
| 148|0x0000000710000000, 0x0000000710000000, 0x0000000710100000|  0%| F|  |TAMS 0x0000000710000000, 0x0000000710000000| Untracked 
| 149|0x0000000710100000, 0x0000000710100000, 0x0000000710200000|  0%| F|  |TAMS 0x0000000710100000, 0x0000000710100000| Untracked 
| 150|0x0000000710200000, 0x0000000710200000, 0x0000000710300000|  0%| F|  |TAMS 0x0000000710200000, 0x0000000710200000| Untracked 
| 151|0x0000000710300000, 0x0000000710300000, 0x0000000710400000|  0%| F|  |TAMS 0x0000000710300000, 0x0000000710300000| Untracked 
| 152|0x0000000710400000, 0x0000000710400000, 0x0000000710500000|  0%| F|  |TAMS 0x0000000710400000, 0x0000000710400000| Untracked 
| 153|0x0000000710500000, 0x0000000710500000, 0x0000000710600000|  0%| F|  |TAMS 0x0000000710500000, 0x0000000710500000| Untracked 
| 154|0x0000000710600000, 0x0000000710600000, 0x0000000710700000|  0%| F|  |TAMS 0x0000000710600000, 0x0000000710600000| Untracked 
| 155|0x0000000710700000, 0x0000000710700000, 0x0000000710800000|  0%| F|  |TAMS 0x0000000710700000, 0x0000000710700000| Untracked 
| 156|0x0000000710800000, 0x0000000710800000, 0x0000000710900000|  0%| F|  |TAMS 0x0000000710800000, 0x0000000710800000| Untracked 
| 157|0x0000000710900000, 0x0000000710900000, 0x0000000710a00000|  0%| F|  |TAMS 0x0000000710900000, 0x0000000710900000| Untracked 
| 158|0x0000000710a00000, 0x0000000710a00000, 0x0000000710b00000|  0%| F|  |TAMS 0x0000000710a00000, 0x0000000710a00000| Untracked 
| 159|0x0000000710b00000, 0x0000000710b00000, 0x0000000710c00000|  0%| F|  |TAMS 0x0000000710b00000, 0x0000000710b00000| Untracked 
| 160|0x0000000710c00000, 0x0000000710c00000, 0x0000000710d00000|  0%| F|  |TAMS 0x0000000710c00000, 0x0000000710c00000| Untracked 
| 161|0x0000000710d00000, 0x0000000710d00000, 0x0000000710e00000|  0%| F|  |TAMS 0x0000000710d00000, 0x0000000710d00000| Untracked 
| 162|0x0000000710e00000, 0x0000000710e00000, 0x0000000710f00000|  0%| F|  |TAMS 0x0000000710e00000, 0x0000000710e00000| Untracked 
| 163|0x0000000710f00000, 0x0000000710f00000, 0x0000000711000000|  0%| F|  |TAMS 0x0000000710f00000, 0x0000000710f00000| Untracked 
| 164|0x0000000711000000, 0x0000000711000000, 0x0000000711100000|  0%| F|  |TAMS 0x0000000711000000, 0x0000000711000000| Untracked 
| 165|0x0000000711100000, 0x0000000711198b80, 0x0000000711200000| 59%| S|CS|TAMS 0x0000000711100000, 0x0000000711100000| Complete 
| 166|0x0000000711200000, 0x0000000711300000, 0x0000000711300000|100%| S|CS|TAMS 0x0000000711200000, 0x0000000711200000| Complete 
| 167|0x0000000711300000, 0x0000000711400000, 0x0000000711400000|100%| S|CS|TAMS 0x0000000711300000, 0x0000000711300000| Complete 
| 168|0x0000000711400000, 0x0000000711500000, 0x0000000711500000|100%| S|CS|TAMS 0x0000000711400000, 0x0000000711400000| Complete 
| 169|0x0000000711500000, 0x0000000711500000, 0x0000000711600000|  0%| F|  |TAMS 0x0000000711500000, 0x0000000711500000| Untracked 
| 170|0x0000000711600000, 0x0000000711600000, 0x0000000711700000|  0%| F|  |TAMS 0x0000000711600000, 0x0000000711600000| Untracked 
| 171|0x0000000711700000, 0x0000000711700000, 0x0000000711800000|  0%| F|  |TAMS 0x0000000711700000, 0x0000000711700000| Untracked 
| 172|0x0000000711800000, 0x0000000711800000, 0x0000000711900000|  0%| F|  |TAMS 0x0000000711800000, 0x0000000711800000| Untracked 
| 173|0x0000000711900000, 0x0000000711900000, 0x0000000711a00000|  0%| F|  |TAMS 0x0000000711900000, 0x0000000711900000| Untracked 
| 174|0x0000000711a00000, 0x0000000711a00000, 0x0000000711b00000|  0%| F|  |TAMS 0x0000000711a00000, 0x0000000711a00000| Untracked 
| 175|0x0000000711b00000, 0x0000000711b00000, 0x0000000711c00000|  0%| F|  |TAMS 0x0000000711b00000, 0x0000000711b00000| Untracked 
| 176|0x0000000711c00000, 0x0000000711c00000, 0x0000000711d00000|  0%| F|  |TAMS 0x0000000711c00000, 0x0000000711c00000| Untracked 
| 177|0x0000000711d00000, 0x0000000711d00000, 0x0000000711e00000|  0%| F|  |TAMS 0x0000000711d00000, 0x0000000711d00000| Untracked 
| 178|0x0000000711e00000, 0x0000000711e00000, 0x0000000711f00000|  0%| F|  |TAMS 0x0000000711e00000, 0x0000000711e00000| Untracked 
| 179|0x0000000711f00000, 0x0000000711f00000, 0x0000000712000000|  0%| F|  |TAMS 0x0000000711f00000, 0x0000000711f00000| Untracked 
| 180|0x0000000712000000, 0x0000000712000000, 0x0000000712100000|  0%| F|  |TAMS 0x0000000712000000, 0x0000000712000000| Untracked 
| 181|0x0000000712100000, 0x0000000712100000, 0x0000000712200000|  0%| F|  |TAMS 0x0000000712100000, 0x0000000712100000| Untracked 
| 182|0x0000000712200000, 0x0000000712200000, 0x0000000712300000|  0%| F|  |TAMS 0x0000000712200000, 0x0000000712200000| Untracked 
| 183|0x0000000712300000, 0x0000000712300000, 0x0000000712400000|  0%| F|  |TAMS 0x0000000712300000, 0x0000000712300000| Untracked 
| 184|0x0000000712400000, 0x0000000712400000, 0x0000000712500000|  0%| F|  |TAMS 0x0000000712400000, 0x0000000712400000| Untracked 
| 185|0x0000000712500000, 0x0000000712500000, 0x0000000712600000|  0%| F|  |TAMS 0x0000000712500000, 0x0000000712500000| Untracked 
| 186|0x0000000712600000, 0x0000000712600000, 0x0000000712700000|  0%| F|  |TAMS 0x0000000712600000, 0x0000000712600000| Untracked 
| 187|0x0000000712700000, 0x0000000712700000, 0x0000000712800000|  0%| F|  |TAMS 0x0000000712700000, 0x0000000712700000| Untracked 
| 188|0x0000000712800000, 0x0000000712800000, 0x0000000712900000|  0%| F|  |TAMS 0x0000000712800000, 0x0000000712800000| Untracked 
| 189|0x0000000712900000, 0x0000000712900000, 0x0000000712a00000|  0%| F|  |TAMS 0x0000000712900000, 0x0000000712900000| Untracked 
| 190|0x0000000712a00000, 0x0000000712a00000, 0x0000000712b00000|  0%| F|  |TAMS 0x0000000712a00000, 0x0000000712a00000| Untracked 
| 191|0x0000000712b00000, 0x0000000712b00000, 0x0000000712c00000|  0%| F|  |TAMS 0x0000000712b00000, 0x0000000712b00000| Untracked 
| 192|0x0000000712c00000, 0x0000000712c00000, 0x0000000712d00000|  0%| F|  |TAMS 0x0000000712c00000, 0x0000000712c00000| Untracked 
| 193|0x0000000712d00000, 0x0000000712d00000, 0x0000000712e00000|  0%| F|  |TAMS 0x0000000712d00000, 0x0000000712d00000| Untracked 
| 194|0x0000000712e00000, 0x0000000712e00000, 0x0000000712f00000|  0%| F|  |TAMS 0x0000000712e00000, 0x0000000712e00000| Untracked 
| 195|0x0000000712f00000, 0x0000000712f00000, 0x0000000713000000|  0%| F|  |TAMS 0x0000000712f00000, 0x0000000712f00000| Untracked 
| 196|0x0000000713000000, 0x0000000713000000, 0x0000000713100000|  0%| F|  |TAMS 0x0000000713000000, 0x0000000713000000| Untracked 
| 197|0x0000000713100000, 0x0000000713100000, 0x0000000713200000|  0%| F|  |TAMS 0x0000000713100000, 0x0000000713100000| Untracked 
| 198|0x0000000713200000, 0x0000000713200000, 0x0000000713300000|  0%| F|  |TAMS 0x0000000713200000, 0x0000000713200000| Untracked 
| 199|0x0000000713300000, 0x0000000713300000, 0x0000000713400000|  0%| F|  |TAMS 0x0000000713300000, 0x0000000713300000| Untracked 
| 200|0x0000000713400000, 0x0000000713400000, 0x0000000713500000|  0%| F|  |TAMS 0x0000000713400000, 0x0000000713400000| Untracked 
| 201|0x0000000713500000, 0x0000000713500000, 0x0000000713600000|  0%| F|  |TAMS 0x0000000713500000, 0x0000000713500000| Untracked 
| 202|0x0000000713600000, 0x0000000713600000, 0x0000000713700000|  0%| F|  |TAMS 0x0000000713600000, 0x0000000713600000| Untracked 
| 203|0x0000000713700000, 0x0000000713700000, 0x0000000713800000|  0%| F|  |TAMS 0x0000000713700000, 0x0000000713700000| Untracked 
| 204|0x0000000713800000, 0x0000000713800000, 0x0000000713900000|  0%| F|  |TAMS 0x0000000713800000, 0x0000000713800000| Untracked 
| 205|0x0000000713900000, 0x0000000713900000, 0x0000000713a00000|  0%| F|  |TAMS 0x0000000713900000, 0x0000000713900000| Untracked 
| 206|0x0000000713a00000, 0x0000000713a00000, 0x0000000713b00000|  0%| F|  |TAMS 0x0000000713a00000, 0x0000000713a00000| Untracked 
| 207|0x0000000713b00000, 0x0000000713b00000, 0x0000000713c00000|  0%| F|  |TAMS 0x0000000713b00000, 0x0000000713b00000| Untracked 
| 208|0x0000000713c00000, 0x0000000713c00000, 0x0000000713d00000|  0%| F|  |TAMS 0x0000000713c00000, 0x0000000713c00000| Untracked 
| 209|0x0000000713d00000, 0x0000000713d00000, 0x0000000713e00000|  0%| F|  |TAMS 0x0000000713d00000, 0x0000000713d00000| Untracked 
| 210|0x0000000713e00000, 0x0000000713e00000, 0x0000000713f00000|  0%| F|  |TAMS 0x0000000713e00000, 0x0000000713e00000| Untracked 
| 211|0x0000000713f00000, 0x0000000713f00000, 0x0000000714000000|  0%| F|  |TAMS 0x0000000713f00000, 0x0000000713f00000| Untracked 
| 212|0x0000000714000000, 0x0000000714000000, 0x0000000714100000|  0%| F|  |TAMS 0x0000000714000000, 0x0000000714000000| Untracked 
| 213|0x0000000714100000, 0x0000000714100000, 0x0000000714200000|  0%| F|  |TAMS 0x0000000714100000, 0x0000000714100000| Untracked 
| 214|0x0000000714200000, 0x0000000714200000, 0x0000000714300000|  0%| F|  |TAMS 0x0000000714200000, 0x0000000714200000| Untracked 
| 215|0x0000000714300000, 0x0000000714300000, 0x0000000714400000|  0%| F|  |TAMS 0x0000000714300000, 0x0000000714300000| Untracked 
| 216|0x0000000714400000, 0x0000000714400000, 0x0000000714500000|  0%| F|  |TAMS 0x0000000714400000, 0x0000000714400000| Untracked 
| 217|0x0000000714500000, 0x0000000714500000, 0x0000000714600000|  0%| F|  |TAMS 0x0000000714500000, 0x0000000714500000| Untracked 
| 218|0x0000000714600000, 0x0000000714600000, 0x0000000714700000|  0%| F|  |TAMS 0x0000000714600000, 0x0000000714600000| Untracked 
| 219|0x0000000714700000, 0x0000000714700000, 0x0000000714800000|  0%| F|  |TAMS 0x0000000714700000, 0x0000000714700000| Untracked 
| 220|0x0000000714800000, 0x0000000714800000, 0x0000000714900000|  0%| F|  |TAMS 0x0000000714800000, 0x0000000714800000| Untracked 
| 221|0x0000000714900000, 0x0000000714900000, 0x0000000714a00000|  0%| F|  |TAMS 0x0000000714900000, 0x0000000714900000| Untracked 
| 222|0x0000000714a00000, 0x0000000714a00000, 0x0000000714b00000|  0%| F|  |TAMS 0x0000000714a00000, 0x0000000714a00000| Untracked 
| 223|0x0000000714b00000, 0x0000000714b00000, 0x0000000714c00000|  0%| F|  |TAMS 0x0000000714b00000, 0x0000000714b00000| Untracked 
| 224|0x0000000714c00000, 0x0000000714c00000, 0x0000000714d00000|  0%| F|  |TAMS 0x0000000714c00000, 0x0000000714c00000| Untracked 
| 225|0x0000000714d00000, 0x0000000714d00000, 0x0000000714e00000|  0%| F|  |TAMS 0x0000000714d00000, 0x0000000714d00000| Untracked 
| 226|0x0000000714e00000, 0x0000000714e00000, 0x0000000714f00000|  0%| F|  |TAMS 0x0000000714e00000, 0x0000000714e00000| Untracked 
| 227|0x0000000714f00000, 0x0000000714f00000, 0x0000000715000000|  0%| F|  |TAMS 0x0000000714f00000, 0x0000000714f00000| Untracked 
| 228|0x0000000715000000, 0x0000000715000000, 0x0000000715100000|  0%| F|  |TAMS 0x0000000715000000, 0x0000000715000000| Untracked 
| 229|0x0000000715100000, 0x0000000715100000, 0x0000000715200000|  0%| F|  |TAMS 0x0000000715100000, 0x0000000715100000| Untracked 
| 230|0x0000000715200000, 0x0000000715200000, 0x0000000715300000|  0%| F|  |TAMS 0x0000000715200000, 0x0000000715200000| Untracked 
| 231|0x0000000715300000, 0x0000000715300000, 0x0000000715400000|  0%| F|  |TAMS 0x0000000715300000, 0x0000000715300000| Untracked 
| 232|0x0000000715400000, 0x0000000715400000, 0x0000000715500000|  0%| F|  |TAMS 0x0000000715400000, 0x0000000715400000| Untracked 
| 233|0x0000000715500000, 0x0000000715500000, 0x0000000715600000|  0%| F|  |TAMS 0x0000000715500000, 0x0000000715500000| Untracked 
| 234|0x0000000715600000, 0x0000000715600000, 0x0000000715700000|  0%| F|  |TAMS 0x0000000715600000, 0x0000000715600000| Untracked 
| 235|0x0000000715700000, 0x0000000715700000, 0x0000000715800000|  0%| F|  |TAMS 0x0000000715700000, 0x0000000715700000| Untracked 
| 236|0x0000000715800000, 0x0000000715800000, 0x0000000715900000|  0%| F|  |TAMS 0x0000000715800000, 0x0000000715800000| Untracked 
| 237|0x0000000715900000, 0x0000000715900000, 0x0000000715a00000|  0%| F|  |TAMS 0x0000000715900000, 0x0000000715900000| Untracked 
| 238|0x0000000715a00000, 0x0000000715a00000, 0x0000000715b00000|  0%| F|  |TAMS 0x0000000715a00000, 0x0000000715a00000| Untracked 
| 239|0x0000000715b00000, 0x0000000715b00000, 0x0000000715c00000|  0%| F|  |TAMS 0x0000000715b00000, 0x0000000715b00000| Untracked 
| 240|0x0000000715c00000, 0x0000000715c00000, 0x0000000715d00000|  0%| F|  |TAMS 0x0000000715c00000, 0x0000000715c00000| Untracked 
| 241|0x0000000715d00000, 0x0000000715d00000, 0x0000000715e00000|  0%| F|  |TAMS 0x0000000715d00000, 0x0000000715d00000| Untracked 
| 242|0x0000000715e00000, 0x0000000715e00000, 0x0000000715f00000|  0%| F|  |TAMS 0x0000000715e00000, 0x0000000715e00000| Untracked 
| 243|0x0000000715f00000, 0x0000000715f00000, 0x0000000716000000|  0%| F|  |TAMS 0x0000000715f00000, 0x0000000715f00000| Untracked 
| 244|0x0000000716000000, 0x0000000716000000, 0x0000000716100000|  0%| F|  |TAMS 0x0000000716000000, 0x0000000716000000| Untracked 
| 245|0x0000000716100000, 0x0000000716100000, 0x0000000716200000|  0%| F|  |TAMS 0x0000000716100000, 0x0000000716100000| Untracked 
| 246|0x0000000716200000, 0x0000000716200000, 0x0000000716300000|  0%| F|  |TAMS 0x0000000716200000, 0x0000000716200000| Untracked 
| 247|0x0000000716300000, 0x0000000716300000, 0x0000000716400000|  0%| F|  |TAMS 0x0000000716300000, 0x0000000716300000| Untracked 
| 248|0x0000000716400000, 0x0000000716400000, 0x0000000716500000|  0%| F|  |TAMS 0x0000000716400000, 0x0000000716400000| Untracked 
| 249|0x0000000716500000, 0x0000000716500000, 0x0000000716600000|  0%| F|  |TAMS 0x0000000716500000, 0x0000000716500000| Untracked 
| 250|0x0000000716600000, 0x0000000716600000, 0x0000000716700000|  0%| F|  |TAMS 0x0000000716600000, 0x0000000716600000| Untracked 
| 251|0x0000000716700000, 0x0000000716700000, 0x0000000716800000|  0%| F|  |TAMS 0x0000000716700000, 0x0000000716700000| Untracked 
| 252|0x0000000716800000, 0x0000000716800000, 0x0000000716900000|  0%| F|  |TAMS 0x0000000716800000, 0x0000000716800000| Untracked 
| 253|0x0000000716900000, 0x0000000716900000, 0x0000000716a00000|  0%| F|  |TAMS 0x0000000716900000, 0x0000000716900000| Untracked 
| 254|0x0000000716a00000, 0x0000000716a00000, 0x0000000716b00000|  0%| F|  |TAMS 0x0000000716a00000, 0x0000000716a00000| Untracked 
| 255|0x0000000716b00000, 0x0000000716b00000, 0x0000000716c00000|  0%| F|  |TAMS 0x0000000716b00000, 0x0000000716b00000| Untracked 
| 256|0x0000000716c00000, 0x0000000716c00000, 0x0000000716d00000|  0%| F|  |TAMS 0x0000000716c00000, 0x0000000716c00000| Untracked 
| 257|0x0000000716d00000, 0x0000000716d00000, 0x0000000716e00000|  0%| F|  |TAMS 0x0000000716d00000, 0x0000000716d00000| Untracked 
| 258|0x0000000716e00000, 0x0000000716e80800, 0x0000000716f00000| 50%| E|  |TAMS 0x0000000716e00000, 0x0000000716e00000| Complete 
| 259|0x0000000716f00000, 0x0000000717000000, 0x0000000717000000|100%| E|CS|TAMS 0x0000000716f00000, 0x0000000716f00000| Complete 
| 260|0x0000000717000000, 0x0000000717100000, 0x0000000717100000|100%| E|CS|TAMS 0x0000000717000000, 0x0000000717000000| Complete 
| 261|0x0000000717100000, 0x0000000717200000, 0x0000000717200000|100%| E|CS|TAMS 0x0000000717100000, 0x0000000717100000| Complete 
| 262|0x0000000717200000, 0x0000000717300000, 0x0000000717300000|100%| E|CS|TAMS 0x0000000717200000, 0x0000000717200000| Complete 
| 263|0x0000000717300000, 0x0000000717400000, 0x0000000717400000|100%| E|CS|TAMS 0x0000000717300000, 0x0000000717300000| Complete 
| 264|0x0000000717400000, 0x0000000717500000, 0x0000000717500000|100%| E|CS|TAMS 0x0000000717400000, 0x0000000717400000| Complete 
| 265|0x0000000717500000, 0x0000000717600000, 0x0000000717600000|100%| E|CS|TAMS 0x0000000717500000, 0x0000000717500000| Complete 
| 266|0x0000000717600000, 0x0000000717700000, 0x0000000717700000|100%| E|CS|TAMS 0x0000000717600000, 0x0000000717600000| Complete 
| 267|0x0000000717700000, 0x0000000717800000, 0x0000000717800000|100%| E|CS|TAMS 0x0000000717700000, 0x0000000717700000| Complete 
| 268|0x0000000717800000, 0x0000000717900000, 0x0000000717900000|100%| E|CS|TAMS 0x0000000717800000, 0x0000000717800000| Complete 
| 269|0x0000000717900000, 0x0000000717a00000, 0x0000000717a00000|100%| E|CS|TAMS 0x0000000717900000, 0x0000000717900000| Complete 
| 270|0x0000000717a00000, 0x0000000717b00000, 0x0000000717b00000|100%| E|CS|TAMS 0x0000000717a00000, 0x0000000717a00000| Complete 
| 271|0x0000000717b00000, 0x0000000717c00000, 0x0000000717c00000|100%| E|CS|TAMS 0x0000000717b00000, 0x0000000717b00000| Complete 
| 272|0x0000000717c00000, 0x0000000717d00000, 0x0000000717d00000|100%| E|  |TAMS 0x0000000717c00000, 0x0000000717c00000| Complete 
| 273|0x0000000717d00000, 0x0000000717e00000, 0x0000000717e00000|100%| E|CS|TAMS 0x0000000717d00000, 0x0000000717d00000| Complete 
| 274|0x0000000717e00000, 0x0000000717f00000, 0x0000000717f00000|100%| E|CS|TAMS 0x0000000717e00000, 0x0000000717e00000| Complete 
| 275|0x0000000717f00000, 0x0000000718000000, 0x0000000718000000|100%| E|CS|TAMS 0x0000000717f00000, 0x0000000717f00000| Complete 
| 276|0x0000000718000000, 0x0000000718100000, 0x0000000718100000|100%| E|CS|TAMS 0x0000000718000000, 0x0000000718000000| Complete 
| 277|0x0000000718100000, 0x0000000718200000, 0x0000000718200000|100%| E|CS|TAMS 0x0000000718100000, 0x0000000718100000| Complete 
| 278|0x0000000718200000, 0x0000000718300000, 0x0000000718300000|100%| E|CS|TAMS 0x0000000718200000, 0x0000000718200000| Complete 
| 279|0x0000000718300000, 0x0000000718400000, 0x0000000718400000|100%| E|CS|TAMS 0x0000000718300000, 0x0000000718300000| Complete 
| 280|0x0000000718400000, 0x0000000718500000, 0x0000000718500000|100%| E|CS|TAMS 0x0000000718400000, 0x0000000718400000| Complete 
| 281|0x0000000718500000, 0x0000000718600000, 0x0000000718600000|100%| E|CS|TAMS 0x0000000718500000, 0x0000000718500000| Complete 
| 282|0x0000000718600000, 0x0000000718700000, 0x0000000718700000|100%| E|CS|TAMS 0x0000000718600000, 0x0000000718600000| Complete 
| 283|0x0000000718700000, 0x0000000718800000, 0x0000000718800000|100%| E|CS|TAMS 0x0000000718700000, 0x0000000718700000| Complete 
| 284|0x0000000718800000, 0x0000000718900000, 0x0000000718900000|100%| E|CS|TAMS 0x0000000718800000, 0x0000000718800000| Complete 
| 285|0x0000000718900000, 0x0000000718a00000, 0x0000000718a00000|100%| E|CS|TAMS 0x0000000718900000, 0x0000000718900000| Complete 
| 286|0x0000000718a00000, 0x0000000718b00000, 0x0000000718b00000|100%| E|CS|TAMS 0x0000000718a00000, 0x0000000718a00000| Complete 
| 287|0x0000000718b00000, 0x0000000718c00000, 0x0000000718c00000|100%| E|CS|TAMS 0x0000000718b00000, 0x0000000718b00000| Complete 
| 288|0x0000000718c00000, 0x0000000718d00000, 0x0000000718d00000|100%| E|CS|TAMS 0x0000000718c00000, 0x0000000718c00000| Complete 
| 289|0x0000000718d00000, 0x0000000718e00000, 0x0000000718e00000|100%| E|CS|TAMS 0x0000000718d00000, 0x0000000718d00000| Complete 
| 290|0x0000000718e00000, 0x0000000718f00000, 0x0000000718f00000|100%| E|CS|TAMS 0x0000000718e00000, 0x0000000718e00000| Complete 
| 291|0x0000000718f00000, 0x0000000719000000, 0x0000000719000000|100%| E|CS|TAMS 0x0000000718f00000, 0x0000000718f00000| Complete 
| 292|0x0000000719000000, 0x0000000719100000, 0x0000000719100000|100%| E|CS|TAMS 0x0000000719000000, 0x0000000719000000| Complete 
| 293|0x0000000719100000, 0x0000000719200000, 0x0000000719200000|100%| E|CS|TAMS 0x0000000719100000, 0x0000000719100000| Complete 
| 294|0x0000000719200000, 0x0000000719300000, 0x0000000719300000|100%| E|CS|TAMS 0x0000000719200000, 0x0000000719200000| Complete 
| 295|0x0000000719300000, 0x0000000719400000, 0x0000000719400000|100%| E|CS|TAMS 0x0000000719300000, 0x0000000719300000| Complete 
| 296|0x0000000719400000, 0x0000000719500000, 0x0000000719500000|100%| E|CS|TAMS 0x0000000719400000, 0x0000000719400000| Complete 
| 297|0x0000000719500000, 0x0000000719600000, 0x0000000719600000|100%| E|CS|TAMS 0x0000000719500000, 0x0000000719500000| Complete 
| 298|0x0000000719600000, 0x0000000719700000, 0x0000000719700000|100%| E|CS|TAMS 0x0000000719600000, 0x0000000719600000| Complete 
| 299|0x0000000719700000, 0x0000000719800000, 0x0000000719800000|100%| E|CS|TAMS 0x0000000719700000, 0x0000000719700000| Complete 

Card table byte_map: [0x00007f1007836000,0x00007f1008000000] _byte_map_base: 0x00007f1004000000

Marking Bits (Prev, Next): (CMBitMap*) 0x00007f1024080ad0, (CMBitMap*) 0x00007f1024080a98
 Prev Bits: [0x00007f0fff3cc000, 0x00007f100321c000)
 Next Bits: [0x00007f100321c000, 0x00007f100706c000)

Polling page: 0x00007f102a3df000

Metaspace:

Usage:
  Non-class:     22,97 MB capacity,    22,50 MB ( 98%) used,   400,12 KB (  2%) free+waste,    78,19 KB ( <1%) overhead. 
      Class:      3,50 MB capacity,     3,24 MB ( 93%) used,   229,51 KB (  6%) free+waste,    36,75 KB (  1%) overhead. 
       Both:     26,47 MB capacity,    25,74 MB ( 97%) used,   629,63 KB (  2%) free+waste,   114,94 KB ( <1%) overhead. 

Virtual space:
  Non-class space:       24,00 MB reserved,      23,25 MB ( 97%) committed 
      Class space:        1,00 GB reserved,       3,62 MB ( <1%) committed 
             Both:        1,02 GB reserved,      26,88 MB (  3%) committed 

Chunk freelists:
   Non-Class:  79,00 KB
       Class:  30,00 KB
        Both:  109,00 KB

MaxMetaspaceSize: unlimited
CompressedClassSpaceSize: 1,00 GB

CodeHeap 'non-profiled nmethods': size=120032Kb used=1171Kb max_used=1171Kb free=118860Kb
 bounds [0x00007f1014361000, 0x00007f10145d1000, 0x00007f101b899000]
CodeHeap 'profiled nmethods': size=120032Kb used=4479Kb max_used=4479Kb free=115552Kb
 bounds [0x00007f100ce29000, 0x00007f100d289000, 0x00007f1014361000]
CodeHeap 'non-nmethods': size=5696Kb used=1175Kb max_used=1247Kb free=4520Kb
 bounds [0x00007f100c899000, 0x00007f100cb09000, 0x00007f100ce29000]
 total_blobs=2585 nmethods=2150 adapters=355
 compilation: enabled
              stopped_count=0, restarted_count=0
 full_count=0

Compilation events (20 events):
Event: 1,585 Thread 0x00007f1024279800 nmethod 1847 0x00007f101446e490 code [0x00007f101446e620, 0x00007f101446eef8]
Event: 1,585 Thread 0x00007f1024279800 1873       4       java.util.ArrayList$Itr::hasNext (20 bytes)
Event: 1,586 Thread 0x00007f1024279800 nmethod 1873 0x00007f101446f010 code [0x00007f101446f1a0, 0x00007f101446f258]
Event: 1,586 Thread 0x00007f1024279800 1859       4       java.util.ArrayList::add (25 bytes)
Event: 1,589 Thread 0x00007f1024279800 nmethod 1859 0x00007f101446f310 code [0x00007f101446f4c0, 0x00007f101446fab8]
Event: 1,589 Thread 0x00007f1024279800 1827       4       java.lang.String::indexOf (113 bytes)
Event: 1,591 Thread 0x00007f1024279800 nmethod 1827 0x00007f101446fd90 code [0x00007f101446ff40, 0x00007f1014470358]
Event: 1,591 Thread 0x00007f1024279800 1823       4       java.util.zip.Inflater::ensureOpen (47 bytes)
Event: 1,592 Thread 0x00007f1024279800 nmethod 1823 0x00007f1014470590 code [0x00007f1014470720, 0x00007f10144707d8]
Event: 1,592 Thread 0x00007f1024279800 1953       4       jdk.internal.reflect.ByteVectorImpl::getLength (7 bytes)
Event: 1,592 Thread 0x00007f1024279800 nmethod 1953 0x00007f1014470890 code [0x00007f1014470a20, 0x00007f1014470a98]
Event: 1,592 Thread 0x00007f1024279800 2098       4       java.util.stream.AbstractPipeline::isParallel (8 bytes)
Event: 1,592 Thread 0x00007f1024279800 nmethod 2098 0x00007f1014470b10 code [0x00007f1014470ca0, 0x00007f1014470d38]
Event: 1,592 Thread 0x00007f1024279800 2127       4       jdk.internal.misc.SharedSecrets::getJavaLangAccess (4 bytes)
Event: 1,592 Thread 0x00007f1024279800 nmethod 2127 0x00007f1014470e10 code [0x00007f1014470fa0, 0x00007f1014470ff8]
Event: 1,637 Thread 0x00007f0fd00c0800 nmethod 1964 0x00007f1014471090 code [0x00007f10144716c0, 0x00007f101447ed60]
Event: 154,618 Thread 0x00007f1024279800 2154       4       java.lang.ClassLoader::checkName (37 bytes)
Event: 154,619 Thread 0x00007f102427b800 2155       3       java.util.LinkedList$Node::<init> (20 bytes)
Event: 154,619 Thread 0x00007f102427b800 nmethod 2155 0x00007f100d288a90 code [0x00007f100d288c40, 0x00007f100d288ed0]
Event: 154,621 Thread 0x00007f1024279800 nmethod 2154 0x00007f1014485810 code [0x00007f10144859c0, 0x00007f1014485c78]

GC Heap History (10 events):
Event: 0,462 GC heap before
{Heap before GC invocations=0 (full 0):
 garbage-first heap   total 256000K, used 22528K [0x0000000706c00000, 0x0000000800000000)
  region size 1024K, 22 young (22528K), 0 survivors (0K)
 Metaspace       used 10286K, capacity 10448K, committed 10496K, reserved 1058816K
  class space    used 920K, capacity 989K, committed 1024K, reserved 1048576K
}
Event: 0,469 GC heap after
{Heap after GC invocations=1 (full 0):
 garbage-first heap   total 256000K, used 7823K [0x0000000706c00000, 0x0000000800000000)
  region size 1024K, 3 young (3072K), 3 survivors (3072K)
 Metaspace       used 10286K, capacity 10448K, committed 10496K, reserved 1058816K
  class space    used 920K, capacity 989K, committed 1024K, reserved 1048576K
}
Event: 0,660 GC heap before
{Heap before GC invocations=1 (full 0):
 garbage-first heap   total 256000K, used 35471K [0x0000000706c00000, 0x0000000800000000)
  region size 1024K, 30 young (30720K), 3 survivors (3072K)
 Metaspace       used 13917K, capacity 14395K, committed 14720K, reserved 1062912K
  class space    used 1384K, capacity 1540K, committed 1664K, reserved 1048576K
}
Event: 0,665 GC heap after
{Heap after GC invocations=2 (full 0):
 garbage-first heap   total 256000K, used 8588K [0x0000000706c00000, 0x0000000800000000)
  region size 1024K, 1 young (1024K), 1 survivors (1024K)
 Metaspace       used 13917K, capacity 14395K, committed 14720K, reserved 1062912K
  class space    used 1384K, capacity 1540K, committed 1664K, reserved 1048576K
}
Event: 0,860 GC heap before
{Heap before GC invocations=2 (full 0):
 garbage-first heap   total 256000K, used 49548K [0x0000000706c00000, 0x0000000800000000)
  region size 1024K, 41 young (41984K), 1 survivors (1024K)
 Metaspace       used 18127K, capacity 18695K, committed 19072K, reserved 1067008K
  class space    used 1894K, capacity 2094K, committed 2176K, reserved 1048576K
}
Event: 0,865 GC heap after
{Heap after GC invocations=3 (full 0):
 garbage-first heap   total 256000K, used 9946K [0x0000000706c00000, 0x0000000800000000)
  region size 1024K, 3 young (3072K), 3 survivors (3072K)
 Metaspace       used 18127K, capacity 18695K, committed 19072K, reserved 1067008K
  class space    used 1894K, capacity 2094K, committed 2176K, reserved 1048576K
}
Event: 0,991 GC heap before
{Heap before GC invocations=3 (full 0):
 garbage-first heap   total 256000K, used 43738K [0x0000000706c00000, 0x0000000800000000)
  region size 1024K, 37 young (37888K), 3 survivors (3072K)
 Metaspace       used 20386K, capacity 20938K, committed 21248K, reserved 1069056K
  class space    used 2239K, capacity 2436K, committed 2560K, reserved 1048576K
}
Event: 0,995 GC heap after
{Heap after GC invocations=4 (full 0):
 garbage-first heap   total 256000K, used 10400K [0x0000000706c00000, 0x0000000800000000)
  region size 1024K, 3 young (3072K), 3 survivors (3072K)
 Metaspace       used 20386K, capacity 20938K, committed 21248K, reserved 1069056K
  class space    used 2239K, capacity 2436K, committed 2560K, reserved 1048576K
}
Event: 1,374 GC heap before
{Heap before GC invocations=5 (full 0):
 garbage-first heap   total 256000K, used 89248K [0x0000000706c00000, 0x0000000800000000)
  region size 1024K, 81 young (82944K), 3 survivors (3072K)
 Metaspace       used 25801K, capacity 26503K, committed 26880K, reserved 1073152K
  class space    used 3246K, capacity 3515K, committed 3584K, reserved 1048576K
}
Event: 1,380 GC heap after
{Heap after GC invocations=6 (full 0):
 garbage-first heap   total 307200K, used 11474K [0x0000000706c00000, 0x0000000800000000)
  region size 1024K, 4 young (4096K), 4 survivors (4096K)
 Metaspace       used 25801K, capacity 26503K, committed 26880K, reserved 1073152K
  class space    used 3246K, capacity 3515K, committed 3584K, reserved 1048576K
}

Deoptimization events (20 events):
Event: 1,404 Thread 0x00007f102401b000 DEOPT PACKING pc=0x00007f100cfd5b5c sp=0x00007f1028bb53d0
Event: 1,404 Thread 0x00007f102401b000 DEOPT UNPACKING pc=0x00007f100c8cfd3a sp=0x00007f1028bb48a8 mode 1
Event: 1,404 Thread 0x00007f102401b000 DEOPT PACKING pc=0x00007f100d0981d4 sp=0x00007f1028bb5b70
Event: 1,404 Thread 0x00007f102401b000 DEOPT UNPACKING pc=0x00007f100c8cfd3a sp=0x00007f1028bb5080 mode 1
Event: 1,415 Thread 0x00007f102401b000 DEOPT PACKING pc=0x00007f100d07723c sp=0x00007f1028bb5b10
Event: 1,415 Thread 0x00007f102401b000 DEOPT UNPACKING pc=0x00007f100c8cfd3a sp=0x00007f1028bb4fc8 mode 1
Event: 1,415 Thread 0x00007f102401b000 DEOPT PACKING pc=0x00007f100cfd5b5c sp=0x00007f1028bb5be0
Event: 1,415 Thread 0x00007f102401b000 DEOPT UNPACKING pc=0x00007f100c8cfd3a sp=0x00007f1028bb50b8 mode 1
Event: 1,415 Thread 0x00007f102401b000 DEOPT PACKING pc=0x00007f100d1d610c sp=0x00007f1028bb6380
Event: 1,415 Thread 0x00007f102401b000 DEOPT UNPACKING pc=0x00007f100c8cfd3a sp=0x00007f1028bb5870 mode 1
Event: 1,422 Thread 0x00007f102401b000 Uncommon trap: trap_request=0xffffff4d fr.pc=0x00007f101444adc4 relative=0x0000000000006644
Event: 1,422 Thread 0x00007f102401b000 Uncommon trap: reason=unstable_if action=reinterpret pc=0x00007f101444adc4 method=org.eclipse.jdt.launching.internal.org.objectweb.asm.ClassWriter.toByteArray()[B @ 463 c2
Event: 1,422 Thread 0x00007f102401b000 DEOPT PACKING pc=0x00007f101444adc4 sp=0x00007f1028bb2850
Event: 1,422 Thread 0x00007f102401b000 DEOPT UNPACKING pc=0x00007f100c8cff25 sp=0x00007f1028bb2838 mode 2
Event: 1,433 Thread 0x00007f102401b000 DEOPT PACKING pc=0x00007f100d07723c sp=0x00007f1028bb5950
Event: 1,433 Thread 0x00007f102401b000 DEOPT UNPACKING pc=0x00007f100c8cfd3a sp=0x00007f1028bb4e08 mode 1
Event: 1,433 Thread 0x00007f102401b000 DEOPT PACKING pc=0x00007f100cfd5b5c sp=0x00007f1028bb5a20
Event: 1,433 Thread 0x00007f102401b000 DEOPT UNPACKING pc=0x00007f100c8cfd3a sp=0x00007f1028bb4ef8 mode 1
Event: 1,433 Thread 0x00007f102401b000 DEOPT PACKING pc=0x00007f100d1d610c sp=0x00007f1028bb61c0
Event: 1,433 Thread 0x00007f102401b000 DEOPT UNPACKING pc=0x00007f100c8cfd3a sp=0x00007f1028bb56b0 mode 1

Classes redefined (5 events):
Event: 91,737 Thread 0x00007f1024256800 redefined class name=net.atos.api.logistica.service.LogisticaServiceTest, count=1
Event: 103,348 Thread 0x00007f1024256800 redefined class name=net.atos.api.logistica.service.LogisticaServiceTest, count=2
Event: 159,238 Thread 0x00007f1024256800 redefined class name=net.atos.api.logistica.service.LogisticaServiceTest, count=3
Event: 200,233 Thread 0x00007f1024256800 redefined class name=net.atos.api.logistica.service.LogisticaServiceTest, count=4
Event: 217,672 Thread 0x00007f1024256800 redefined class name=net.atos.api.logistica.service.LogisticaServiceTest, count=5

Internal exceptions (20 events):
Event: 0,644 Thread 0x00007f102401b000 Exception <a 'java/lang/NoSuchMethodError'{0x0000000714a187e8}: 'int java.lang.invoke.DirectMethodHandle$Holder.invokeStatic(java.lang.Object, java.lang.Object, java.lang.Object, java.lang.Object, java.lang.Object)'> (0x0000000714a187e8) thrown at [src/hotspot/share/interpreter/linkResolver.cpp, line 772]
Event: 0,650 Thread 0x00007f102401b000 Exception <a 'java/lang/NoSuchMethodError'{0x00000007149090a0}: 'void java.lang.invoke.DirectMethodHandle$Holder.invokeStaticInit(java.lang.Object)'> (0x00000007149090a0) thrown at [src/hotspot/share/interpreter/linkResolver.cpp, line 772]
Event: 0,653 Thread 0x00007f102401b000 Exception <a 'java/lang/NoSuchMethodError'{0x0000000714985970}: 'void java.lang.invoke.DirectMethodHandle$Holder.invokeSpecial(java.lang.Object, java.lang.Object)'> (0x0000000714985970) thrown at [src/hotspot/share/interpreter/linkResolver.cpp, line 772]
Event: 0,672 Thread 0x00007f102401b000 Exception <a 'java/lang/NoSuchMethodError'{0x0000000716495b58}: 'int java.lang.invoke.DirectMethodHandle$Holder.invokeStaticInit(java.lang.Object, java.lang.Object)'> (0x0000000716495b58) thrown at [src/hotspot/share/interpreter/linkResolver.cpp, line 772]
Event: 0,687 Thread 0x00007f102401b000 Exception <a 'java/lang/NoSuchMethodError'{0x0000000716118618}: 'java.lang.Object java.lang.invoke.Invokers$Holder.linkToTargetMethod(java.lang.Object, java.lang.Object, java.lang.Object, java.lang.Object, java.lang.Object, java.lang.Object, java.lang.Object)'> (0x0000000716118618) thrown at [src/hotspot/share/interpreter/linkResolver.cpp, line 772]
Event: 0,688 Thread 0x00007f102401b000 Exception <a 'java/lang/NoSuchMethodError'{0x000000071611e678}: 'java.lang.Object java.lang.invoke.DirectMethodHandle$Holder.invokeInterface(java.lang.Object, java.lang.Object, java.lang.Object, java.lang.Object, java.lang.Object)'> (0x000000071611e678) thrown at [src/hotspot/share/interpreter/linkResolver.cpp, line 772]
Event: 0,688 Thread 0x00007f102401b000 Exception <a 'java/lang/IncompatibleClassChangeError'{0x0000000716121b28}: Found class java.lang.Object, but interface was expected> (0x0000000716121b28) thrown at [src/hotspot/share/interpreter/linkResolver.cpp, line 839]
Event: 0,692 Thread 0x00007f102401b000 Exception <a 'java/lang/NoSuchMethodError'{0x00000007161c7fa0}: 'int java.lang.invoke.DirectMethodHandle$Holder.invokeInterface(java.lang.Object, java.lang.Object)'> (0x00000007161c7fa0) thrown at [src/hotspot/share/interpreter/linkResolver.cpp, line 772]
Event: 0,695 Thread 0x00007f102401b000 Exception <a 'java/lang/IncompatibleClassChangeError'{0x000000071601de68}: Found class java.lang.Object, but interface was expected> (0x000000071601de68) thrown at [src/hotspot/share/interpreter/linkResolver.cpp, line 839]
Event: 0,766 Thread 0x00007f102401b000 Exception <a 'java/lang/ClassNotFoundException'{0x00000007151ae728}: javax/smartcardio/CardPermission> (0x00000007151ae728) thrown at [src/hotspot/share/classfile/systemDictionary.cpp, line 231]
Event: 0,768 Thread 0x00007f102401b000 Exception <a 'java/io/FileNotFoundException'{0x00000007151be790}> (0x00000007151be790) thrown at [src/hotspot/share/prims/jni.cpp, line 615]
Event: 0,797 Thread 0x00007f102401b000 Exception <a 'java/lang/NoSuchMethodError'{0x0000000714d180b8}: 'org.slf4j.impl.StaticMDCBinder org.slf4j.impl.StaticMDCBinder.getSingleton()'> (0x0000000714d180b8) thrown at [src/hotspot/share/interpreter/linkResolver.cpp, line 772]
Event: 0,935 Thread 0x00007f102401b000 Exception <a 'java/lang/NoSuchMethodError'{0x00000007151caa90}: 'void java.lang.invoke.DirectMethodHandle$Holder.invokeStatic(java.lang.Object, java.lang.Object, java.lang.Object, java.lang.Object, java.lang.Object, java.lang.Object)'> (0x00000007151caa90) thrown at [src/hotspot/share/interpreter/linkResolver.cpp, line 772]
Event: 0,951 Thread 0x00007f102401b000 Exception <a 'java/lang/NoSuchMethodError'{0x0000000714d6caa8}: 'void java.lang.invoke.DirectMethodHandle$Holder.invokeStatic(java.lang.Object, java.lang.Object, java.lang.Object, java.lang.Object, java.lang.Object)'> (0x0000000714d6caa8) thrown at [src/hotspot/share/interpreter/linkResolver.cpp, line 772]
Event: 1,003 Thread 0x00007f102401b000 Exception <a 'java/lang/NoSuchMethodError'{0x000000071657c678}: 'int java.lang.invoke.DirectMethodHandle$Holder.invokeStaticInit(java.lang.Object, java.lang.Object, java.lang.Object, java.lang.Object)'> (0x000000071657c678) thrown at [src/hotspot/share/interpreter/linkResolver.cpp, line 772]
Event: 1,003 Thread 0x00007f102401b000 Exception <a 'java/lang/IncompatibleClassChangeError'{0x00000007165ba458}: Found class java.lang.Object, but interface was expected> (0x00000007165ba458) thrown at [src/hotspot/share/interpreter/linkResolver.cpp, line 839]
Event: 1,004 Thread 0x00007f102401b000 Exception <a 'java/lang/NoSuchMethodError'{0x00000007165bd838}: 'void java.lang.invoke.DirectMethodHandle$Holder.invokeStaticInit(java.lang.Object, java.lang.Object)'> (0x00000007165bd838) thrown at [src/hotspot/share/interpreter/linkResolver.cpp, line 772]
Event: 1,140 Thread 0x00007f102401b000 Exception <a 'java/lang/ClassNotFoundException'{0x00000007147d1fd0}: java/lang/ClassLoader$ByteBuddyAccessor$ZTZYLTci> (0x00000007147d1fd0) thrown at [src/hotspot/share/classfile/systemDictionary.cpp, line 231]
Event: 1,195 Thread 0x00007f102401b000 Exception <a 'java/lang/IncompatibleClassChangeError'{0x00000007136a20d8}: Found class java.lang.Object, but interface was expected> (0x00000007136a20d8) thrown at [src/hotspot/share/interpreter/linkResolver.cpp, line 839]
Event: 1,333 Thread 0x00007f102401b000 Exception <a 'java/lang/NoSuchMethodError'{0x00000007121f1be0}: 'int java.lang.invoke.DirectMethodHandle$Holder.invokeSpecial(java.lang.Object, java.lang.Object, java.lang.Object, java.lang.Object)'> (0x00000007121f1be0) thrown at [src/hotspot/share/interpreter/linkResolver.cpp, line 772]

Events (20 events):
Event: 200,276 Executing VM operation: GetOwnedMonitorInfo done
Event: 200,276 Executing VM operation: GetCurrentContendedMonitor
Event: 200,276 Executing VM operation: GetCurrentContendedMonitor done
Event: 217,665 Executing VM operation: RedefineClasses
Event: 217,674 Executing VM operation: RedefineClasses done
Event: 217,679 Executing VM operation: ChangeBreakpoints
Event: 217,680 Executing VM operation: ChangeBreakpoints done
Event: 217,681 Executing VM operation: GetFrameCount
Event: 217,681 Executing VM operation: GetFrameCount done
Event: 217,681 Executing VM operation: GetStackTrace
Event: 217,681 Executing VM operation: GetStackTrace done
Event: 217,707 Executing VM operation: GetFrameCount
Event: 217,707 Executing VM operation: GetFrameCount done
Event: 217,707 Executing VM operation: GetOwnedMonitorInfo
Event: 217,707 Executing VM operation: GetOwnedMonitorInfo done
Event: 217,707 Executing VM operation: GetCurrentContendedMonitor
Event: 217,707 Executing VM operation: GetCurrentContendedMonitor done
Event: 220,851 Executing VM operation: GetFrameLocation
Event: 220,851 Executing VM operation: GetFrameLocation done
Event: 220,851 Executing VM operation: GetOrSetLocal


Dynamic libraries:
706c00000-719800000 rw-p 00000000 00:00 0 
719800000-800000000 ---p 00000000 00:00 0 
800000000-8003a0000 rw-p 00000000 00:00 0 
8003a0000-840000000 ---p 00000000 00:00 0 
55cc4f717000-55cc4f718000 r--p 00000000 08:06 3019575                    /usr/lib/jvm/java-11-openjdk-amd64/bin/java
55cc4f718000-55cc4f719000 r-xp 00001000 08:06 3019575                    /usr/lib/jvm/java-11-openjdk-amd64/bin/java
55cc4f719000-55cc4f71a000 r--p 00002000 08:06 3019575                    /usr/lib/jvm/java-11-openjdk-amd64/bin/java
55cc4f71a000-55cc4f71b000 r--p 00002000 08:06 3019575                    /usr/lib/jvm/java-11-openjdk-amd64/bin/java
55cc4f71b000-55cc4f71c000 rw-p 00003000 08:06 3019575                    /usr/lib/jvm/java-11-openjdk-amd64/bin/java
55cc4f7d8000-55cc4f7f9000 rw-p 00000000 00:00 0                          [heap]
7f0f90000000-7f0f90021000 rw-p 00000000 00:00 0 
7f0f90021000-7f0f94000000 ---p 00000000 00:00 0 
7f0f98000000-7f0f98021000 rw-p 00000000 00:00 0 
7f0f98021000-7f0f9c000000 ---p 00000000 00:00 0 
7f0f9c000000-7f0f9c021000 rw-p 00000000 00:00 0 
7f0f9c021000-7f0fa0000000 ---p 00000000 00:00 0 
7f0fa0000000-7f0fa0021000 rw-p 00000000 00:00 0 
7f0fa0021000-7f0fa4000000 ---p 00000000 00:00 0 
7f0fa4000000-7f0fa4021000 rw-p 00000000 00:00 0 
7f0fa4021000-7f0fa8000000 ---p 00000000 00:00 0 
7f0fa8000000-7f0fa8021000 rw-p 00000000 00:00 0 
7f0fa8021000-7f0fac000000 ---p 00000000 00:00 0 
7f0fac000000-7f0fac021000 rw-p 00000000 00:00 0 
7f0fac021000-7f0fb0000000 ---p 00000000 00:00 0 
7f0fb0000000-7f0fb0021000 rw-p 00000000 00:00 0 
7f0fb0021000-7f0fb4000000 ---p 00000000 00:00 0 
7f0fb4000000-7f0fb4021000 rw-p 00000000 00:00 0 
7f0fb4021000-7f0fb8000000 ---p 00000000 00:00 0 
7f0fb8000000-7f0fb8021000 rw-p 00000000 00:00 0 
7f0fb8021000-7f0fbc000000 ---p 00000000 00:00 0 
7f0fbc000000-7f0fbdb0b000 rw-p 00000000 00:00 0 
7f0fbdb0b000-7f0fc0000000 ---p 00000000 00:00 0 
7f0fc0000000-7f0fc002e000 rw-p 00000000 00:00 0 
7f0fc002e000-7f0fc4000000 ---p 00000000 00:00 0 
7f0fc4000000-7f0fc4021000 rw-p 00000000 00:00 0 
7f0fc4021000-7f0fc8000000 ---p 00000000 00:00 0 
7f0fc8000000-7f0fc8021000 rw-p 00000000 00:00 0 
7f0fc8021000-7f0fcc000000 ---p 00000000 00:00 0 
7f0fcc000000-7f0fcc021000 rw-p 00000000 00:00 0 
7f0fcc021000-7f0fd0000000 ---p 00000000 00:00 0 
7f0fd0000000-7f0fd174d000 rw-p 00000000 00:00 0 
7f0fd174d000-7f0fd4000000 ---p 00000000 00:00 0 
7f0fd4000000-7f0fd4926000 rw-p 00000000 00:00 0 
7f0fd4926000-7f0fd8000000 ---p 00000000 00:00 0 
7f0fd8000000-7f0fd8021000 rw-p 00000000 00:00 0 
7f0fd8021000-7f0fdc000000 ---p 00000000 00:00 0 
7f0fdc000000-7f0fdc021000 rw-p 00000000 00:00 0 
7f0fdc021000-7f0fe0000000 ---p 00000000 00:00 0 
7f0fe0000000-7f0fe0021000 rw-p 00000000 00:00 0 
7f0fe0021000-7f0fe4000000 ---p 00000000 00:00 0 
7f0fe55a5000-7f0fe56e5000 rw-p 00000000 00:00 0 
7f0fe56e5000-7f0fe57a5000 ---p 00000000 00:00 0 
7f0fe57a5000-7f0fe59a5000 rw-p 00000000 00:00 0 
7f0fe59a5000-7f0fe59a6000 ---p 00000000 00:00 0 
7f0fe59a6000-7f0fe5ca7000 rw-p 00000000 00:00 0 
7f0fe5d75000-7f0fe5f75000 rw-p 00000000 00:00 0 
7f0fe5f75000-7f0fe6175000 rw-p 00000000 00:00 0 
7f0fe6175000-7f0fe6375000 rw-p 00000000 00:00 0 
7f0fe6375000-7f0fe6575000 rw-p 00000000 00:00 0 
7f0fe6575000-7f0fe6579000 ---p 00000000 00:00 0 
7f0fe6579000-7f0fe6676000 rw-p 00000000 00:00 0 
7f0fe6676000-7f0fe6677000 ---p 00000000 00:00 0 
7f0fe6677000-7f0fe6778000 rw-p 00000000 00:00 0 
7f0fe6778000-7f0fe6779000 ---p 00000000 00:00 0 
7f0fe6779000-7f0fe687a000 rw-p 00000000 00:00 0 
7f0fe687a000-7f0fe687b000 ---p 00000000 00:00 0 
7f0fe687b000-7f0fe697c000 rw-p 00000000 00:00 0 
7f0fe697c000-7f0fe697d000 ---p 00000000 00:00 0 
7f0fe697d000-7f0fe6a7e000 rw-p 00000000 00:00 0 
7f0fe6a7e000-7f0fe6a7f000 ---p 00000000 00:00 0 
7f0fe6a7f000-7f0fe6d80000 rw-p 00000000 00:00 0 
7f0fe6d80000-7f0fe6d81000 ---p 00000000 00:00 0 
7f0fe6d81000-7f0fe6e82000 rw-p 00000000 00:00 0 
7f0fe6e82000-7f0fe6e86000 ---p 00000000 00:00 0 
7f0fe6e86000-7f0fe6f83000 rw-p 00000000 00:00 0 
7f0fe6f83000-7f0fe6f87000 ---p 00000000 00:00 0 
7f0fe6f87000-7f0fe7084000 rw-p 00000000 00:00 0 
7f0fe7084000-7f0fe7088000 ---p 00000000 00:00 0 
7f0fe7088000-7f0fe7185000 rw-p 00000000 00:00 0 
7f0fe7185000-7f0fe7189000 ---p 00000000 00:00 0 
7f0fe7189000-7f0fe7286000 rw-p 00000000 00:00 0 
7f0fe7286000-7f0fe728a000 ---p 00000000 00:00 0 
7f0fe728a000-7f0fe7387000 rw-p 00000000 00:00 0 
7f0fe7387000-7f0fe738b000 ---p 00000000 00:00 0 
7f0fe738b000-7f0fe7488000 rw-p 00000000 00:00 0 
7f0fe7488000-7f0fe748c000 ---p 00000000 00:00 0 
7f0fe748c000-7f0fe7589000 rw-p 00000000 00:00 0 
7f0fe7589000-7f0fe758d000 ---p 00000000 00:00 0 
7f0fe758d000-7f0fe768a000 rw-p 00000000 00:00 0 
7f0fe768a000-7f0fe768e000 ---p 00000000 00:00 0 
7f0fe768e000-7f0fe778b000 rw-p 00000000 00:00 0 
7f0fe778b000-7f0fe778f000 ---p 00000000 00:00 0 
7f0fe778f000-7f0fe788c000 rw-p 00000000 00:00 0 
7f0fe788c000-7f0fe7dfe000 r--p 00000000 08:06 3020234                    /usr/lib/locale/locale-archive
7f0fe7dfe000-7f0fe7e02000 ---p 00000000 00:00 0 
7f0fe7e02000-7f0fe7eff000 rw-p 00000000 00:00 0 
7f0fe7eff000-7f0fe7f03000 ---p 00000000 00:00 0 
7f0fe7f03000-7f0fe8000000 rw-p 00000000 00:00 0 
7f0fe8000000-7f0fe8021000 rw-p 00000000 00:00 0 
7f0fe8021000-7f0fec000000 ---p 00000000 00:00 0 
7f0fec000000-7f0fec0d6000 rw-p 00000000 00:00 0 
7f0fec0d6000-7f0ff0000000 ---p 00000000 00:00 0 
7f0ff0000000-7f0ff0021000 rw-p 00000000 00:00 0 
7f0ff0021000-7f0ff4000000 ---p 00000000 00:00 0 
7f0ff4000000-7f0ff4021000 rw-p 00000000 00:00 0 
7f0ff4021000-7f0ff8000000 ---p 00000000 00:00 0 
7f0ff8000000-7f0ff8021000 rw-p 00000000 00:00 0 
7f0ff8021000-7f0ffc000000 ---p 00000000 00:00 0 
7f0ffc03b000-7f0ffc03c000 ---p 00000000 00:00 0 
7f0ffc03c000-7f0ffc9be000 rw-p 00000000 00:00 0 
7f0ffc9be000-7f0ffc9bf000 ---p 00000000 00:00 0 
7f0ffc9bf000-7f0ffcac0000 rw-p 00000000 00:00 0 
7f0ffcac0000-7f0ffcac1000 ---p 00000000 00:00 0 
7f0ffcac1000-7f0fff1c8000 rw-p 00000000 00:00 0 
7f0fff1c8000-7f0fff1c9000 ---p 00000000 00:00 0 
7f0fff1c9000-7f0fff2ca000 rw-p 00000000 00:00 0 
7f0fff2ca000-7f0fff2cb000 ---p 00000000 00:00 0 
7f0fff2cb000-7f0fff87c000 rw-p 00000000 00:00 0 
7f0fff87c000-7f100321c000 ---p 00000000 00:00 0 
7f100321c000-7f10036cc000 rw-p 00000000 00:00 0 
7f10036cc000-7f100706c000 ---p 00000000 00:00 0 
7f100706c000-7f1007102000 rw-p 00000000 00:00 0 
7f1007102000-7f1007836000 ---p 00000000 00:00 0 
7f1007836000-7f10078cc000 rw-p 00000000 00:00 0 
7f10078cc000-7f1008000000 ---p 00000000 00:00 0 
7f1008000000-7f1008021000 rw-p 00000000 00:00 0 
7f1008021000-7f100c000000 ---p 00000000 00:00 0 
7f100c021000-7f100c047000 r--p 00000000 08:06 3679984                    /usr/share/locale-langpack/pt_BR/LC_MESSAGES/libc.mo
7f100c047000-7f100c04b000 r--p 00000000 08:06 3021291                    /usr/lib/jvm/java-11-openjdk-amd64/lib/libnet.so
7f100c04b000-7f100c05a000 r-xp 00004000 08:06 3021291                    /usr/lib/jvm/java-11-openjdk-amd64/lib/libnet.so
7f100c05a000-7f100c05e000 r--p 00013000 08:06 3021291                    /usr/lib/jvm/java-11-openjdk-amd64/lib/libnet.so
7f100c05e000-7f100c05f000 r--p 00016000 08:06 3021291                    /usr/lib/jvm/java-11-openjdk-amd64/lib/libnet.so
7f100c05f000-7f100c060000 rw-p 00017000 08:06 3021291                    /usr/lib/jvm/java-11-openjdk-amd64/lib/libnet.so
7f100c060000-7f100c067000 r--p 00000000 08:06 3021292                    /usr/lib/jvm/java-11-openjdk-amd64/lib/libnio.so
7f100c067000-7f100c06f000 r-xp 00007000 08:06 3021292                    /usr/lib/jvm/java-11-openjdk-amd64/lib/libnio.so
7f100c06f000-7f100c072000 r--p 0000f000 08:06 3021292                    /usr/lib/jvm/java-11-openjdk-amd64/lib/libnio.so
7f100c072000-7f100c073000 r--p 00011000 08:06 3021292                    /usr/lib/jvm/java-11-openjdk-amd64/lib/libnio.so
7f100c073000-7f100c074000 rw-p 00012000 08:06 3021292                    /usr/lib/jvm/java-11-openjdk-amd64/lib/libnio.so
7f100c074000-7f100c165000 rw-p 00000000 00:00 0 
7f100c165000-7f100c899000 ---p 00000000 00:00 0 
7f100c899000-7f100cb09000 rwxp 00000000 00:00 0 
7f100cb09000-7f100ce29000 ---p 00000000 00:00 0 
7f100ce29000-7f100d289000 rwxp 00000000 00:00 0 
7f100d289000-7f1014361000 ---p 00000000 00:00 0 
7f1014361000-7f10145d1000 rwxp 00000000 00:00 0 
7f10145d1000-7f101b899000 ---p 00000000 00:00 0 
7f101b899000-7f1024000000 r--s 00000000 08:06 3022481                    /usr/lib/jvm/java-11-openjdk-amd64/lib/modules
7f1024000000-7f1025634000 rw-p 00000000 00:00 0 
7f1025634000-7f1028000000 ---p 00000000 00:00 0 
7f1028003000-7f1028004000 r--p 00000000 08:06 3020601                    /usr/lib/jvm/java-11-openjdk-amd64/lib/libextnet.so
7f1028004000-7f1028005000 r-xp 00001000 08:06 3020601                    /usr/lib/jvm/java-11-openjdk-amd64/lib/libextnet.so
7f1028005000-7f1028006000 r--p 00002000 08:06 3020601                    /usr/lib/jvm/java-11-openjdk-amd64/lib/libextnet.so
7f1028006000-7f1028007000 r--p 00002000 08:06 3020601                    /usr/lib/jvm/java-11-openjdk-amd64/lib/libextnet.so
7f1028007000-7f1028008000 rw-p 00003000 08:06 3020601                    /usr/lib/jvm/java-11-openjdk-amd64/lib/libextnet.so
7f1028008000-7f102800a000 r--p 00000000 08:06 3020600                    /usr/lib/jvm/java-11-openjdk-amd64/lib/libdt_socket.so
7f102800a000-7f102800d000 r-xp 00002000 08:06 3020600                    /usr/lib/jvm/java-11-openjdk-amd64/lib/libdt_socket.so
7f102800d000-7f102800e000 r--p 00005000 08:06 3020600                    /usr/lib/jvm/java-11-openjdk-amd64/lib/libdt_socket.so
7f102800e000-7f102800f000 ---p 00006000 08:06 3020600                    /usr/lib/jvm/java-11-openjdk-amd64/lib/libdt_socket.so
7f102800f000-7f1028010000 r--p 00006000 08:06 3020600                    /usr/lib/jvm/java-11-openjdk-amd64/lib/libdt_socket.so
7f1028010000-7f1028011000 rw-p 00007000 08:06 3020600                    /usr/lib/jvm/java-11-openjdk-amd64/lib/libdt_socket.so
7f1028011000-7f1028018000 r--s 00000000 08:06 3286366                    /usr/lib/x86_64-linux-gnu/gconv/gconv-modules.cache
7f1028018000-7f1028720000 rw-p 00000000 00:00 0 
7f1028720000-7f1028721000 ---p 00000000 00:00 0 
7f1028721000-7f1028827000 rw-p 00000000 00:00 0 
7f1028827000-7f102890d000 ---p 00000000 00:00 0 
7f102890d000-7f1028916000 rw-p 00000000 00:00 0 
7f1028916000-7f10289f8000 ---p 00000000 00:00 0 
7f10289f8000-7f10289fd000 rw-p 00000000 00:00 0 
7f10289fd000-7f1028a04000 ---p 00000000 00:00 0 
7f1028a04000-7f1028a07000 r--p 00000000 08:06 3549089                    /lib/x86_64-linux-gnu/libnss_files-2.31.so
7f1028a07000-7f1028a0e000 r-xp 00003000 08:06 3549089                    /lib/x86_64-linux-gnu/libnss_files-2.31.so
7f1028a0e000-7f1028a10000 r--p 0000a000 08:06 3549089                    /lib/x86_64-linux-gnu/libnss_files-2.31.so
7f1028a10000-7f1028a11000 r--p 0000b000 08:06 3549089                    /lib/x86_64-linux-gnu/libnss_files-2.31.so
7f1028a11000-7f1028a12000 rw-p 0000c000 08:06 3549089                    /lib/x86_64-linux-gnu/libnss_files-2.31.so
7f1028a12000-7f1028a18000 rw-p 00000000 00:00 0 
7f1028a19000-7f1028a1b000 r--s 0000c000 08:06 3413061                    /usr/share/java/java-atk-wrapper.jar
7f1028a1b000-7f1028a1d000 r--p 00000000 08:06 3022479                    /usr/lib/jvm/java-11-openjdk-amd64/lib/libzip.so
7f1028a1d000-7f1028a21000 r-xp 00002000 08:06 3022479                    /usr/lib/jvm/java-11-openjdk-amd64/lib/libzip.so
7f1028a21000-7f1028a23000 r--p 00006000 08:06 3022479                    /usr/lib/jvm/java-11-openjdk-amd64/lib/libzip.so
7f1028a23000-7f1028a24000 r--p 00007000 08:06 3022479                    /usr/lib/jvm/java-11-openjdk-amd64/lib/libzip.so
7f1028a24000-7f1028a25000 rw-p 00008000 08:06 3022479                    /usr/lib/jvm/java-11-openjdk-amd64/lib/libzip.so
7f1028a25000-7f1028a2d000 rw-s 00000000 08:06 3166378                    /tmp/hsperfdata_evillyn/18090
7f1028a2d000-7f1028a2f000 r--p 00000000 08:06 3020609                    /usr/lib/jvm/java-11-openjdk-amd64/lib/libinstrument.so
7f1028a2f000-7f1028a35000 r-xp 00002000 08:06 3020609                    /usr/lib/jvm/java-11-openjdk-amd64/lib/libinstrument.so
7f1028a35000-7f1028a38000 r--p 00008000 08:06 3020609                    /usr/lib/jvm/java-11-openjdk-amd64/lib/libinstrument.so
7f1028a38000-7f1028a39000 r--p 0000a000 08:06 3020609                    /usr/lib/jvm/java-11-openjdk-amd64/lib/libinstrument.so
7f1028a39000-7f1028a3a000 rw-p 0000b000 08:06 3020609                    /usr/lib/jvm/java-11-openjdk-amd64/lib/libinstrument.so
7f1028a3a000-7f1028a3c000 r--p 00000000 08:06 3021277                    /usr/lib/jvm/java-11-openjdk-amd64/lib/libjdwp.so
7f1028a3c000-7f1028a68000 r-xp 00002000 08:06 3021277                    /usr/lib/jvm/java-11-openjdk-amd64/lib/libjdwp.so
7f1028a68000-7f1028a76000 r--p 0002e000 08:06 3021277                    /usr/lib/jvm/java-11-openjdk-amd64/lib/libjdwp.so
7f1028a76000-7f1028a77000 r--p 0003b000 08:06 3021277                    /usr/lib/jvm/java-11-openjdk-amd64/lib/libjdwp.so
7f1028a77000-7f1028a78000 rw-p 0003c000 08:06 3021277                    /usr/lib/jvm/java-11-openjdk-amd64/lib/libjdwp.so
7f1028a78000-7f1028a7a000 r--p 00000000 08:06 3021278                    /usr/lib/jvm/java-11-openjdk-amd64/lib/libjimage.so
7f1028a7a000-7f1028a7d000 r-xp 00002000 08:06 3021278                    /usr/lib/jvm/java-11-openjdk-amd64/lib/libjimage.so
7f1028a7d000-7f1028a7e000 r--p 00005000 08:06 3021278                    /usr/lib/jvm/java-11-openjdk-amd64/lib/libjimage.so
7f1028a7e000-7f1028a7f000 ---p 00006000 08:06 3021278                    /usr/lib/jvm/java-11-openjdk-amd64/lib/libjimage.so
7f1028a7f000-7f1028a80000 r--p 00006000 08:06 3021278                    /usr/lib/jvm/java-11-openjdk-amd64/lib/libjimage.so
7f1028a80000-7f1028a81000 rw-p 00007000 08:06 3021278                    /usr/lib/jvm/java-11-openjdk-amd64/lib/libjimage.so
7f1028a81000-7f1028a8f000 r--p 00000000 08:06 3020614                    /usr/lib/jvm/java-11-openjdk-amd64/lib/libjava.so
7f1028a8f000-7f1028aa5000 r-xp 0000e000 08:06 3020614                    /usr/lib/jvm/java-11-openjdk-amd64/lib/libjava.so
7f1028aa5000-7f1028aac000 r--p 00024000 08:06 3020614                    /usr/lib/jvm/java-11-openjdk-amd64/lib/libjava.so
7f1028aac000-7f1028aad000 r--p 0002a000 08:06 3020614                    /usr/lib/jvm/java-11-openjdk-amd64/lib/libjava.so
7f1028aad000-7f1028aae000 rw-p 0002b000 08:06 3020614                    /usr/lib/jvm/java-11-openjdk-amd64/lib/libjava.so
7f1028aae000-7f1028aaf000 rw-p 00000000 00:00 0 
7f1028aaf000-7f1028ab2000 r--p 00000000 08:06 3549096                    /lib/x86_64-linux-gnu/librt-2.31.so
7f1028ab2000-7f1028ab6000 r-xp 00003000 08:06 3549096                    /lib/x86_64-linux-gnu/librt-2.31.so
7f1028ab6000-7f1028ab7000 r--p 00007000 08:06 3549096                    /lib/x86_64-linux-gnu/librt-2.31.so
7f1028ab7000-7f1028ab8000 ---p 00008000 08:06 3549096                    /lib/x86_64-linux-gnu/librt-2.31.so
7f1028ab8000-7f1028ab9000 r--p 00008000 08:06 3549096                    /lib/x86_64-linux-gnu/librt-2.31.so
7f1028ab9000-7f1028aba000 rw-p 00009000 08:06 3549096                    /lib/x86_64-linux-gnu/librt-2.31.so
7f1028aba000-7f1028abe000 ---p 00000000 00:00 0 
7f1028abe000-7f1028bbb000 rw-p 00000000 00:00 0 
7f1028bbb000-7f1028bbe000 r--p 00000000 08:06 3548665                    /lib/x86_64-linux-gnu/libgcc_s.so.1
7f1028bbe000-7f1028bd0000 r-xp 00003000 08:06 3548665                    /lib/x86_64-linux-gnu/libgcc_s.so.1
7f1028bd0000-7f1028bd4000 r--p 00015000 08:06 3548665                    /lib/x86_64-linux-gnu/libgcc_s.so.1
7f1028bd4000-7f1028bd5000 r--p 00018000 08:06 3548665                    /lib/x86_64-linux-gnu/libgcc_s.so.1
7f1028bd5000-7f1028bd6000 rw-p 00019000 08:06 3548665                    /lib/x86_64-linux-gnu/libgcc_s.so.1
7f1028bd6000-7f1028be5000 r--p 00000000 08:06 3549083                    /lib/x86_64-linux-gnu/libm-2.31.so
7f1028be5000-7f1028c8c000 r-xp 0000f000 08:06 3549083                    /lib/x86_64-linux-gnu/libm-2.31.so
7f1028c8c000-7f1028d23000 r--p 000b6000 08:06 3549083                    /lib/x86_64-linux-gnu/libm-2.31.so
7f1028d23000-7f1028d24000 r--p 0014c000 08:06 3549083                    /lib/x86_64-linux-gnu/libm-2.31.so
7f1028d24000-7f1028d25000 rw-p 0014d000 08:06 3549083                    /lib/x86_64-linux-gnu/libm-2.31.so
7f1028d25000-7f1028dbb000 r--p 00000000 08:06 3019087                    /usr/lib/x86_64-linux-gnu/libstdc++.so.6.0.28
7f1028dbb000-7f1028eab000 r-xp 00096000 08:06 3019087                    /usr/lib/x86_64-linux-gnu/libstdc++.so.6.0.28
7f1028eab000-7f1028ef4000 r--p 00186000 08:06 3019087                    /usr/lib/x86_64-linux-gnu/libstdc++.so.6.0.28
7f1028ef4000-7f1028ef5000 ---p 001cf000 08:06 3019087                    /usr/lib/x86_64-linux-gnu/libstdc++.so.6.0.28
7f1028ef5000-7f1028f00000 r--p 001cf000 08:06 3019087                    /usr/lib/x86_64-linux-gnu/libstdc++.so.6.0.28
7f1028f00000-7f1028f03000 rw-p 001da000 08:06 3019087                    /usr/lib/x86_64-linux-gnu/libstdc++.so.6.0.28
7f1028f03000-7f1028f06000 rw-p 00000000 00:00 0 
7f1028f06000-7f102917f000 r--p 00000000 08:06 3022486                    /usr/lib/jvm/java-11-openjdk-amd64/lib/server/libjvm.so
7f102917f000-7f1029dfc000 r-xp 00279000 08:06 3022486                    /usr/lib/jvm/java-11-openjdk-amd64/lib/server/libjvm.so
7f1029dfc000-7f102a052000 r--p 00ef6000 08:06 3022486                    /usr/lib/jvm/java-11-openjdk-amd64/lib/server/libjvm.so
7f102a052000-7f102a113000 r--p 0114b000 08:06 3022486                    /usr/lib/jvm/java-11-openjdk-amd64/lib/server/libjvm.so
7f102a113000-7f102a14e000 rw-p 0120c000 08:06 3022486                    /usr/lib/jvm/java-11-openjdk-amd64/lib/server/libjvm.so
7f102a14e000-7f102a1a7000 rw-p 00000000 00:00 0 
7f102a1a7000-7f102a1ae000 r--p 00000000 08:06 3549094                    /lib/x86_64-linux-gnu/libpthread-2.31.so
7f102a1ae000-7f102a1bf000 r-xp 00007000 08:06 3549094                    /lib/x86_64-linux-gnu/libpthread-2.31.so
7f102a1bf000-7f102a1c4000 r--p 00018000 08:06 3549094                    /lib/x86_64-linux-gnu/libpthread-2.31.so
7f102a1c4000-7f102a1c5000 r--p 0001c000 08:06 3549094                    /lib/x86_64-linux-gnu/libpthread-2.31.so
7f102a1c5000-7f102a1c6000 rw-p 0001d000 08:06 3549094                    /lib/x86_64-linux-gnu/libpthread-2.31.so
7f102a1c6000-7f102a1ca000 rw-p 00000000 00:00 0 
7f102a1ca000-7f102a1cb000 r--p 00000000 08:06 3549082                    /lib/x86_64-linux-gnu/libdl-2.31.so
7f102a1cb000-7f102a1cd000 r-xp 00001000 08:06 3549082                    /lib/x86_64-linux-gnu/libdl-2.31.so
7f102a1cd000-7f102a1ce000 r--p 00003000 08:06 3549082                    /lib/x86_64-linux-gnu/libdl-2.31.so
7f102a1ce000-7f102a1cf000 r--p 00003000 08:06 3549082                    /lib/x86_64-linux-gnu/libdl-2.31.so
7f102a1cf000-7f102a1d0000 rw-p 00004000 08:06 3549082                    /lib/x86_64-linux-gnu/libdl-2.31.so
7f102a1d0000-7f102a1d2000 r--p 00000000 08:06 3544289                    /lib/x86_64-linux-gnu/libz.so.1.2.11
7f102a1d2000-7f102a1e3000 r-xp 00002000 08:06 3544289                    /lib/x86_64-linux-gnu/libz.so.1.2.11
7f102a1e3000-7f102a1e9000 r--p 00013000 08:06 3544289                    /lib/x86_64-linux-gnu/libz.so.1.2.11
7f102a1e9000-7f102a1ea000 ---p 00019000 08:06 3544289                    /lib/x86_64-linux-gnu/libz.so.1.2.11
7f102a1ea000-7f102a1eb000 r--p 00019000 08:06 3544289                    /lib/x86_64-linux-gnu/libz.so.1.2.11
7f102a1eb000-7f102a1ec000 rw-p 0001a000 08:06 3544289                    /lib/x86_64-linux-gnu/libz.so.1.2.11
7f102a1ec000-7f102a211000 r--p 00000000 08:06 3549081                    /lib/x86_64-linux-gnu/libc-2.31.so
7f102a211000-7f102a389000 r-xp 00025000 08:06 3549081                    /lib/x86_64-linux-gnu/libc-2.31.so
7f102a389000-7f102a3d3000 r--p 0019d000 08:06 3549081                    /lib/x86_64-linux-gnu/libc-2.31.so
7f102a3d3000-7f102a3d4000 ---p 001e7000 08:06 3549081                    /lib/x86_64-linux-gnu/libc-2.31.so
7f102a3d4000-7f102a3d7000 r--p 001e7000 08:06 3549081                    /lib/x86_64-linux-gnu/libc-2.31.so
7f102a3d7000-7f102a3da000 rw-p 001ea000 08:06 3549081                    /lib/x86_64-linux-gnu/libc-2.31.so
7f102a3da000-7f102a3de000 rw-p 00000000 00:00 0 
7f102a3df000-7f102a3e0000 ---p 00000000 00:00 0 
7f102a3e0000-7f102a3e1000 r--p 00000000 00:00 0 
7f102a3e1000-7f102a3e6000 r--p 00000000 08:06 3022477                    /usr/lib/jvm/java-11-openjdk-amd64/lib/libverify.so
7f102a3e6000-7f102a3ed000 r-xp 00005000 08:06 3022477                    /usr/lib/jvm/java-11-openjdk-amd64/lib/libverify.so
7f102a3ed000-7f102a3ef000 r--p 0000c000 08:06 3022477                    /usr/lib/jvm/java-11-openjdk-amd64/lib/libverify.so
7f102a3ef000-7f102a3f0000 ---p 0000e000 08:06 3022477                    /usr/lib/jvm/java-11-openjdk-amd64/lib/libverify.so
7f102a3f0000-7f102a3f2000 r--p 0000e000 08:06 3022477                    /usr/lib/jvm/java-11-openjdk-amd64/lib/libverify.so
7f102a3f2000-7f102a3f3000 rw-p 00010000 08:06 3022477                    /usr/lib/jvm/java-11-openjdk-amd64/lib/libverify.so
7f102a3f3000-7f102a3f6000 r--p 00000000 08:06 3020592                    /usr/lib/jvm/java-11-openjdk-amd64/lib/jli/libjli.so
7f102a3f6000-7f102a400000 r-xp 00003000 08:06 3020592                    /usr/lib/jvm/java-11-openjdk-amd64/lib/jli/libjli.so
7f102a400000-7f102a403000 r--p 0000d000 08:06 3020592                    /usr/lib/jvm/java-11-openjdk-amd64/lib/jli/libjli.so
7f102a403000-7f102a404000 ---p 00010000 08:06 3020592                    /usr/lib/jvm/java-11-openjdk-amd64/lib/jli/libjli.so
7f102a404000-7f102a405000 r--p 00010000 08:06 3020592                    /usr/lib/jvm/java-11-openjdk-amd64/lib/jli/libjli.so
7f102a405000-7f102a406000 rw-p 00011000 08:06 3020592                    /usr/lib/jvm/java-11-openjdk-amd64/lib/jli/libjli.so
7f102a406000-7f102a408000 rw-p 00000000 00:00 0 
7f102a408000-7f102a409000 r--p 00000000 08:06 3549075                    /lib/x86_64-linux-gnu/ld-2.31.so
7f102a409000-7f102a42c000 r-xp 00001000 08:06 3549075                    /lib/x86_64-linux-gnu/ld-2.31.so
7f102a42c000-7f102a434000 r--p 00024000 08:06 3549075                    /lib/x86_64-linux-gnu/ld-2.31.so
7f102a435000-7f102a436000 r--p 0002c000 08:06 3549075                    /lib/x86_64-linux-gnu/ld-2.31.so
7f102a436000-7f102a437000 rw-p 0002d000 08:06 3549075                    /lib/x86_64-linux-gnu/ld-2.31.so
7f102a437000-7f102a438000 rw-p 00000000 00:00 0 
7ffd22ec3000-7ffd22ee7000 rw-p 00000000 00:00 0                          [stack]
7ffd22fa5000-7ffd22fa8000 r--p 00000000 00:00 0                          [vvar]
7ffd22fa8000-7ffd22fa9000 r-xp 00000000 00:00 0                          [vdso]
ffffffffff600000-ffffffffff601000 --xp 00000000 00:00 0                  [vsyscall]


VM Arguments:
jvm_args: -agentlib:jdwp=transport=dt_socket,suspend=y,address=localhost:40271 -ea -javaagent:/home/evillyn/eclipse/jee-2020-12/eclipse/configuration/org.eclipse.osgi/400/0/.cp/lib/javaagent-shaded.jar -Dfile.encoding=UTF-8 
java_command: org.eclipse.jdt.internal.junit.runner.RemoteTestRunner -version 3 -port 39015 -testLoaderClass org.eclipse.jdt.internal.junit5.runner.JUnit5TestLoader -loaderpluginname org.eclipse.jdt.junit5.runtime -classNames net.atos.api.logistica.service.LogisticaServiceTest
java_class_path (initial): /home/evillyn/academia-atos-workspace/equipe-5-acelera-atos-api/logistica/target/test-classes:/home/evillyn/academia-atos-workspace/equipe-5-acelera-atos-api/logistica/target/classes:/home/evillyn/.m2/repository/org/springframework/boot/spring-boot-starter-amqp/2.6.1/spring-boot-starter-amqp-2.6.1.jar:/home/evillyn/.m2/repository/org/springframework/boot/spring-boot-starter/2.6.1/spring-boot-starter-2.6.1.jar:/home/evillyn/.m2/repository/org/springframework/boot/spring-boot/2.6.1/spring-boot-2.6.1.jar:/home/evillyn/.m2/repository/org/springframework/boot/spring-boot-autoconfigure/2.6.1/spring-boot-autoconfigure-2.6.1.jar:/home/evillyn/.m2/repository/org/springframework/boot/spring-boot-starter-logging/2.6.1/spring-boot-starter-logging-2.6.1.jar:/home/evillyn/.m2/repository/ch/qos/logback/logback-classic/1.2.7/logback-classic-1.2.7.jar:/home/evillyn/.m2/repository/ch/qos/logback/logback-core/1.2.7/logback-core-1.2.7.jar:/home/evillyn/.m2/repository/org/apache/logging/log4j/log4j-to-slf4j/2.14.1/log4j-to-slf4j-2.14.1.jar:/home/evillyn/.m2/repository/org/apache/logging/log4j/log4j-api/2.14.1/log4j-api-2.14.1.jar:/home/evillyn/.m2/repository/org/slf4j/jul-to-slf4j/1.7.32/jul-to-slf4j-1.7.32.jar:/home/evillyn/.m2/repository/jakarta/annotation/jakarta.annotation-api/1.3.5/jakarta.annotation-api-1.3.5.jar:/home/evillyn/.m2/repository/org/yaml/snakeyaml/1.29/snakeyaml-1.29.jar:/home/evillyn/.m2/repository/org/springframework/spring-messaging/5.3.13/spring-messaging-5.3.13.jar:/home/evillyn/.m2/repository/org/springframework/spring-beans/5.3.13/spring-beans-5.3.13.jar:/home/evillyn/.m2/repository/org/springframework/amqp/spring-rabbit/2.4.0/spring-rabbit-2.4.0.jar:/home/evillyn/.m2/repository/org/springframework/amqp/spring-amqp/2.4.0/spring-amqp-2.4.0.jar:/home/evillyn/.m2/repository/org/springframework/retry/spring-retry/1.3.1/spring-retry-1.3.1.jar:/home/evillyn/.m2/repository/javax/annotation/javax.annotation-api/1.3.2/javax.annotation-api-1.
Launcher Type: SUN_STANDARD

[Global flags]
     intx CICompilerCount                          = 3                                         {product} {ergonomic}
     uint ConcGCThreads                            = 2                                         {product} {ergonomic}
     uint G1ConcRefinementThreads                  = 6                                         {product} {ergonomic}
   size_t G1HeapRegionSize                         = 1048576                                   {product} {ergonomic}
    uintx GCDrainStackTargetSize                   = 64                                        {product} {ergonomic}
   size_t InitialHeapSize                          = 262144000                                 {product} {ergonomic}
   size_t MarkStackSize                            = 4194304                                   {product} {ergonomic}
   size_t MaxHeapSize                              = 4181721088                                {product} {ergonomic}
   size_t MaxNewSize                               = 2508193792                                {product} {ergonomic}
   size_t MinHeapDeltaBytes                        = 1048576                                   {product} {ergonomic}
    uintx NonNMethodCodeHeapSize                   = 5830732                                {pd product} {ergonomic}
    uintx NonProfiledCodeHeapSize                  = 122913754                              {pd product} {ergonomic}
    uintx ProfiledCodeHeapSize                     = 122913754                              {pd product} {ergonomic}
    uintx ReservedCodeCacheSize                    = 251658240                              {pd product} {ergonomic}
     bool SegmentedCodeCache                       = true                                      {product} {ergonomic}
     bool UseCompressedClassPointers               = true                                 {lp64_product} {ergonomic}
     bool UseCompressedOops                        = true                                 {lp64_product} {ergonomic}
     bool UseG1GC                                  = true                                      {product} {ergonomic}

Logging:
Log output configuration:
 #0: stdout all=warning uptime,level,tags
 #1: stderr all=off uptime,level,tags

Environment Variables:
JAVA_HOME=/usr/lib/jvm/java-8-openjdk-amd64/bin/java
PATH=/home/evillyn/.local/bin:/usr/local/sbin:/usr/local/bin:/usr/sbin:/usr/bin:/sbin:/bin:/usr/games:/usr/local/games:/snap/bin
SHELL=/bin/bash
DISPLAY=:0
LANG=pt_BR.UTF-8

Signal Handlers:
SIGSEGV: [libjvm.so+0xe824c0], sa_mask[0]=11111111011111111101111111111110, sa_flags=SA_RESTART|SA_SIGINFO
SIGBUS: [libjvm.so+0xe824c0], sa_mask[0]=11111111011111111101111111111110, sa_flags=SA_RESTART|SA_SIGINFO
SIGFPE: [libjvm.so+0xe824c0], sa_mask[0]=11111111011111111101111111111110, sa_flags=SA_RESTART|SA_SIGINFO
SIGPIPE: [libjvm.so+0xbc8ee0], sa_mask[0]=11111111011111111101111111111110, sa_flags=SA_RESTART|SA_SIGINFO
SIGXFSZ: [libjvm.so+0xbc8ee0], sa_mask[0]=11111111011111111101111111111110, sa_flags=SA_RESTART|SA_SIGINFO
SIGILL: [libjvm.so+0xe824c0], sa_mask[0]=11111111011111111101111111111110, sa_flags=SA_RESTART|SA_SIGINFO
SIGUSR2: [libjvm.so+0xbc8d80], sa_mask[0]=00100000000000000000000000000000, sa_flags=SA_RESTART|SA_SIGINFO
SIGHUP: [libjvm.so+0xbc9220], sa_mask[0]=11111111011111111101111111111110, sa_flags=SA_RESTART|SA_SIGINFO
SIGINT: [libjvm.so+0xbc9220], sa_mask[0]=11111111011111111101111111111110, sa_flags=SA_RESTART|SA_SIGINFO
SIGTERM: [libjvm.so+0xbc9220], sa_mask[0]=11111111011111111101111111111110, sa_flags=SA_RESTART|SA_SIGINFO
SIGQUIT: [libjvm.so+0xbc9220], sa_mask[0]=11111111011111111101111111111110, sa_flags=SA_RESTART|SA_SIGINFO


---------------  S Y S T E M  ---------------

OS:DISTRIB_ID=LinuxMint
DISTRIB_RELEASE=20
DISTRIB_CODENAME=ulyana
DISTRIB_DESCRIPTION="Linux Mint 20 Ulyana"
uname:Linux 5.4.0-58-generic #64-Ubuntu SMP Wed Dec 9 08:16:25 UTC 2020 x86_64
OS uptime: 0 days 4:27 hours
libc:glibc 2.31 NPTL 2.31 
rlimit (soft/hard): STACK 8192k/infinity , CORE 0k/infinity , NPROC 63437/63437 , NOFILE 1048576/1048576 , AS infinity/infinity , CPU infinity/infinity , DATA infinity/infinity , FSIZE infinity/infinity , MEMLOCK 65536k/65536k
load average:1,14 1,26 1,32

/proc/meminfo:
MemTotal:       16331820 kB
MemFree:         8535420 kB
MemAvailable:   11238268 kB
Buffers:          198764 kB
Cached:          2914468 kB
SwapCached:            0 kB
Active:          5353300 kB
Inactive:        2004044 kB
Active(anon):    4247268 kB
Inactive(anon):   233268 kB
Active(file):    1106032 kB
Inactive(file):  1770776 kB
Unevictable:         144 kB
Mlocked:             144 kB
SwapTotal:       2097148 kB
SwapFree:        2097148 kB
Dirty:              1908 kB
Writeback:             0 kB
AnonPages:       4244408 kB
Mapped:           939932 kB
Shmem:            240140 kB
KReclaimable:     158184 kB
Slab:             289240 kB
SReclaimable:     158184 kB
SUnreclaim:       131056 kB
KernelStack:       17824 kB
PageTables:        37120 kB
NFS_Unstable:          0 kB
Bounce:                0 kB
WritebackTmp:          0 kB
CommitLimit:    10263056 kB
Committed_AS:   11497956 kB
VmallocTotal:   34359738367 kB
VmallocUsed:       29948 kB
VmallocChunk:          0 kB
Percpu:             5600 kB
HardwareCorrupted:     0 kB
AnonHugePages:         0 kB
ShmemHugePages:        0 kB
ShmemPmdMapped:        0 kB
FileHugePages:         0 kB
FilePmdMapped:         0 kB
CmaTotal:              0 kB
CmaFree:               0 kB
HugePages_Total:       0
HugePages_Free:        0
HugePages_Rsvd:        0
HugePages_Surp:        0
Hugepagesize:       2048 kB
Hugetlb:               0 kB
DirectMap4k:      368236 kB
DirectMap2M:     9003008 kB
DirectMap1G:     7340032 kB

/sys/kernel/mm/transparent_hugepage/enabled:
always [madvise] never
/sys/kernel/mm/transparent_hugepage/defrag (defrag/compaction efforts parameter):
always defer defer+madvise [madvise] never

/proc/sys/kernel/threads-max (system-wide limit on the number of threads):
126874
/proc/sys/vm/max_map_count (maximum number of memory map areas a process may have):
65530
/proc/sys/kernel/pid_max (system-wide limit on number of process identifiers):
4194304

container (cgroup) information:
container_type: cgroupv1
cpu_cpuset_cpus: 0-5
cpu_memory_nodes: 0
active_processor_count: 6
cpu_quota: -1
cpu_period: 100000
cpu_shares: -1
memory_limit_in_bytes: -1
memory_and_swap_limit_in_bytes: -2
memory_soft_limit_in_bytes: -1
memory_usage_in_bytes: 6626082816
memory_max_usage_in_bytes: 6872363008

Steal ticks since vm start: 0
Steal ticks percentage since vm start:  0,000

CPU:total 6 (initial active 6) (6 cores per cpu, 1 threads per core) family 6 model 158 stepping 10, cmov, cx8, fxsr, mmx, sse, sse2, sse3, ssse3, sse4.1, sse4.2, popcnt, avx, avx2, aes, clmul, erms, 3dnowpref, lzcnt, tsc, tscinvbit, bmi1, bmi2, adx, fma
CPU Model and flags from /proc/cpuinfo:
model name	: Intel(R) Core(TM) i5-9400F CPU @ 2.90GHz
flags		: fpu vme de pse tsc msr pae mce cx8 apic sep mtrr pge mca cmov pat pse36 clflush dts acpi mmx fxsr sse sse2 ss ht tm pbe syscall nx pdpe1gb rdtscp lm constant_tsc art arch_perfmon pebs bts rep_good nopl xtopology nonstop_tsc cpuid aperfmperf pni pclmulqdq dtes64 monitor ds_cpl vmx est tm2 ssse3 sdbg fma cx16 xtpr pdcm pcid sse4_1 sse4_2 x2apic movbe popcnt tsc_deadline_timer aes xsave avx f16c rdrand lahf_lm abm 3dnowprefetch cpuid_fault epb invpcid_single pti ssbd ibrs ibpb stibp tpr_shadow vnmi flexpriority ept vpid ept_ad fsgsbase tsc_adjust bmi1 avx2 smep bmi2 erms invpcid mpx rdseed adx smap clflushopt intel_pt xsaveopt xsavec xgetbv1 xsaves dtherm ida arat pln pts hwp hwp_notify hwp_act_window hwp_epp md_clear flush_l1d
Online cpus:
0-5
Offline cpus:

BIOS frequency limitation:
<Not Available>
Frequency switch latency (ns):
0
Available cpu frequencies:
<Not Available>
Current governor:
powersave
Core performance/turbo boost:
<Not Available>

Memory: 4k page, physical 16331820k(8535168k free), swap 2097148k(2097148k free)

vm_info: OpenJDK 64-Bit Server VM (11.0.9.1+1-Ubuntu-0ubuntu1.20.04) for linux-amd64 JRE (11.0.9.1+1-Ubuntu-0ubuntu1.20.04), built on Nov 10 2020 04:18:42 by "unknown" with gcc 9.3.0

END.
