#
# A fatal error has been detected by the Java Runtime Environment:
#
#  Internal Error (generateOopMap.cpp:2164), pid=18177, tid=18192
#  fatal error: Illegal class file encountered. Try running with -Xverify:all in method teste_DadosOrdemDeServicoPreenchidos_OrdemDeServicoCadastrada
#
# JRE version: OpenJDK Runtime Environment (11.0.9.1+1) (build 11.0.9.1+1-Ubuntu-0ubuntu1.20.04)
# Java VM: OpenJDK 64-Bit Server VM (11.0.9.1+1-Ubuntu-0ubuntu1.20.04, mixed mode, tiered, compressed oops, g1 gc, linux-amd64)
# Core dump will be written. Default location: Core dumps may be processed with "/lib/systemd/systemd-coredump %P %u %g %s %t 9223372036854775808 %h" (or dumping to /home/evillyn/academia-atos-workspace/equipe-5-acelera-atos-api/logistica/core.18177)
#
# If you would like to submit a bug report, please visit:
#   https://bugs.launchpad.net/ubuntu/+source/openjdk-lts
#

---------------  S U M M A R Y ------------

Command Line: -agentlib:jdwp=transport=dt_socket,suspend=y,address=localhost:35741 -ea -javaagent:/home/evillyn/eclipse/jee-2020-12/eclipse/configuration/org.eclipse.osgi/400/0/.cp/lib/javaagent-shaded.jar -Dfile.encoding=UTF-8 org.eclipse.jdt.internal.junit.runner.RemoteTestRunner -version 3 -port 33545 -testLoaderClass org.eclipse.jdt.internal.junit5.runner.JUnit5TestLoader -loaderpluginname org.eclipse.jdt.junit5.runtime -classNames net.atos.api.logistica.service.LogisticaServiceTest

Host: Intel(R) Core(TM) i5-9400F CPU @ 2.90GHz, 6 cores, 15G, Linux Mint 20 Ulyana
Time: Thu Dec 16 23:25:29 2021 -03 elapsed time: 182.688400 seconds (0d 0h 3m 2s)

---------------  T H R E A D  ---------------

Current thread (0x00007fc6c4256800):  VMThread "VM Thread" [stack: 0x00007fc6c8444000,0x00007fc6c8544000] [id=18192]

Stack: [0x00007fc6c8444000,0x00007fc6c8544000],  sp=0x00007fc6c8541840,  free space=1014k
Native frames: (J=compiled Java code, A=aot compiled Java code, j=interpreted, Vv=VM code, C=native code)
V  [libjvm.so+0xe8177a]
V  [libjvm.so+0xe82425]
V  [libjvm.so+0x66a02f]
V  [libjvm.so+0x7c6b4a]
V  [libjvm.so+0x7c6beb]
V  [libjvm.so+0x7c850a]
V  [libjvm.so+0x7cbe63]
V  [libjvm.so+0x7cd8f4]
V  [libjvm.so+0x7cdbc3]
V  [libjvm.so+0xbbac04]
V  [libjvm.so+0xbbb8fb]
V  [libjvm.so+0xbbbe0b]
V  [libjvm.so+0xb5c99e]
V  [libjvm.so+0x9ecd5e]
V  [libjvm.so+0xe84000]
V  [libjvm.so+0xe89ee7]
V  [libjvm.so+0xe8a520]
V  [libjvm.so+0xe8a886]
V  [libjvm.so+0xe14330]
V  [libjvm.so+0xbd26e6]

VM_Operation (0x00007fc69998b950): GetOrSetLocal, mode: safepoint, requested by thread 0x00007fc6c4382000


---------------  P R O C E S S  ---------------

Threads class SMR info:
_java_thread_list=0x00007fc66c1a82e0, length=13, elements={
0x00007fc6c401b000, 0x00007fc6c425e800, 0x00007fc6c4262800, 0x00007fc6c4277800,
0x00007fc6c4279800, 0x00007fc6c427b800, 0x00007fc6c427d800, 0x00007fc6c4311800,
0x00007fc6c4382000, 0x00007fc6c4386800, 0x00007fc660001800, 0x00007fc6c4954000,
0x00007fc6c4a48800
}

Java Threads: ( => current thread )
  0x00007fc6c401b000 JavaThread "main" [_thread_blocked, id=18184, stack(0x00007fc6cb22e000,0x00007fc6cb32f000)]
  0x00007fc6c425e800 JavaThread "Reference Handler" daemon [_thread_blocked, id=18193, stack(0x00007fc6c8341000,0x00007fc6c8442000)]
  0x00007fc6c4262800 JavaThread "Finalizer" daemon [_thread_blocked, id=18194, stack(0x00007fc6c8240000,0x00007fc6c8341000)]
  0x00007fc6c4277800 JavaThread "Signal Dispatcher" daemon [_thread_blocked, id=18195, stack(0x00007fc6c813f000,0x00007fc6c8240000)]
  0x00007fc6c4279800 JavaThread "C2 CompilerThread0" daemon [_thread_blocked, id=18196, stack(0x00007fc6c803e000,0x00007fc6c813f000)]
  0x00007fc6c427b800 JavaThread "C1 CompilerThread0" daemon [_thread_blocked, id=18197, stack(0x00007fc6a025f000,0x00007fc6a0360000)]
  0x00007fc6c427d800 JavaThread "Sweeper thread" daemon [_thread_blocked, id=18198, stack(0x00007fc6a015e000,0x00007fc6a025f000)]
  0x00007fc6c4311800 JavaThread "Common-Cleaner" daemon [_thread_blocked, id=18199, stack(0x00007fc6a005d000,0x00007fc6a015e000)]
  0x00007fc6c4382000 JavaThread "JDWP Transport Listener: dt_socket" daemon [_thread_blocked, id=18202, stack(0x00007fc69988c000,0x00007fc69998d000)] _threads_hazard_ptr=0x00007fc66c1a82e0
  0x00007fc6c4386800 JavaThread "JDWP Event Helper Thread" daemon [_thread_blocked, id=18204, stack(0x00007fc69978b000,0x00007fc69988c000)]
  0x00007fc660001800 JavaThread "JDWP Command Reader" daemon [_thread_in_native, id=18206, stack(0x00007fc69968a000,0x00007fc69978b000)]
  0x00007fc6c4954000 JavaThread "Service Thread" daemon [_thread_blocked, id=18209, stack(0x00007fc699589000,0x00007fc69968a000)]
  0x00007fc6c4a48800 JavaThread "ReaderThread" [_thread_in_native, id=18216, stack(0x00007fc698c7c000,0x00007fc698d7d000)]

Other Threads:
=>0x00007fc6c4256800 VMThread "VM Thread" [stack: 0x00007fc6c8444000,0x00007fc6c8544000] [id=18192]
  0x00007fc6c4955800 WatcherThread [stack: 0x00007fc699489000,0x00007fc699589000] [id=18210]
  0x00007fc6c4033000 GCTaskThread "GC Thread#0" [stack: 0x00007fc6cae96000,0x00007fc6caf96000] [id=18185]
  0x00007fc68c001000 GCTaskThread "GC Thread#1" [stack: 0x00007fc699187000,0x00007fc699287000] [id=18211]
  0x00007fc68c002800 GCTaskThread "GC Thread#2" [stack: 0x00007fc699085000,0x00007fc699185000] [id=18212]
  0x00007fc68c004000 GCTaskThread "GC Thread#3" [stack: 0x00007fc698f83000,0x00007fc699083000] [id=18213]
  0x00007fc68c006000 GCTaskThread "GC Thread#4" [stack: 0x00007fc698e81000,0x00007fc698f81000] [id=18214]
  0x00007fc68c007800 GCTaskThread "GC Thread#5" [stack: 0x00007fc698d7f000,0x00007fc698e7f000] [id=18215]
  0x00007fc6c4091000 ConcurrentGCThread "G1 Main Marker" [stack: 0x00007fc6c8f2e000,0x00007fc6c902e000] [id=18187]
  0x00007fc6c4093000 ConcurrentGCThread "G1 Conc#0" [stack: 0x00007fc6c8e2c000,0x00007fc6c8f2c000] [id=18188]
  0x00007fc69c001000 ConcurrentGCThread "G1 Conc#1" [stack: 0x00007fc6980ae000,0x00007fc6981ae000] [id=18219]
  0x00007fc6c418a800 ConcurrentGCThread "G1 Refine#0" [stack: 0x00007fc6c8724000,0x00007fc6c8824000] [id=18189]
  0x00007fc6c418c800 ConcurrentGCThread "G1 Young RemSet Sampling" [stack: 0x00007fc6c8622000,0x00007fc6c8722000] [id=18190]

Threads with active compile tasks:

VM state:at safepoint (normal execution)

VM Mutex/Monitor currently owned by a thread:  ([mutex/lock_event])
[0x00007fc6c4017bf0] Threads_lock - owner thread: 0x00007fc6c4256800

Heap address: 0x0000000706c00000, size: 3988 MB, Compressed Oops mode: Zero based, Oop shift amount: 3
Narrow klass base: 0x0000000800000000, Narrow klass shift: 0
Compressed class space size: 1073741824 Address: 0x0000000800000000

Heap:
 garbage-first heap   total 256000K, used 58163K [0x0000000706c00000, 0x0000000800000000)
  region size 1024K, 51 young (52224K), 4 survivors (4096K)
 Metaspace       used 26323K, capacity 27087K, committed 27264K, reserved 1073152K
  class space    used 3316K, capacity 3586K, committed 3712K, reserved 1048576K
Heap Regions: E=young(eden), S=young(survivor), O=old, HS=humongous(starts), HC=humongous(continues), CS=collection set, F=free, A=archive, TAMS=top-at-mark-start (previous, next)
|   0|0x0000000706c00000, 0x0000000706d00000, 0x0000000706d00000|100%|HS|  |TAMS 0x0000000706d00000, 0x0000000706c00000| Complete 
|   1|0x0000000706d00000, 0x0000000706e00000, 0x0000000706e00000|100%| O|  |TAMS 0x0000000706e00000, 0x0000000706d00000| Untracked 
|   2|0x0000000706e00000, 0x0000000706f00000, 0x0000000706f00000|100%| O|  |TAMS 0x0000000706f00000, 0x0000000706e00000| Untracked 
|   3|0x0000000706f00000, 0x0000000707000000, 0x0000000707000000|100%| O|  |TAMS 0x0000000707000000, 0x0000000706f00000| Untracked 
|   4|0x0000000707000000, 0x0000000707100000, 0x0000000707100000|100%| O|  |TAMS 0x0000000707100000, 0x0000000707000000| Untracked 
|   5|0x0000000707100000, 0x0000000707200000, 0x0000000707200000|100%| O|  |TAMS 0x0000000707200000, 0x0000000707100000| Untracked 
|   6|0x0000000707200000, 0x0000000707300000, 0x0000000707300000|100%| O|  |TAMS 0x0000000707300000, 0x0000000707200000| Untracked 
|   7|0x0000000707300000, 0x0000000707400000, 0x0000000707400000|100%| O|  |TAMS 0x0000000707400000, 0x0000000707300000| Untracked 
|   8|0x0000000707400000, 0x000000070741ac00, 0x0000000707500000| 10%| O|  |TAMS 0x000000070741ac00, 0x0000000707400000| Untracked 
|   9|0x0000000707500000, 0x0000000707500000, 0x0000000707600000|  0%| F|  |TAMS 0x0000000707500000, 0x0000000707500000| Untracked 
|  10|0x0000000707600000, 0x0000000707600000, 0x0000000707700000|  0%| F|  |TAMS 0x0000000707600000, 0x0000000707600000| Untracked 
|  11|0x0000000707700000, 0x0000000707700000, 0x0000000707800000|  0%| F|  |TAMS 0x0000000707700000, 0x0000000707700000| Untracked 
|  12|0x0000000707800000, 0x0000000707800000, 0x0000000707900000|  0%| F|  |TAMS 0x0000000707800000, 0x0000000707800000| Untracked 
|  13|0x0000000707900000, 0x0000000707900000, 0x0000000707a00000|  0%| F|  |TAMS 0x0000000707900000, 0x0000000707900000| Untracked 
|  14|0x0000000707a00000, 0x0000000707a00000, 0x0000000707b00000|  0%| F|  |TAMS 0x0000000707a00000, 0x0000000707a00000| Untracked 
|  15|0x0000000707b00000, 0x0000000707b00000, 0x0000000707c00000|  0%| F|  |TAMS 0x0000000707b00000, 0x0000000707b00000| Untracked 
|  16|0x0000000707c00000, 0x0000000707c00000, 0x0000000707d00000|  0%| F|  |TAMS 0x0000000707c00000, 0x0000000707c00000| Untracked 
|  17|0x0000000707d00000, 0x0000000707d00000, 0x0000000707e00000|  0%| F|  |TAMS 0x0000000707d00000, 0x0000000707d00000| Untracked 
|  18|0x0000000707e00000, 0x0000000707e00000, 0x0000000707f00000|  0%| F|  |TAMS 0x0000000707e00000, 0x0000000707e00000| Untracked 
|  19|0x0000000707f00000, 0x0000000707f00000, 0x0000000708000000|  0%| F|  |TAMS 0x0000000707f00000, 0x0000000707f00000| Untracked 
|  20|0x0000000708000000, 0x0000000708000000, 0x0000000708100000|  0%| F|  |TAMS 0x0000000708000000, 0x0000000708000000| Untracked 
|  21|0x0000000708100000, 0x0000000708100000, 0x0000000708200000|  0%| F|  |TAMS 0x0000000708100000, 0x0000000708100000| Untracked 
|  22|0x0000000708200000, 0x0000000708200000, 0x0000000708300000|  0%| F|  |TAMS 0x0000000708200000, 0x0000000708200000| Untracked 
|  23|0x0000000708300000, 0x0000000708300000, 0x0000000708400000|  0%| F|  |TAMS 0x0000000708300000, 0x0000000708300000| Untracked 
|  24|0x0000000708400000, 0x0000000708400000, 0x0000000708500000|  0%| F|  |TAMS 0x0000000708400000, 0x0000000708400000| Untracked 
|  25|0x0000000708500000, 0x0000000708500000, 0x0000000708600000|  0%| F|  |TAMS 0x0000000708500000, 0x0000000708500000| Untracked 
|  26|0x0000000708600000, 0x0000000708600000, 0x0000000708700000|  0%| F|  |TAMS 0x0000000708600000, 0x0000000708600000| Untracked 
|  27|0x0000000708700000, 0x0000000708700000, 0x0000000708800000|  0%| F|  |TAMS 0x0000000708700000, 0x0000000708700000| Untracked 
|  28|0x0000000708800000, 0x0000000708800000, 0x0000000708900000|  0%| F|  |TAMS 0x0000000708800000, 0x0000000708800000| Untracked 
|  29|0x0000000708900000, 0x0000000708900000, 0x0000000708a00000|  0%| F|  |TAMS 0x0000000708900000, 0x0000000708900000| Untracked 
|  30|0x0000000708a00000, 0x0000000708a00000, 0x0000000708b00000|  0%| F|  |TAMS 0x0000000708a00000, 0x0000000708a00000| Untracked 
|  31|0x0000000708b00000, 0x0000000708b00000, 0x0000000708c00000|  0%| F|  |TAMS 0x0000000708b00000, 0x0000000708b00000| Untracked 
|  32|0x0000000708c00000, 0x0000000708c00000, 0x0000000708d00000|  0%| F|  |TAMS 0x0000000708c00000, 0x0000000708c00000| Untracked 
|  33|0x0000000708d00000, 0x0000000708d00000, 0x0000000708e00000|  0%| F|  |TAMS 0x0000000708d00000, 0x0000000708d00000| Untracked 
|  34|0x0000000708e00000, 0x0000000708e00000, 0x0000000708f00000|  0%| F|  |TAMS 0x0000000708e00000, 0x0000000708e00000| Untracked 
|  35|0x0000000708f00000, 0x0000000708f00000, 0x0000000709000000|  0%| F|  |TAMS 0x0000000708f00000, 0x0000000708f00000| Untracked 
|  36|0x0000000709000000, 0x0000000709000000, 0x0000000709100000|  0%| F|  |TAMS 0x0000000709000000, 0x0000000709000000| Untracked 
|  37|0x0000000709100000, 0x0000000709100000, 0x0000000709200000|  0%| F|  |TAMS 0x0000000709100000, 0x0000000709100000| Untracked 
|  38|0x0000000709200000, 0x0000000709200000, 0x0000000709300000|  0%| F|  |TAMS 0x0000000709200000, 0x0000000709200000| Untracked 
|  39|0x0000000709300000, 0x0000000709300000, 0x0000000709400000|  0%| F|  |TAMS 0x0000000709300000, 0x0000000709300000| Untracked 
|  40|0x0000000709400000, 0x0000000709400000, 0x0000000709500000|  0%| F|  |TAMS 0x0000000709400000, 0x0000000709400000| Untracked 
|  41|0x0000000709500000, 0x0000000709500000, 0x0000000709600000|  0%| F|  |TAMS 0x0000000709500000, 0x0000000709500000| Untracked 
|  42|0x0000000709600000, 0x0000000709600000, 0x0000000709700000|  0%| F|  |TAMS 0x0000000709600000, 0x0000000709600000| Untracked 
|  43|0x0000000709700000, 0x0000000709700000, 0x0000000709800000|  0%| F|  |TAMS 0x0000000709700000, 0x0000000709700000| Untracked 
|  44|0x0000000709800000, 0x0000000709800000, 0x0000000709900000|  0%| F|  |TAMS 0x0000000709800000, 0x0000000709800000| Untracked 
|  45|0x0000000709900000, 0x0000000709900000, 0x0000000709a00000|  0%| F|  |TAMS 0x0000000709900000, 0x0000000709900000| Untracked 
|  46|0x0000000709a00000, 0x0000000709a00000, 0x0000000709b00000|  0%| F|  |TAMS 0x0000000709a00000, 0x0000000709a00000| Untracked 
|  47|0x0000000709b00000, 0x0000000709b00000, 0x0000000709c00000|  0%| F|  |TAMS 0x0000000709b00000, 0x0000000709b00000| Untracked 
|  48|0x0000000709c00000, 0x0000000709c00000, 0x0000000709d00000|  0%| F|  |TAMS 0x0000000709c00000, 0x0000000709c00000| Untracked 
|  49|0x0000000709d00000, 0x0000000709d00000, 0x0000000709e00000|  0%| F|  |TAMS 0x0000000709d00000, 0x0000000709d00000| Untracked 
|  50|0x0000000709e00000, 0x0000000709e00000, 0x0000000709f00000|  0%| F|  |TAMS 0x0000000709e00000, 0x0000000709e00000| Untracked 
|  51|0x0000000709f00000, 0x0000000709f00000, 0x000000070a000000|  0%| F|  |TAMS 0x0000000709f00000, 0x0000000709f00000| Untracked 
|  52|0x000000070a000000, 0x000000070a000000, 0x000000070a100000|  0%| F|  |TAMS 0x000000070a000000, 0x000000070a000000| Untracked 
|  53|0x000000070a100000, 0x000000070a100000, 0x000000070a200000|  0%| F|  |TAMS 0x000000070a100000, 0x000000070a100000| Untracked 
|  54|0x000000070a200000, 0x000000070a200000, 0x000000070a300000|  0%| F|  |TAMS 0x000000070a200000, 0x000000070a200000| Untracked 
|  55|0x000000070a300000, 0x000000070a300000, 0x000000070a400000|  0%| F|  |TAMS 0x000000070a300000, 0x000000070a300000| Untracked 
|  56|0x000000070a400000, 0x000000070a400000, 0x000000070a500000|  0%| F|  |TAMS 0x000000070a400000, 0x000000070a400000| Untracked 
|  57|0x000000070a500000, 0x000000070a500000, 0x000000070a600000|  0%| F|  |TAMS 0x000000070a500000, 0x000000070a500000| Untracked 
|  58|0x000000070a600000, 0x000000070a600000, 0x000000070a700000|  0%| F|  |TAMS 0x000000070a600000, 0x000000070a600000| Untracked 
|  59|0x000000070a700000, 0x000000070a700000, 0x000000070a800000|  0%| F|  |TAMS 0x000000070a700000, 0x000000070a700000| Untracked 
|  60|0x000000070a800000, 0x000000070a800000, 0x000000070a900000|  0%| F|  |TAMS 0x000000070a800000, 0x000000070a800000| Untracked 
|  61|0x000000070a900000, 0x000000070a900000, 0x000000070aa00000|  0%| F|  |TAMS 0x000000070a900000, 0x000000070a900000| Untracked 
|  62|0x000000070aa00000, 0x000000070aa00000, 0x000000070ab00000|  0%| F|  |TAMS 0x000000070aa00000, 0x000000070aa00000| Untracked 
|  63|0x000000070ab00000, 0x000000070ab00000, 0x000000070ac00000|  0%| F|  |TAMS 0x000000070ab00000, 0x000000070ab00000| Untracked 
|  64|0x000000070ac00000, 0x000000070ac00000, 0x000000070ad00000|  0%| F|  |TAMS 0x000000070ac00000, 0x000000070ac00000| Untracked 
|  65|0x000000070ad00000, 0x000000070ad00000, 0x000000070ae00000|  0%| F|  |TAMS 0x000000070ad00000, 0x000000070ad00000| Untracked 
|  66|0x000000070ae00000, 0x000000070ae00000, 0x000000070af00000|  0%| F|  |TAMS 0x000000070ae00000, 0x000000070ae00000| Untracked 
|  67|0x000000070af00000, 0x000000070af00000, 0x000000070b000000|  0%| F|  |TAMS 0x000000070af00000, 0x000000070af00000| Untracked 
|  68|0x000000070b000000, 0x000000070b000000, 0x000000070b100000|  0%| F|  |TAMS 0x000000070b000000, 0x000000070b000000| Untracked 
|  69|0x000000070b100000, 0x000000070b100000, 0x000000070b200000|  0%| F|  |TAMS 0x000000070b100000, 0x000000070b100000| Untracked 
|  70|0x000000070b200000, 0x000000070b200000, 0x000000070b300000|  0%| F|  |TAMS 0x000000070b200000, 0x000000070b200000| Untracked 
|  71|0x000000070b300000, 0x000000070b300000, 0x000000070b400000|  0%| F|  |TAMS 0x000000070b300000, 0x000000070b300000| Untracked 
|  72|0x000000070b400000, 0x000000070b400000, 0x000000070b500000|  0%| F|  |TAMS 0x000000070b400000, 0x000000070b400000| Untracked 
|  73|0x000000070b500000, 0x000000070b500000, 0x000000070b600000|  0%| F|  |TAMS 0x000000070b500000, 0x000000070b500000| Untracked 
|  74|0x000000070b600000, 0x000000070b600000, 0x000000070b700000|  0%| F|  |TAMS 0x000000070b600000, 0x000000070b600000| Untracked 
|  75|0x000000070b700000, 0x000000070b700000, 0x000000070b800000|  0%| F|  |TAMS 0x000000070b700000, 0x000000070b700000| Untracked 
|  76|0x000000070b800000, 0x000000070b800000, 0x000000070b900000|  0%| F|  |TAMS 0x000000070b800000, 0x000000070b800000| Untracked 
|  77|0x000000070b900000, 0x000000070b900000, 0x000000070ba00000|  0%| F|  |TAMS 0x000000070b900000, 0x000000070b900000| Untracked 
|  78|0x000000070ba00000, 0x000000070ba00000, 0x000000070bb00000|  0%| F|  |TAMS 0x000000070ba00000, 0x000000070ba00000| Untracked 
|  79|0x000000070bb00000, 0x000000070bb00000, 0x000000070bc00000|  0%| F|  |TAMS 0x000000070bb00000, 0x000000070bb00000| Untracked 
|  80|0x000000070bc00000, 0x000000070bc00000, 0x000000070bd00000|  0%| F|  |TAMS 0x000000070bc00000, 0x000000070bc00000| Untracked 
|  81|0x000000070bd00000, 0x000000070bd00000, 0x000000070be00000|  0%| F|  |TAMS 0x000000070bd00000, 0x000000070bd00000| Untracked 
|  82|0x000000070be00000, 0x000000070be00000, 0x000000070bf00000|  0%| F|  |TAMS 0x000000070be00000, 0x000000070be00000| Untracked 
|  83|0x000000070bf00000, 0x000000070bf00000, 0x000000070c000000|  0%| F|  |TAMS 0x000000070bf00000, 0x000000070bf00000| Untracked 
|  84|0x000000070c000000, 0x000000070c000000, 0x000000070c100000|  0%| F|  |TAMS 0x000000070c000000, 0x000000070c000000| Untracked 
|  85|0x000000070c100000, 0x000000070c100000, 0x000000070c200000|  0%| F|  |TAMS 0x000000070c100000, 0x000000070c100000| Untracked 
|  86|0x000000070c200000, 0x000000070c200000, 0x000000070c300000|  0%| F|  |TAMS 0x000000070c200000, 0x000000070c200000| Untracked 
|  87|0x000000070c300000, 0x000000070c300000, 0x000000070c400000|  0%| F|  |TAMS 0x000000070c300000, 0x000000070c300000| Untracked 
|  88|0x000000070c400000, 0x000000070c400000, 0x000000070c500000|  0%| F|  |TAMS 0x000000070c400000, 0x000000070c400000| Untracked 
|  89|0x000000070c500000, 0x000000070c500000, 0x000000070c600000|  0%| F|  |TAMS 0x000000070c500000, 0x000000070c500000| Untracked 
|  90|0x000000070c600000, 0x000000070c600000, 0x000000070c700000|  0%| F|  |TAMS 0x000000070c600000, 0x000000070c600000| Untracked 
|  91|0x000000070c700000, 0x000000070c700000, 0x000000070c800000|  0%| F|  |TAMS 0x000000070c700000, 0x000000070c700000| Untracked 
|  92|0x000000070c800000, 0x000000070c800000, 0x000000070c900000|  0%| F|  |TAMS 0x000000070c800000, 0x000000070c800000| Untracked 
|  93|0x000000070c900000, 0x000000070c900000, 0x000000070ca00000|  0%| F|  |TAMS 0x000000070c900000, 0x000000070c900000| Untracked 
|  94|0x000000070ca00000, 0x000000070ca00000, 0x000000070cb00000|  0%| F|  |TAMS 0x000000070ca00000, 0x000000070ca00000| Untracked 
|  95|0x000000070cb00000, 0x000000070cb00000, 0x000000070cc00000|  0%| F|  |TAMS 0x000000070cb00000, 0x000000070cb00000| Untracked 
|  96|0x000000070cc00000, 0x000000070cc00000, 0x000000070cd00000|  0%| F|  |TAMS 0x000000070cc00000, 0x000000070cc00000| Untracked 
|  97|0x000000070cd00000, 0x000000070cd00000, 0x000000070ce00000|  0%| F|  |TAMS 0x000000070cd00000, 0x000000070cd00000| Untracked 
|  98|0x000000070ce00000, 0x000000070ce00000, 0x000000070cf00000|  0%| F|  |TAMS 0x000000070ce00000, 0x000000070ce00000| Untracked 
|  99|0x000000070cf00000, 0x000000070cf00000, 0x000000070d000000|  0%| F|  |TAMS 0x000000070cf00000, 0x000000070cf00000| Untracked 
| 100|0x000000070d000000, 0x000000070d000000, 0x000000070d100000|  0%| F|  |TAMS 0x000000070d000000, 0x000000070d000000| Untracked 
| 101|0x000000070d100000, 0x000000070d100000, 0x000000070d200000|  0%| F|  |TAMS 0x000000070d100000, 0x000000070d100000| Untracked 
| 102|0x000000070d200000, 0x000000070d200000, 0x000000070d300000|  0%| F|  |TAMS 0x000000070d200000, 0x000000070d200000| Untracked 
| 103|0x000000070d300000, 0x000000070d300000, 0x000000070d400000|  0%| F|  |TAMS 0x000000070d300000, 0x000000070d300000| Untracked 
| 104|0x000000070d400000, 0x000000070d400000, 0x000000070d500000|  0%| F|  |TAMS 0x000000070d400000, 0x000000070d400000| Untracked 
| 105|0x000000070d500000, 0x000000070d500000, 0x000000070d600000|  0%| F|  |TAMS 0x000000070d500000, 0x000000070d500000| Untracked 
| 106|0x000000070d600000, 0x000000070d600000, 0x000000070d700000|  0%| F|  |TAMS 0x000000070d600000, 0x000000070d600000| Untracked 
| 107|0x000000070d700000, 0x000000070d700000, 0x000000070d800000|  0%| F|  |TAMS 0x000000070d700000, 0x000000070d700000| Untracked 
| 108|0x000000070d800000, 0x000000070d800000, 0x000000070d900000|  0%| F|  |TAMS 0x000000070d800000, 0x000000070d800000| Untracked 
| 109|0x000000070d900000, 0x000000070d900000, 0x000000070da00000|  0%| F|  |TAMS 0x000000070d900000, 0x000000070d900000| Untracked 
| 110|0x000000070da00000, 0x000000070da00000, 0x000000070db00000|  0%| F|  |TAMS 0x000000070da00000, 0x000000070da00000| Untracked 
| 111|0x000000070db00000, 0x000000070db00000, 0x000000070dc00000|  0%| F|  |TAMS 0x000000070db00000, 0x000000070db00000| Untracked 
| 112|0x000000070dc00000, 0x000000070dc00000, 0x000000070dd00000|  0%| F|  |TAMS 0x000000070dc00000, 0x000000070dc00000| Untracked 
| 113|0x000000070dd00000, 0x000000070dd00000, 0x000000070de00000|  0%| F|  |TAMS 0x000000070dd00000, 0x000000070dd00000| Untracked 
| 114|0x000000070de00000, 0x000000070de00000, 0x000000070df00000|  0%| F|  |TAMS 0x000000070de00000, 0x000000070de00000| Untracked 
| 115|0x000000070df00000, 0x000000070df00000, 0x000000070e000000|  0%| F|  |TAMS 0x000000070df00000, 0x000000070df00000| Untracked 
| 116|0x000000070e000000, 0x000000070e000000, 0x000000070e100000|  0%| F|  |TAMS 0x000000070e000000, 0x000000070e000000| Untracked 
| 117|0x000000070e100000, 0x000000070e100000, 0x000000070e200000|  0%| F|  |TAMS 0x000000070e100000, 0x000000070e100000| Untracked 
| 118|0x000000070e200000, 0x000000070e200000, 0x000000070e300000|  0%| F|  |TAMS 0x000000070e200000, 0x000000070e200000| Untracked 
| 119|0x000000070e300000, 0x000000070e300000, 0x000000070e400000|  0%| F|  |TAMS 0x000000070e300000, 0x000000070e300000| Untracked 
| 120|0x000000070e400000, 0x000000070e400000, 0x000000070e500000|  0%| F|  |TAMS 0x000000070e400000, 0x000000070e400000| Untracked 
| 121|0x000000070e500000, 0x000000070e500000, 0x000000070e600000|  0%| F|  |TAMS 0x000000070e500000, 0x000000070e500000| Untracked 
| 122|0x000000070e600000, 0x000000070e600000, 0x000000070e700000|  0%| F|  |TAMS 0x000000070e600000, 0x000000070e600000| Untracked 
| 123|0x000000070e700000, 0x000000070e700000, 0x000000070e800000|  0%| F|  |TAMS 0x000000070e700000, 0x000000070e700000| Untracked 
| 124|0x000000070e800000, 0x000000070e800000, 0x000000070e900000|  0%| F|  |TAMS 0x000000070e800000, 0x000000070e800000| Untracked 
| 125|0x000000070e900000, 0x000000070e900000, 0x000000070ea00000|  0%| F|  |TAMS 0x000000070e900000, 0x000000070e900000| Untracked 
| 126|0x000000070ea00000, 0x000000070ea00000, 0x000000070eb00000|  0%| F|  |TAMS 0x000000070ea00000, 0x000000070ea00000| Untracked 
| 127|0x000000070eb00000, 0x000000070eb00000, 0x000000070ec00000|  0%| F|  |TAMS 0x000000070eb00000, 0x000000070eb00000| Untracked 
| 128|0x000000070ec00000, 0x000000070ec00000, 0x000000070ed00000|  0%| F|  |TAMS 0x000000070ec00000, 0x000000070ec00000| Untracked 
| 129|0x000000070ed00000, 0x000000070ed00000, 0x000000070ee00000|  0%| F|  |TAMS 0x000000070ed00000, 0x000000070ed00000| Untracked 
| 130|0x000000070ee00000, 0x000000070ee00000, 0x000000070ef00000|  0%| F|  |TAMS 0x000000070ee00000, 0x000000070ee00000| Untracked 
| 131|0x000000070ef00000, 0x000000070ef00000, 0x000000070f000000|  0%| F|  |TAMS 0x000000070ef00000, 0x000000070ef00000| Untracked 
| 132|0x000000070f000000, 0x000000070f000000, 0x000000070f100000|  0%| F|  |TAMS 0x000000070f000000, 0x000000070f000000| Untracked 
| 133|0x000000070f100000, 0x000000070f100000, 0x000000070f200000|  0%| F|  |TAMS 0x000000070f100000, 0x000000070f100000| Untracked 
| 134|0x000000070f200000, 0x000000070f200000, 0x000000070f300000|  0%| F|  |TAMS 0x000000070f200000, 0x000000070f200000| Untracked 
| 135|0x000000070f300000, 0x000000070f300000, 0x000000070f400000|  0%| F|  |TAMS 0x000000070f300000, 0x000000070f300000| Untracked 
| 136|0x000000070f400000, 0x000000070f400000, 0x000000070f500000|  0%| F|  |TAMS 0x000000070f400000, 0x000000070f400000| Untracked 
| 137|0x000000070f500000, 0x000000070f500000, 0x000000070f600000|  0%| F|  |TAMS 0x000000070f500000, 0x000000070f500000| Untracked 
| 138|0x000000070f600000, 0x000000070f600000, 0x000000070f700000|  0%| F|  |TAMS 0x000000070f600000, 0x000000070f600000| Untracked 
| 139|0x000000070f700000, 0x000000070f700000, 0x000000070f800000|  0%| F|  |TAMS 0x000000070f700000, 0x000000070f700000| Untracked 
| 140|0x000000070f800000, 0x000000070f800000, 0x000000070f900000|  0%| F|  |TAMS 0x000000070f800000, 0x000000070f800000| Untracked 
| 141|0x000000070f900000, 0x000000070f900000, 0x000000070fa00000|  0%| F|  |TAMS 0x000000070f900000, 0x000000070f900000| Untracked 
| 142|0x000000070fa00000, 0x000000070fa00000, 0x000000070fb00000|  0%| F|  |TAMS 0x000000070fa00000, 0x000000070fa00000| Untracked 
| 143|0x000000070fb00000, 0x000000070fb00000, 0x000000070fc00000|  0%| F|  |TAMS 0x000000070fb00000, 0x000000070fb00000| Untracked 
| 144|0x000000070fc00000, 0x000000070fc00000, 0x000000070fd00000|  0%| F|  |TAMS 0x000000070fc00000, 0x000000070fc00000| Untracked 
| 145|0x000000070fd00000, 0x000000070fd00000, 0x000000070fe00000|  0%| F|  |TAMS 0x000000070fd00000, 0x000000070fd00000| Untracked 
| 146|0x000000070fe00000, 0x000000070fe00000, 0x000000070ff00000|  0%| F|  |TAMS 0x000000070fe00000, 0x000000070fe00000| Untracked 
| 147|0x000000070ff00000, 0x000000070ff00000, 0x0000000710000000|  0%| F|  |TAMS 0x000000070ff00000, 0x000000070ff00000| Untracked 
| 148|0x0000000710000000, 0x0000000710000000, 0x0000000710100000|  0%| F|  |TAMS 0x0000000710000000, 0x0000000710000000| Untracked 
| 149|0x0000000710100000, 0x0000000710100000, 0x0000000710200000|  0%| F|  |TAMS 0x0000000710100000, 0x0000000710100000| Untracked 
| 150|0x0000000710200000, 0x0000000710200000, 0x0000000710300000|  0%| F|  |TAMS 0x0000000710200000, 0x0000000710200000| Untracked 
| 151|0x0000000710300000, 0x0000000710300000, 0x0000000710400000|  0%| F|  |TAMS 0x0000000710300000, 0x0000000710300000| Untracked 
| 152|0x0000000710400000, 0x0000000710400000, 0x0000000710500000|  0%| F|  |TAMS 0x0000000710400000, 0x0000000710400000| Untracked 
| 153|0x0000000710500000, 0x0000000710500000, 0x0000000710600000|  0%| F|  |TAMS 0x0000000710500000, 0x0000000710500000| Untracked 
| 154|0x0000000710600000, 0x0000000710600000, 0x0000000710700000|  0%| F|  |TAMS 0x0000000710600000, 0x0000000710600000| Untracked 
| 155|0x0000000710700000, 0x0000000710700000, 0x0000000710800000|  0%| F|  |TAMS 0x0000000710700000, 0x0000000710700000| Untracked 
| 156|0x0000000710800000, 0x0000000710800000, 0x0000000710900000|  0%| F|  |TAMS 0x0000000710800000, 0x0000000710800000| Untracked 
| 157|0x0000000710900000, 0x0000000710900000, 0x0000000710a00000|  0%| F|  |TAMS 0x0000000710900000, 0x0000000710900000| Untracked 
| 158|0x0000000710a00000, 0x0000000710a00000, 0x0000000710b00000|  0%| F|  |TAMS 0x0000000710a00000, 0x0000000710a00000| Untracked 
| 159|0x0000000710b00000, 0x0000000710b00000, 0x0000000710c00000|  0%| F|  |TAMS 0x0000000710b00000, 0x0000000710b00000| Untracked 
| 160|0x0000000710c00000, 0x0000000710c00000, 0x0000000710d00000|  0%| F|  |TAMS 0x0000000710c00000, 0x0000000710c00000| Untracked 
| 161|0x0000000710d00000, 0x0000000710d00000, 0x0000000710e00000|  0%| F|  |TAMS 0x0000000710d00000, 0x0000000710d00000| Untracked 
| 162|0x0000000710e00000, 0x0000000710e00000, 0x0000000710f00000|  0%| F|  |TAMS 0x0000000710e00000, 0x0000000710e00000| Untracked 
| 163|0x0000000710f00000, 0x0000000710f00000, 0x0000000711000000|  0%| F|  |TAMS 0x0000000710f00000, 0x0000000710f00000| Untracked 
| 164|0x0000000711000000, 0x0000000711000000, 0x0000000711100000|  0%| F|  |TAMS 0x0000000711000000, 0x0000000711000000| Untracked 
| 165|0x0000000711100000, 0x0000000711100000, 0x0000000711200000|  0%| F|  |TAMS 0x0000000711100000, 0x0000000711100000| Untracked 
| 166|0x0000000711200000, 0x0000000711200000, 0x0000000711300000|  0%| F|  |TAMS 0x0000000711200000, 0x0000000711200000| Untracked 
| 167|0x0000000711300000, 0x0000000711300000, 0x0000000711400000|  0%| F|  |TAMS 0x0000000711300000, 0x0000000711300000| Untracked 
| 168|0x0000000711400000, 0x0000000711400000, 0x0000000711500000|  0%| F|  |TAMS 0x0000000711400000, 0x0000000711400000| Untracked 
| 169|0x0000000711500000, 0x0000000711500000, 0x0000000711600000|  0%| F|  |TAMS 0x0000000711500000, 0x0000000711500000| Untracked 
| 170|0x0000000711600000, 0x00000007116b2088, 0x0000000711700000| 69%| S|CS|TAMS 0x0000000711600000, 0x0000000711600000| Complete 
| 171|0x0000000711700000, 0x0000000711800000, 0x0000000711800000|100%| S|CS|TAMS 0x0000000711700000, 0x0000000711700000| Complete 
| 172|0x0000000711800000, 0x0000000711900000, 0x0000000711900000|100%| S|CS|TAMS 0x0000000711800000, 0x0000000711800000| Complete 
| 173|0x0000000711900000, 0x0000000711a00000, 0x0000000711a00000|100%| S|CS|TAMS 0x0000000711900000, 0x0000000711900000| Complete 
| 174|0x0000000711a00000, 0x0000000711a00000, 0x0000000711b00000|  0%| F|  |TAMS 0x0000000711a00000, 0x0000000711a00000| Untracked 
| 175|0x0000000711b00000, 0x0000000711b00000, 0x0000000711c00000|  0%| F|  |TAMS 0x0000000711b00000, 0x0000000711b00000| Untracked 
| 176|0x0000000711c00000, 0x0000000711c00000, 0x0000000711d00000|  0%| F|  |TAMS 0x0000000711c00000, 0x0000000711c00000| Untracked 
| 177|0x0000000711d00000, 0x0000000711d00000, 0x0000000711e00000|  0%| F|  |TAMS 0x0000000711d00000, 0x0000000711d00000| Untracked 
| 178|0x0000000711e00000, 0x0000000711e00000, 0x0000000711f00000|  0%| F|  |TAMS 0x0000000711e00000, 0x0000000711e00000| Untracked 
| 179|0x0000000711f00000, 0x0000000711f00000, 0x0000000712000000|  0%| F|  |TAMS 0x0000000711f00000, 0x0000000711f00000| Untracked 
| 180|0x0000000712000000, 0x0000000712000000, 0x0000000712100000|  0%| F|  |TAMS 0x0000000712000000, 0x0000000712000000| Untracked 
| 181|0x0000000712100000, 0x0000000712100000, 0x0000000712200000|  0%| F|  |TAMS 0x0000000712100000, 0x0000000712100000| Untracked 
| 182|0x0000000712200000, 0x0000000712200000, 0x0000000712300000|  0%| F|  |TAMS 0x0000000712200000, 0x0000000712200000| Untracked 
| 183|0x0000000712300000, 0x0000000712300000, 0x0000000712400000|  0%| F|  |TAMS 0x0000000712300000, 0x0000000712300000| Untracked 
| 184|0x0000000712400000, 0x0000000712400000, 0x0000000712500000|  0%| F|  |TAMS 0x0000000712400000, 0x0000000712400000| Untracked 
| 185|0x0000000712500000, 0x0000000712500000, 0x0000000712600000|  0%| F|  |TAMS 0x0000000712500000, 0x0000000712500000| Untracked 
| 186|0x0000000712600000, 0x0000000712600000, 0x0000000712700000|  0%| F|  |TAMS 0x0000000712600000, 0x0000000712600000| Untracked 
| 187|0x0000000712700000, 0x0000000712700000, 0x0000000712800000|  0%| F|  |TAMS 0x0000000712700000, 0x0000000712700000| Untracked 
| 188|0x0000000712800000, 0x0000000712800000, 0x0000000712900000|  0%| F|  |TAMS 0x0000000712800000, 0x0000000712800000| Untracked 
| 189|0x0000000712900000, 0x0000000712900000, 0x0000000712a00000|  0%| F|  |TAMS 0x0000000712900000, 0x0000000712900000| Untracked 
| 190|0x0000000712a00000, 0x0000000712a00000, 0x0000000712b00000|  0%| F|  |TAMS 0x0000000712a00000, 0x0000000712a00000| Untracked 
| 191|0x0000000712b00000, 0x0000000712b00000, 0x0000000712c00000|  0%| F|  |TAMS 0x0000000712b00000, 0x0000000712b00000| Untracked 
| 192|0x0000000712c00000, 0x0000000712c00000, 0x0000000712d00000|  0%| F|  |TAMS 0x0000000712c00000, 0x0000000712c00000| Untracked 
| 193|0x0000000712d00000, 0x0000000712d00000, 0x0000000712e00000|  0%| F|  |TAMS 0x0000000712d00000, 0x0000000712d00000| Untracked 
| 194|0x0000000712e00000, 0x0000000712e00000, 0x0000000712f00000|  0%| F|  |TAMS 0x0000000712e00000, 0x0000000712e00000| Untracked 
| 195|0x0000000712f00000, 0x0000000712f00000, 0x0000000713000000|  0%| F|  |TAMS 0x0000000712f00000, 0x0000000712f00000| Untracked 
| 196|0x0000000713000000, 0x0000000713000000, 0x0000000713100000|  0%| F|  |TAMS 0x0000000713000000, 0x0000000713000000| Untracked 
| 197|0x0000000713100000, 0x0000000713100000, 0x0000000713200000|  0%| F|  |TAMS 0x0000000713100000, 0x0000000713100000| Untracked 
| 198|0x0000000713200000, 0x0000000713200000, 0x0000000713300000|  0%| F|  |TAMS 0x0000000713200000, 0x0000000713200000| Untracked 
| 199|0x0000000713300000, 0x0000000713300000, 0x0000000713400000|  0%| F|  |TAMS 0x0000000713300000, 0x0000000713300000| Untracked 
| 200|0x0000000713400000, 0x0000000713400000, 0x0000000713500000|  0%| F|  |TAMS 0x0000000713400000, 0x0000000713400000| Untracked 
| 201|0x0000000713500000, 0x0000000713500000, 0x0000000713600000|  0%| F|  |TAMS 0x0000000713500000, 0x0000000713500000| Untracked 
| 202|0x0000000713600000, 0x0000000713600000, 0x0000000713700000|  0%| F|  |TAMS 0x0000000713600000, 0x0000000713600000| Untracked 
| 203|0x0000000713700000, 0x0000000713780800, 0x0000000713800000| 50%| E|  |TAMS 0x0000000713700000, 0x0000000713700000| Complete 
| 204|0x0000000713800000, 0x0000000713900000, 0x0000000713900000|100%| E|CS|TAMS 0x0000000713800000, 0x0000000713800000| Complete 
| 205|0x0000000713900000, 0x0000000713a00000, 0x0000000713a00000|100%| E|CS|TAMS 0x0000000713900000, 0x0000000713900000| Complete 
| 206|0x0000000713a00000, 0x0000000713b00000, 0x0000000713b00000|100%| E|CS|TAMS 0x0000000713a00000, 0x0000000713a00000| Complete 
| 207|0x0000000713b00000, 0x0000000713c00000, 0x0000000713c00000|100%| E|CS|TAMS 0x0000000713b00000, 0x0000000713b00000| Complete 
| 208|0x0000000713c00000, 0x0000000713d00000, 0x0000000713d00000|100%| E|CS|TAMS 0x0000000713c00000, 0x0000000713c00000| Complete 
| 209|0x0000000713d00000, 0x0000000713e00000, 0x0000000713e00000|100%| E|CS|TAMS 0x0000000713d00000, 0x0000000713d00000| Complete 
| 210|0x0000000713e00000, 0x0000000713f00000, 0x0000000713f00000|100%| E|CS|TAMS 0x0000000713e00000, 0x0000000713e00000| Complete 
| 211|0x0000000713f00000, 0x0000000714000000, 0x0000000714000000|100%| E|CS|TAMS 0x0000000713f00000, 0x0000000713f00000| Complete 
| 212|0x0000000714000000, 0x0000000714100000, 0x0000000714100000|100%| E|CS|TAMS 0x0000000714000000, 0x0000000714000000| Complete 
| 213|0x0000000714100000, 0x0000000714200000, 0x0000000714200000|100%| E|CS|TAMS 0x0000000714100000, 0x0000000714100000| Complete 
| 214|0x0000000714200000, 0x0000000714300000, 0x0000000714300000|100%| E|CS|TAMS 0x0000000714200000, 0x0000000714200000| Complete 
| 215|0x0000000714300000, 0x0000000714400000, 0x0000000714400000|100%| E|CS|TAMS 0x0000000714300000, 0x0000000714300000| Complete 
| 216|0x0000000714400000, 0x0000000714500000, 0x0000000714500000|100%| E|CS|TAMS 0x0000000714400000, 0x0000000714400000| Complete 
| 217|0x0000000714500000, 0x0000000714600000, 0x0000000714600000|100%| E|  |TAMS 0x0000000714500000, 0x0000000714500000| Complete 
| 218|0x0000000714600000, 0x0000000714700000, 0x0000000714700000|100%| E|CS|TAMS 0x0000000714600000, 0x0000000714600000| Complete 
| 219|0x0000000714700000, 0x0000000714800000, 0x0000000714800000|100%| E|CS|TAMS 0x0000000714700000, 0x0000000714700000| Complete 
| 220|0x0000000714800000, 0x0000000714900000, 0x0000000714900000|100%| E|CS|TAMS 0x0000000714800000, 0x0000000714800000| Complete 
| 221|0x0000000714900000, 0x0000000714a00000, 0x0000000714a00000|100%| E|CS|TAMS 0x0000000714900000, 0x0000000714900000| Complete 
| 222|0x0000000714a00000, 0x0000000714b00000, 0x0000000714b00000|100%| E|CS|TAMS 0x0000000714a00000, 0x0000000714a00000| Complete 
| 223|0x0000000714b00000, 0x0000000714c00000, 0x0000000714c00000|100%| E|CS|TAMS 0x0000000714b00000, 0x0000000714b00000| Complete 
| 224|0x0000000714c00000, 0x0000000714d00000, 0x0000000714d00000|100%| E|CS|TAMS 0x0000000714c00000, 0x0000000714c00000| Complete 
| 225|0x0000000714d00000, 0x0000000714e00000, 0x0000000714e00000|100%| E|CS|TAMS 0x0000000714d00000, 0x0000000714d00000| Complete 
| 226|0x0000000714e00000, 0x0000000714f00000, 0x0000000714f00000|100%| E|CS|TAMS 0x0000000714e00000, 0x0000000714e00000| Complete 
| 227|0x0000000714f00000, 0x0000000715000000, 0x0000000715000000|100%| E|CS|TAMS 0x0000000714f00000, 0x0000000714f00000| Complete 
| 228|0x0000000715000000, 0x0000000715100000, 0x0000000715100000|100%| E|CS|TAMS 0x0000000715000000, 0x0000000715000000| Complete 
| 229|0x0000000715100000, 0x0000000715200000, 0x0000000715200000|100%| E|CS|TAMS 0x0000000715100000, 0x0000000715100000| Complete 
| 230|0x0000000715200000, 0x0000000715300000, 0x0000000715300000|100%| E|CS|TAMS 0x0000000715200000, 0x0000000715200000| Complete 
| 231|0x0000000715300000, 0x0000000715400000, 0x0000000715400000|100%| E|CS|TAMS 0x0000000715300000, 0x0000000715300000| Complete 
| 232|0x0000000715400000, 0x0000000715500000, 0x0000000715500000|100%| E|CS|TAMS 0x0000000715400000, 0x0000000715400000| Complete 
| 233|0x0000000715500000, 0x0000000715600000, 0x0000000715600000|100%| E|CS|TAMS 0x0000000715500000, 0x0000000715500000| Complete 
| 234|0x0000000715600000, 0x0000000715700000, 0x0000000715700000|100%| E|CS|TAMS 0x0000000715600000, 0x0000000715600000| Complete 
| 235|0x0000000715700000, 0x0000000715800000, 0x0000000715800000|100%| E|CS|TAMS 0x0000000715700000, 0x0000000715700000| Complete 
| 236|0x0000000715800000, 0x0000000715900000, 0x0000000715900000|100%| E|CS|TAMS 0x0000000715800000, 0x0000000715800000| Complete 
| 237|0x0000000715900000, 0x0000000715a00000, 0x0000000715a00000|100%| E|CS|TAMS 0x0000000715900000, 0x0000000715900000| Complete 
| 238|0x0000000715a00000, 0x0000000715b00000, 0x0000000715b00000|100%| E|CS|TAMS 0x0000000715a00000, 0x0000000715a00000| Complete 
| 239|0x0000000715b00000, 0x0000000715c00000, 0x0000000715c00000|100%| E|CS|TAMS 0x0000000715b00000, 0x0000000715b00000| Complete 
| 240|0x0000000715c00000, 0x0000000715d00000, 0x0000000715d00000|100%| E|CS|TAMS 0x0000000715c00000, 0x0000000715c00000| Complete 
| 241|0x0000000715d00000, 0x0000000715e00000, 0x0000000715e00000|100%| E|CS|TAMS 0x0000000715d00000, 0x0000000715d00000| Complete 
| 242|0x0000000715e00000, 0x0000000715f00000, 0x0000000715f00000|100%| E|CS|TAMS 0x0000000715e00000, 0x0000000715e00000| Complete 
| 243|0x0000000715f00000, 0x0000000716000000, 0x0000000716000000|100%| E|CS|TAMS 0x0000000715f00000, 0x0000000715f00000| Complete 
| 244|0x0000000716000000, 0x0000000716100000, 0x0000000716100000|100%| E|CS|TAMS 0x0000000716000000, 0x0000000716000000| Complete 
| 245|0x0000000716100000, 0x0000000716200000, 0x0000000716200000|100%| E|CS|TAMS 0x0000000716100000, 0x0000000716100000| Complete 
| 246|0x0000000716200000, 0x0000000716300000, 0x0000000716300000|100%| E|CS|TAMS 0x0000000716200000, 0x0000000716200000| Complete 
| 247|0x0000000716300000, 0x0000000716400000, 0x0000000716400000|100%| E|CS|TAMS 0x0000000716300000, 0x0000000716300000| Complete 
| 248|0x0000000716400000, 0x0000000716500000, 0x0000000716500000|100%| E|CS|TAMS 0x0000000716400000, 0x0000000716400000| Complete 
| 249|0x0000000716500000, 0x0000000716600000, 0x0000000716600000|100%| E|CS|TAMS 0x0000000716500000, 0x0000000716500000| Complete 

Card table byte_map: [0x00007fc6c98fa000,0x00007fc6ca0c4000] _byte_map_base: 0x00007fc6c60c4000

Marking Bits (Prev, Next): (CMBitMap*) 0x00007fc6c4080ad0, (CMBitMap*) 0x00007fc6c4080a98
 Prev Bits: [0x00007fc6a0360000, 0x00007fc6a41b0000)
 Next Bits: [0x00007fc6a41b0000, 0x00007fc6a8000000)

Polling page: 0x00007fc6ccb53000

Metaspace:

Usage:
  Non-class:     22,95 MB capacity,    22,47 MB ( 98%) used,   416,40 KB (  2%) free+waste,    77,94 KB ( <1%) overhead. 
      Class:      3,50 MB capacity,     3,24 MB ( 92%) used,   232,28 KB (  6%) free+waste,    36,75 KB (  1%) overhead. 
       Both:     26,45 MB capacity,    25,71 MB ( 97%) used,   648,68 KB (  2%) free+waste,   114,69 KB ( <1%) overhead. 

Virtual space:
  Non-class space:       24,00 MB reserved,      23,00 MB ( 96%) committed 
      Class space:        1,00 GB reserved,       3,62 MB ( <1%) committed 
             Both:        1,02 GB reserved,      26,62 MB (  3%) committed 

Chunk freelists:
   Non-Class:  51,00 KB
       Class:  30,00 KB
        Both:  81,00 KB

MaxMetaspaceSize: unlimited
CompressedClassSpaceSize: 1,00 GB

CodeHeap 'non-profiled nmethods': size=120032Kb used=1153Kb max_used=1153Kb free=118878Kb
 bounds [0x00007fc6b4361000, 0x00007fc6b45d1000, 0x00007fc6bb899000]
CodeHeap 'profiled nmethods': size=120032Kb used=4435Kb max_used=4435Kb free=115596Kb
 bounds [0x00007fc6ace29000, 0x00007fc6ad289000, 0x00007fc6b4361000]
CodeHeap 'non-nmethods': size=5696Kb used=1175Kb max_used=1249Kb free=4520Kb
 bounds [0x00007fc6ac899000, 0x00007fc6acb09000, 0x00007fc6ace29000]
 total_blobs=2574 nmethods=2139 adapters=355
 compilation: enabled
              stopped_count=0, restarted_count=0
 full_count=0

Compilation events (20 events):
Event: 1,428 Thread 0x00007fc6c4279800 nmethod 1836 0x00007fc6b443d990 code [0x00007fc6b443e0c0, 0x00007fc6b444cb38]
Event: 1,428 Thread 0x00007fc6c4279800 1847       4       org.eclipse.jdt.launching.internal.org.objectweb.asm.ClassWriter::toByteArray (1535 bytes)
Event: 1,447 Thread 0x00007fc67c08e000 nmethod 1813 0x00007fc6b4453990 code [0x00007fc6b4453ec0, 0x00007fc6b44604d8]
Event: 1,447 Thread 0x00007fc67c08e000 1896       4       org.eclipse.jdt.launching.internal.org.objectweb.asm.SymbolTable::addConstantNameAndType (28 bytes)
Event: 1,465 Thread 0x00007fc67c08e000 nmethod 1896 0x00007fc6b4466190 code [0x00007fc6b4466360, 0x00007fc6b4466ef8]
Event: 1,465 Thread 0x00007fc67c08e000 2109       4       org.eclipse.jdt.launching.internal.org.objectweb.asm.SymbolTable::addConstantUtf8Reference (20 bytes)
Event: 1,476 Thread 0x00007fc67c08e000 nmethod 2109 0x00007fc6b4467390 code [0x00007fc6b4467560, 0x00007fc6b4467d88]
Event: 1,476 Thread 0x00007fc67c08e000 1857       4       java.util.ArrayList$Itr::hasNext (20 bytes)
Event: 1,476 Thread 0x00007fc67c08e000 nmethod 1857 0x00007fc6b4468110 code [0x00007fc6b44682a0, 0x00007fc6b4468358]
Event: 1,476 Thread 0x00007fc67c08e000 1861       4       java.io.DataOutputStream::writeShort (35 bytes)
Event: 1,497 Thread 0x00007fc67c08e000 nmethod 1861 0x00007fc6b4468410 code [0x00007fc6b4468680, 0x00007fc6b446b210]
Event: 1,497 Thread 0x00007fc67c08e000 1849       4       java.util.ArrayList::add (25 bytes)
Event: 1,500 Thread 0x00007fc67c08e000 nmethod 1849 0x00007fc6b446be10 code [0x00007fc6b446bfc0, 0x00007fc6b446c5b8]
Event: 1,500 Thread 0x00007fc67c08e000 1853       4       java.io.DataOutputStream::writeByte (14 bytes)
Event: 1,512 Thread 0x00007fc67c08e000 nmethod 1853 0x00007fc6b446c890 code [0x00007fc6b446caa0, 0x00007fc6b446def8]
Event: 1,512 Thread 0x00007fc67c08e000 1835   !   4       java.net.URL::set (114 bytes)
Event: 1,516 Thread 0x00007fc67c08e000 nmethod 1835 0x00007fc6b446e590 code [0x00007fc6b446e720, 0x00007fc6b446eff8]
Event: 1,548 Thread 0x00007fc6c4279800 nmethod 1847 0x00007fc6b446f110 code [0x00007fc6b446f9e0, 0x00007fc6b447c3a8]
Event: 8,766 Thread 0x00007fc6c4279800 2148       4       org.eclipse.jdt.launching.internal.org.objectweb.asm.ByteVector::putInt (74 bytes)
Event: 8,781 Thread 0x00007fc6c4279800 nmethod 2148 0x00007fc6b4481210 code [0x00007fc6b44813a0, 0x00007fc6b4481518]

GC Heap History (8 events):
Event: 0,324 GC heap before
{Heap before GC invocations=0 (full 0):
 garbage-first heap   total 256000K, used 22528K [0x0000000706c00000, 0x0000000800000000)
  region size 1024K, 22 young (22528K), 0 survivors (0K)
 Metaspace       used 10272K, capacity 10432K, committed 10752K, reserved 1058816K
  class space    used 921K, capacity 989K, committed 1024K, reserved 1048576K
}
Event: 0,332 GC heap after
{Heap after GC invocations=1 (full 0):
 garbage-first heap   total 256000K, used 7939K [0x0000000706c00000, 0x0000000800000000)
  region size 1024K, 3 young (3072K), 3 survivors (3072K)
 Metaspace       used 10272K, capacity 10432K, committed 10752K, reserved 1058816K
  class space    used 921K, capacity 989K, committed 1024K, reserved 1048576K
}
Event: 0,627 GC heap before
{Heap before GC invocations=1 (full 0):
 garbage-first heap   total 256000K, used 57091K [0x0000000706c00000, 0x0000000800000000)
  region size 1024K, 51 young (52224K), 3 survivors (3072K)
 Metaspace       used 16332K, capacity 16915K, committed 17280K, reserved 1064960K
  class space    used 1688K, capacity 1893K, committed 1920K, reserved 1048576K
}
Event: 0,633 GC heap after
{Heap after GC invocations=2 (full 0):
 garbage-first heap   total 256000K, used 9572K [0x0000000706c00000, 0x0000000800000000)
  region size 1024K, 5 young (5120K), 5 survivors (5120K)
 Metaspace       used 16332K, capacity 16915K, committed 17280K, reserved 1064960K
  class space    used 1688K, capacity 1893K, committed 1920K, reserved 1048576K
}
Event: 0,859 GC heap before
{Heap before GC invocations=2 (full 0):
 garbage-first heap   total 256000K, used 63844K [0x0000000706c00000, 0x0000000800000000)
  region size 1024K, 59 young (60416K), 5 survivors (5120K)
 Metaspace       used 20382K, capacity 20922K, committed 21248K, reserved 1069056K
  class space    used 2240K, capacity 2436K, committed 2560K, reserved 1048576K
}
Event: 0,866 GC heap after
{Heap after GC invocations=3 (full 0):
 garbage-first heap   total 256000K, used 10945K [0x0000000706c00000, 0x0000000800000000)
  region size 1024K, 3 young (3072K), 3 survivors (3072K)
 Metaspace       used 20382K, capacity 20922K, committed 21248K, reserved 1069056K
  class space    used 2240K, capacity 2436K, committed 2560K, reserved 1048576K
}
Event: 1,242 GC heap before
{Heap before GC invocations=4 (full 0):
 garbage-first heap   total 256000K, used 85697K [0x0000000706c00000, 0x0000000800000000)
  region size 1024K, 76 young (77824K), 3 survivors (3072K)
 Metaspace       used 25685K, capacity 26383K, committed 26624K, reserved 1073152K
  class space    used 3229K, capacity 3481K, committed 3584K, reserved 1048576K
}
Event: 1,246 GC heap after
{Heap after GC invocations=5 (full 0):
 garbage-first heap   total 256000K, used 12083K [0x0000000706c00000, 0x0000000800000000)
  region size 1024K, 4 young (4096K), 4 survivors (4096K)
 Metaspace       used 25685K, capacity 26383K, committed 26624K, reserved 1073152K
  class space    used 3229K, capacity 3481K, committed 3584K, reserved 1048576K
}

Deoptimization events (20 events):
Event: 1,268 Thread 0x00007fc6c401b000 DEOPT PACKING pc=0x00007fc6ad09f7d4 sp=0x00007fc6cb329b70
Event: 1,268 Thread 0x00007fc6c401b000 DEOPT UNPACKING pc=0x00007fc6ac8cfd3a sp=0x00007fc6cb329080 mode 1
Event: 1,268 Thread 0x00007fc6c401b000 DEOPT PACKING pc=0x00007fc6ad08053c sp=0x00007fc6cb329300
Event: 1,268 Thread 0x00007fc6c401b000 DEOPT UNPACKING pc=0x00007fc6ac8cfd3a sp=0x00007fc6cb3287b8 mode 1
Event: 1,268 Thread 0x00007fc6c401b000 DEOPT PACKING pc=0x00007fc6acfdd8dc sp=0x00007fc6cb3293d0
Event: 1,268 Thread 0x00007fc6c401b000 DEOPT UNPACKING pc=0x00007fc6ac8cfd3a sp=0x00007fc6cb3288a8 mode 1
Event: 1,268 Thread 0x00007fc6c401b000 DEOPT PACKING pc=0x00007fc6ad09f7d4 sp=0x00007fc6cb329b70
Event: 1,268 Thread 0x00007fc6c401b000 DEOPT UNPACKING pc=0x00007fc6ac8cfd3a sp=0x00007fc6cb329080 mode 1
Event: 1,278 Thread 0x00007fc6c401b000 DEOPT PACKING pc=0x00007fc6ad08053c sp=0x00007fc6cb329b10
Event: 1,278 Thread 0x00007fc6c401b000 DEOPT UNPACKING pc=0x00007fc6ac8cfd3a sp=0x00007fc6cb328fc8 mode 1
Event: 1,278 Thread 0x00007fc6c401b000 DEOPT PACKING pc=0x00007fc6acfdd8dc sp=0x00007fc6cb329be0
Event: 1,278 Thread 0x00007fc6c401b000 DEOPT UNPACKING pc=0x00007fc6ac8cfd3a sp=0x00007fc6cb3290b8 mode 1
Event: 1,278 Thread 0x00007fc6c401b000 DEOPT PACKING pc=0x00007fc6ad1d4f8c sp=0x00007fc6cb32a380
Event: 1,278 Thread 0x00007fc6c401b000 DEOPT UNPACKING pc=0x00007fc6ac8cfd3a sp=0x00007fc6cb329870 mode 1
Event: 1,295 Thread 0x00007fc6c401b000 DEOPT PACKING pc=0x00007fc6ad08053c sp=0x00007fc6cb329950
Event: 1,295 Thread 0x00007fc6c401b000 DEOPT UNPACKING pc=0x00007fc6ac8cfd3a sp=0x00007fc6cb328e08 mode 1
Event: 1,295 Thread 0x00007fc6c401b000 DEOPT PACKING pc=0x00007fc6acfdd8dc sp=0x00007fc6cb329a20
Event: 1,295 Thread 0x00007fc6c401b000 DEOPT UNPACKING pc=0x00007fc6ac8cfd3a sp=0x00007fc6cb328ef8 mode 1
Event: 1,295 Thread 0x00007fc6c401b000 DEOPT PACKING pc=0x00007fc6ad1d4f8c sp=0x00007fc6cb32a1c0
Event: 1,295 Thread 0x00007fc6c401b000 DEOPT UNPACKING pc=0x00007fc6ac8cfd3a sp=0x00007fc6cb3296b0 mode 1

Classes redefined (4 events):
Event: 8,779 Thread 0x00007fc6c4256800 redefined class name=net.atos.api.logistica.service.LogisticaServiceTest, count=1
Event: 64,651 Thread 0x00007fc6c4256800 redefined class name=net.atos.api.logistica.service.LogisticaServiceTest, count=2
Event: 105,646 Thread 0x00007fc6c4256800 redefined class name=net.atos.api.logistica.service.LogisticaServiceTest, count=3
Event: 123,085 Thread 0x00007fc6c4256800 redefined class name=net.atos.api.logistica.service.LogisticaServiceTest, count=4

Internal exceptions (20 events):
Event: 0,505 Thread 0x00007fc6c401b000 Exception <a 'java/lang/NoSuchMethodError'{0x0000000714ac29d0}: 'int java.lang.invoke.DirectMethodHandle$Holder.invokeStatic(java.lang.Object, java.lang.Object, java.lang.Object, java.lang.Object, java.lang.Object)'> (0x0000000714ac29d0) thrown at [src/hotspot/share/interpreter/linkResolver.cpp, line 772]
Event: 0,511 Thread 0x00007fc6c401b000 Exception <a 'java/lang/NoSuchMethodError'{0x00000007149b28b8}: 'void java.lang.invoke.DirectMethodHandle$Holder.invokeStaticInit(java.lang.Object)'> (0x00000007149b28b8) thrown at [src/hotspot/share/interpreter/linkResolver.cpp, line 772]
Event: 0,514 Thread 0x00007fc6c401b000 Exception <a 'java/lang/NoSuchMethodError'{0x000000071482f6e0}: 'void java.lang.invoke.DirectMethodHandle$Holder.invokeSpecial(java.lang.Object, java.lang.Object)'> (0x000000071482f6e0) thrown at [src/hotspot/share/interpreter/linkResolver.cpp, line 772]
Event: 0,527 Thread 0x00007fc6c401b000 Exception <a 'java/lang/NoSuchMethodError'{0x00000007146fc4d0}: 'int java.lang.invoke.DirectMethodHandle$Holder.invokeStaticInit(java.lang.Object, java.lang.Object)'> (0x00000007146fc4d0) thrown at [src/hotspot/share/interpreter/linkResolver.cpp, line 772]
Event: 0,545 Thread 0x00007fc6c401b000 Exception <a 'java/lang/NoSuchMethodError'{0x0000000714382768}: 'java.lang.Object java.lang.invoke.Invokers$Holder.linkToTargetMethod(java.lang.Object, java.lang.Object, java.lang.Object, java.lang.Object, java.lang.Object, java.lang.Object, java.lang.Object)'> (0x0000000714382768) thrown at [src/hotspot/share/interpreter/linkResolver.cpp, line 772]
Event: 0,546 Thread 0x00007fc6c401b000 Exception <a 'java/lang/NoSuchMethodError'{0x0000000714388728}: 'java.lang.Object java.lang.invoke.DirectMethodHandle$Holder.invokeInterface(java.lang.Object, java.lang.Object, java.lang.Object, java.lang.Object, java.lang.Object)'> (0x0000000714388728) thrown at [src/hotspot/share/interpreter/linkResolver.cpp, line 772]
Event: 0,546 Thread 0x00007fc6c401b000 Exception <a 'java/lang/IncompatibleClassChangeError'{0x000000071438bbd8}: Found class java.lang.Object, but interface was expected> (0x000000071438bbd8) thrown at [src/hotspot/share/interpreter/linkResolver.cpp, line 839]
Event: 0,550 Thread 0x00007fc6c401b000 Exception <a 'java/lang/NoSuchMethodError'{0x0000000714232298}: 'int java.lang.invoke.DirectMethodHandle$Holder.invokeInterface(java.lang.Object, java.lang.Object)'> (0x0000000714232298) thrown at [src/hotspot/share/interpreter/linkResolver.cpp, line 772]
Event: 0,553 Thread 0x00007fc6c401b000 Exception <a 'java/lang/IncompatibleClassChangeError'{0x0000000714287ce8}: Found class java.lang.Object, but interface was expected> (0x0000000714287ce8) thrown at [src/hotspot/share/interpreter/linkResolver.cpp, line 839]
Event: 0,637 Thread 0x00007fc6c401b000 Exception <a 'java/lang/ClassNotFoundException'{0x0000000716515b10}: javax/smartcardio/CardPermission> (0x0000000716515b10) thrown at [src/hotspot/share/classfile/systemDictionary.cpp, line 231]
Event: 0,638 Thread 0x00007fc6c401b000 Exception <a 'java/io/FileNotFoundException'{0x0000000716525b78}> (0x0000000716525b78) thrown at [src/hotspot/share/prims/jni.cpp, line 615]
Event: 0,669 Thread 0x00007fc6c401b000 Exception <a 'java/lang/NoSuchMethodError'{0x00000007162e3550}: 'org.slf4j.impl.StaticMDCBinder org.slf4j.impl.StaticMDCBinder.getSingleton()'> (0x00000007162e3550) thrown at [src/hotspot/share/interpreter/linkResolver.cpp, line 772]
Event: 0,802 Thread 0x00007fc6c401b000 Exception <a 'java/lang/NoSuchMethodError'{0x0000000713d545c0}: 'void java.lang.invoke.DirectMethodHandle$Holder.invokeStatic(java.lang.Object, java.lang.Object, java.lang.Object, java.lang.Object, java.lang.Object, java.lang.Object)'> (0x0000000713d545c0) thrown at [src/hotspot/share/interpreter/linkResolver.cpp, line 772]
Event: 0,818 Thread 0x00007fc6c401b000 Exception <a 'java/lang/NoSuchMethodError'{0x0000000713af31a8}: 'void java.lang.invoke.DirectMethodHandle$Holder.invokeStatic(java.lang.Object, java.lang.Object, java.lang.Object, java.lang.Object, java.lang.Object)'> (0x0000000713af31a8) thrown at [src/hotspot/share/interpreter/linkResolver.cpp, line 772]
Event: 0,878 Thread 0x00007fc6c401b000 Exception <a 'java/lang/NoSuchMethodError'{0x00000007165d4600}: 'int java.lang.invoke.DirectMethodHandle$Holder.invokeStaticInit(java.lang.Object, java.lang.Object, java.lang.Object, java.lang.Object)'> (0x00000007165d4600) thrown at [src/hotspot/share/interpreter/linkResolver.cpp, line 772]
Event: 0,879 Thread 0x00007fc6c401b000 Exception <a 'java/lang/IncompatibleClassChangeError'{0x00000007165dd570}: Found class java.lang.Object, but interface was expected> (0x00000007165dd570) thrown at [src/hotspot/share/interpreter/linkResolver.cpp, line 839]
Event: 0,879 Thread 0x00007fc6c401b000 Exception <a 'java/lang/NoSuchMethodError'{0x00000007165e0950}: 'void java.lang.invoke.DirectMethodHandle$Holder.invokeStaticInit(java.lang.Object, java.lang.Object)'> (0x00000007165e0950) thrown at [src/hotspot/share/interpreter/linkResolver.cpp, line 772]
Event: 1,015 Thread 0x00007fc6c401b000 Exception <a 'java/lang/ClassNotFoundException'{0x00000007147e3b00}: java/lang/ClassLoader$ByteBuddyAccessor$MJhQpfGr> (0x00000007147e3b00) thrown at [src/hotspot/share/classfile/systemDictionary.cpp, line 231]
Event: 1,069 Thread 0x00007fc6c401b000 Exception <a 'java/lang/IncompatibleClassChangeError'{0x00000007139b5bd8}: Found class java.lang.Object, but interface was expected> (0x00000007139b5bd8) thrown at [src/hotspot/share/interpreter/linkResolver.cpp, line 839]
Event: 1,207 Thread 0x00007fc6c401b000 Exception <a 'java/lang/NoSuchMethodError'{0x0000000712006e40}: 'int java.lang.invoke.DirectMethodHandle$Holder.invokeSpecial(java.lang.Object, java.lang.Object, java.lang.Object, java.lang.Object)'> (0x0000000712006e40) thrown at [src/hotspot/share/interpreter/linkResolver.cpp, line 772]

Events (20 events):
Event: 105,672 Executing VM operation: GetOwnedMonitorInfo done
Event: 105,672 Executing VM operation: GetCurrentContendedMonitor
Event: 105,672 Executing VM operation: GetCurrentContendedMonitor done
Event: 123,078 Executing VM operation: RedefineClasses
Event: 123,086 Executing VM operation: RedefineClasses done
Event: 123,092 Executing VM operation: ChangeBreakpoints
Event: 123,092 Executing VM operation: ChangeBreakpoints done
Event: 123,093 Executing VM operation: GetFrameCount
Event: 123,093 Executing VM operation: GetFrameCount done
Event: 123,093 Executing VM operation: GetStackTrace
Event: 123,093 Executing VM operation: GetStackTrace done
Event: 123,097 Executing VM operation: GetFrameCount
Event: 123,098 Executing VM operation: GetFrameCount done
Event: 123,098 Executing VM operation: GetOwnedMonitorInfo
Event: 123,098 Executing VM operation: GetOwnedMonitorInfo done
Event: 123,098 Executing VM operation: GetCurrentContendedMonitor
Event: 123,098 Executing VM operation: GetCurrentContendedMonitor done
Event: 182,667 Executing VM operation: GetFrameLocation
Event: 182,667 Executing VM operation: GetFrameLocation done
Event: 182,667 Executing VM operation: GetOrSetLocal


Dynamic libraries:
706c00000-716600000 rw-p 00000000 00:00 0 
716600000-800000000 ---p 00000000 00:00 0 
800000000-8003a0000 rw-p 00000000 00:00 0 
8003a0000-840000000 ---p 00000000 00:00 0 
55de2085d000-55de2085e000 r--p 00000000 08:06 3019575                    /usr/lib/jvm/java-11-openjdk-amd64/bin/java
55de2085e000-55de2085f000 r-xp 00001000 08:06 3019575                    /usr/lib/jvm/java-11-openjdk-amd64/bin/java
55de2085f000-55de20860000 r--p 00002000 08:06 3019575                    /usr/lib/jvm/java-11-openjdk-amd64/bin/java
55de20860000-55de20861000 r--p 00002000 08:06 3019575                    /usr/lib/jvm/java-11-openjdk-amd64/bin/java
55de20861000-55de20862000 rw-p 00003000 08:06 3019575                    /usr/lib/jvm/java-11-openjdk-amd64/bin/java
55de20ddc000-55de20dfd000 rw-p 00000000 00:00 0                          [heap]
7fc634000000-7fc634021000 rw-p 00000000 00:00 0 
7fc634021000-7fc638000000 ---p 00000000 00:00 0 
7fc638000000-7fc638021000 rw-p 00000000 00:00 0 
7fc638021000-7fc63c000000 ---p 00000000 00:00 0 
7fc63fb8b000-7fc63fd8b000 rw-p 00000000 00:00 0 
7fc63fe00000-7fc63ff00000 rw-p 00000000 00:00 0 
7fc63ff00000-7fc640000000 ---p 00000000 00:00 0 
7fc640000000-7fc640021000 rw-p 00000000 00:00 0 
7fc640021000-7fc644000000 ---p 00000000 00:00 0 
7fc644000000-7fc644021000 rw-p 00000000 00:00 0 
7fc644021000-7fc648000000 ---p 00000000 00:00 0 
7fc648000000-7fc648021000 rw-p 00000000 00:00 0 
7fc648021000-7fc64c000000 ---p 00000000 00:00 0 
7fc64c000000-7fc64c021000 rw-p 00000000 00:00 0 
7fc64c021000-7fc650000000 ---p 00000000 00:00 0 
7fc650000000-7fc650021000 rw-p 00000000 00:00 0 
7fc650021000-7fc654000000 ---p 00000000 00:00 0 
7fc654000000-7fc654021000 rw-p 00000000 00:00 0 
7fc654021000-7fc658000000 ---p 00000000 00:00 0 
7fc658000000-7fc658021000 rw-p 00000000 00:00 0 
7fc658021000-7fc65c000000 ---p 00000000 00:00 0 
7fc65c000000-7fc65c021000 rw-p 00000000 00:00 0 
7fc65c021000-7fc660000000 ---p 00000000 00:00 0 
7fc660000000-7fc66002d000 rw-p 00000000 00:00 0 
7fc66002d000-7fc664000000 ---p 00000000 00:00 0 
7fc664000000-7fc664021000 rw-p 00000000 00:00 0 
7fc664021000-7fc668000000 ---p 00000000 00:00 0 
7fc668000000-7fc668021000 rw-p 00000000 00:00 0 
7fc668021000-7fc66c000000 ---p 00000000 00:00 0 
7fc66c000000-7fc66d7fb000 rw-p 00000000 00:00 0 
7fc66d7fb000-7fc670000000 ---p 00000000 00:00 0 
7fc670000000-7fc670a66000 rw-p 00000000 00:00 0 
7fc670a66000-7fc674000000 ---p 00000000 00:00 0 
7fc674000000-7fc674021000 rw-p 00000000 00:00 0 
7fc674021000-7fc678000000 ---p 00000000 00:00 0 
7fc678000000-7fc678021000 rw-p 00000000 00:00 0 
7fc678021000-7fc67c000000 ---p 00000000 00:00 0 
7fc67c000000-7fc67dc11000 rw-p 00000000 00:00 0 
7fc67dc11000-7fc680000000 ---p 00000000 00:00 0 
7fc680000000-7fc680021000 rw-p 00000000 00:00 0 
7fc680021000-7fc684000000 ---p 00000000 00:00 0 
7fc684000000-7fc684021000 rw-p 00000000 00:00 0 
7fc684021000-7fc688000000 ---p 00000000 00:00 0 
7fc688000000-7fc688021000 rw-p 00000000 00:00 0 
7fc688021000-7fc68c000000 ---p 00000000 00:00 0 
7fc68c000000-7fc68c06b000 rw-p 00000000 00:00 0 
7fc68c06b000-7fc690000000 ---p 00000000 00:00 0 
7fc690000000-7fc690021000 rw-p 00000000 00:00 0 
7fc690021000-7fc694000000 ---p 00000000 00:00 0 
7fc694000000-7fc694021000 rw-p 00000000 00:00 0 
7fc694021000-7fc698000000 ---p 00000000 00:00 0 
7fc6980ac000-7fc6980ad000 ---p 00000000 00:00 0 
7fc6980ad000-7fc6983ae000 rw-p 00000000 00:00 0 
7fc69847c000-7fc69867c000 rw-p 00000000 00:00 0 
7fc69867c000-7fc69887c000 rw-p 00000000 00:00 0 
7fc69887c000-7fc698a7c000 rw-p 00000000 00:00 0 
7fc698a7c000-7fc698c7c000 rw-p 00000000 00:00 0 
7fc698c7c000-7fc698c80000 ---p 00000000 00:00 0 
7fc698c80000-7fc698d7d000 rw-p 00000000 00:00 0 
7fc698d7d000-7fc698d7e000 ---p 00000000 00:00 0 
7fc698d7e000-7fc698e7f000 rw-p 00000000 00:00 0 
7fc698e7f000-7fc698e80000 ---p 00000000 00:00 0 
7fc698e80000-7fc698f81000 rw-p 00000000 00:00 0 
7fc698f81000-7fc698f82000 ---p 00000000 00:00 0 
7fc698f82000-7fc699083000 rw-p 00000000 00:00 0 
7fc699083000-7fc699084000 ---p 00000000 00:00 0 
7fc699084000-7fc699185000 rw-p 00000000 00:00 0 
7fc699185000-7fc699186000 ---p 00000000 00:00 0 
7fc699186000-7fc699487000 rw-p 00000000 00:00 0 
7fc699487000-7fc699488000 ---p 00000000 00:00 0 
7fc699488000-7fc699589000 rw-p 00000000 00:00 0 
7fc699589000-7fc69958d000 ---p 00000000 00:00 0 
7fc69958d000-7fc69968a000 rw-p 00000000 00:00 0 
7fc69968a000-7fc69968e000 ---p 00000000 00:00 0 
7fc69968e000-7fc69978b000 rw-p 00000000 00:00 0 
7fc69978b000-7fc69978f000 ---p 00000000 00:00 0 
7fc69978f000-7fc69988c000 rw-p 00000000 00:00 0 
7fc69988c000-7fc699890000 ---p 00000000 00:00 0 
7fc699890000-7fc69998d000 rw-p 00000000 00:00 0 
7fc69998d000-7fc699991000 ---p 00000000 00:00 0 
7fc699991000-7fc699a8e000 rw-p 00000000 00:00 0 
7fc699a8e000-7fc69a000000 r--p 00000000 08:06 3020234                    /usr/lib/locale/locale-archive
7fc69a000000-7fc69c000000 rw-p 00000000 00:00 0 
7fc69c000000-7fc69c021000 rw-p 00000000 00:00 0 
7fc69c021000-7fc6a0000000 ---p 00000000 00:00 0 
7fc6a005d000-7fc6a0061000 ---p 00000000 00:00 0 
7fc6a0061000-7fc6a015e000 rw-p 00000000 00:00 0 
7fc6a015e000-7fc6a0162000 ---p 00000000 00:00 0 
7fc6a0162000-7fc6a025f000 rw-p 00000000 00:00 0 
7fc6a025f000-7fc6a0263000 ---p 00000000 00:00 0 
7fc6a0263000-7fc6a0748000 rw-p 00000000 00:00 0 
7fc6a0748000-7fc6a41b0000 ---p 00000000 00:00 0 
7fc6a41b0000-7fc6a4598000 rw-p 00000000 00:00 0 
7fc6a4598000-7fc6a8000000 ---p 00000000 00:00 0 
7fc6a8000000-7fc6a8021000 rw-p 00000000 00:00 0 
7fc6a8021000-7fc6ac000000 ---p 00000000 00:00 0 
7fc6ac06e000-7fc6ac094000 r--p 00000000 08:06 3679984                    /usr/share/locale-langpack/pt_BR/LC_MESSAGES/libc.mo
7fc6ac094000-7fc6ac095000 r--p 00000000 08:06 3020601                    /usr/lib/jvm/java-11-openjdk-amd64/lib/libextnet.so
7fc6ac095000-7fc6ac096000 r-xp 00001000 08:06 3020601                    /usr/lib/jvm/java-11-openjdk-amd64/lib/libextnet.so
7fc6ac096000-7fc6ac097000 r--p 00002000 08:06 3020601                    /usr/lib/jvm/java-11-openjdk-amd64/lib/libextnet.so
7fc6ac097000-7fc6ac098000 r--p 00002000 08:06 3020601                    /usr/lib/jvm/java-11-openjdk-amd64/lib/libextnet.so
7fc6ac098000-7fc6ac099000 rw-p 00003000 08:06 3020601                    /usr/lib/jvm/java-11-openjdk-amd64/lib/libextnet.so
7fc6ac099000-7fc6ac899000 rw-p 00000000 00:00 0 
7fc6ac899000-7fc6acb09000 rwxp 00000000 00:00 0 
7fc6acb09000-7fc6ace29000 ---p 00000000 00:00 0 
7fc6ace29000-7fc6ad289000 rwxp 00000000 00:00 0 
7fc6ad289000-7fc6b4361000 ---p 00000000 00:00 0 
7fc6b4361000-7fc6b45d1000 rwxp 00000000 00:00 0 
7fc6b45d1000-7fc6bb899000 ---p 00000000 00:00 0 
7fc6bb899000-7fc6c4000000 r--s 00000000 08:06 3022481                    /usr/lib/jvm/java-11-openjdk-amd64/lib/modules
7fc6c4000000-7fc6c57ab000 rw-p 00000000 00:00 0 
7fc6c57ab000-7fc6c8000000 ---p 00000000 00:00 0 
7fc6c8001000-7fc6c8005000 r--p 00000000 08:06 3021291                    /usr/lib/jvm/java-11-openjdk-amd64/lib/libnet.so
7fc6c8005000-7fc6c8014000 r-xp 00004000 08:06 3021291                    /usr/lib/jvm/java-11-openjdk-amd64/lib/libnet.so
7fc6c8014000-7fc6c8018000 r--p 00013000 08:06 3021291                    /usr/lib/jvm/java-11-openjdk-amd64/lib/libnet.so
7fc6c8018000-7fc6c8019000 r--p 00016000 08:06 3021291                    /usr/lib/jvm/java-11-openjdk-amd64/lib/libnet.so
7fc6c8019000-7fc6c801a000 rw-p 00017000 08:06 3021291                    /usr/lib/jvm/java-11-openjdk-amd64/lib/libnet.so
7fc6c801a000-7fc6c8021000 r--p 00000000 08:06 3021292                    /usr/lib/jvm/java-11-openjdk-amd64/lib/libnio.so
7fc6c8021000-7fc6c8029000 r-xp 00007000 08:06 3021292                    /usr/lib/jvm/java-11-openjdk-amd64/lib/libnio.so
7fc6c8029000-7fc6c802c000 r--p 0000f000 08:06 3021292                    /usr/lib/jvm/java-11-openjdk-amd64/lib/libnio.so
7fc6c802c000-7fc6c802d000 r--p 00011000 08:06 3021292                    /usr/lib/jvm/java-11-openjdk-amd64/lib/libnio.so
7fc6c802d000-7fc6c802e000 rw-p 00012000 08:06 3021292                    /usr/lib/jvm/java-11-openjdk-amd64/lib/libnio.so
7fc6c802e000-7fc6c8030000 r--p 00000000 08:06 3020600                    /usr/lib/jvm/java-11-openjdk-amd64/lib/libdt_socket.so
7fc6c8030000-7fc6c8033000 r-xp 00002000 08:06 3020600                    /usr/lib/jvm/java-11-openjdk-amd64/lib/libdt_socket.so
7fc6c8033000-7fc6c8034000 r--p 00005000 08:06 3020600                    /usr/lib/jvm/java-11-openjdk-amd64/lib/libdt_socket.so
7fc6c8034000-7fc6c8035000 ---p 00006000 08:06 3020600                    /usr/lib/jvm/java-11-openjdk-amd64/lib/libdt_socket.so
7fc6c8035000-7fc6c8036000 r--p 00006000 08:06 3020600                    /usr/lib/jvm/java-11-openjdk-amd64/lib/libdt_socket.so
7fc6c8036000-7fc6c8037000 rw-p 00007000 08:06 3020600                    /usr/lib/jvm/java-11-openjdk-amd64/lib/libdt_socket.so
7fc6c8037000-7fc6c803e000 r--s 00000000 08:06 3286366                    /usr/lib/x86_64-linux-gnu/gconv/gconv-modules.cache
7fc6c803e000-7fc6c8042000 ---p 00000000 00:00 0 
7fc6c8042000-7fc6c813f000 rw-p 00000000 00:00 0 
7fc6c813f000-7fc6c8143000 ---p 00000000 00:00 0 
7fc6c8143000-7fc6c8240000 rw-p 00000000 00:00 0 
7fc6c8240000-7fc6c8244000 ---p 00000000 00:00 0 
7fc6c8244000-7fc6c8341000 rw-p 00000000 00:00 0 
7fc6c8341000-7fc6c8345000 ---p 00000000 00:00 0 
7fc6c8345000-7fc6c8442000 rw-p 00000000 00:00 0 
7fc6c8442000-7fc6c8443000 ---p 00000000 00:00 0 
7fc6c8443000-7fc6c8620000 rw-p 00000000 00:00 0 
7fc6c8620000-7fc6c8621000 ---p 00000000 00:00 0 
7fc6c8621000-7fc6c8722000 rw-p 00000000 00:00 0 
7fc6c8722000-7fc6c8723000 ---p 00000000 00:00 0 
7fc6c8723000-7fc6c8e2a000 rw-p 00000000 00:00 0 
7fc6c8e2a000-7fc6c8e2b000 ---p 00000000 00:00 0 
7fc6c8e2b000-7fc6c8f2c000 rw-p 00000000 00:00 0 
7fc6c8f2c000-7fc6c8f2d000 ---p 00000000 00:00 0 
7fc6c8f2d000-7fc6c91ad000 rw-p 00000000 00:00 0 
7fc6c91ad000-7fc6c98fa000 ---p 00000000 00:00 0 
7fc6c98fa000-7fc6c9977000 rw-p 00000000 00:00 0 
7fc6c9977000-7fc6ca0c4000 ---p 00000000 00:00 0 
7fc6ca0c4000-7fc6ca141000 rw-p 00000000 00:00 0 
7fc6ca141000-7fc6ca88e000 ---p 00000000 00:00 0 
7fc6ca88e000-7fc6cae94000 rw-p 00000000 00:00 0 
7fc6cae94000-7fc6cae95000 ---p 00000000 00:00 0 
7fc6cae95000-7fc6caf9b000 rw-p 00000000 00:00 0 
7fc6caf9b000-7fc6cb081000 ---p 00000000 00:00 0 
7fc6cb081000-7fc6cb08a000 rw-p 00000000 00:00 0 
7fc6cb08a000-7fc6cb16c000 ---p 00000000 00:00 0 
7fc6cb16c000-7fc6cb171000 rw-p 00000000 00:00 0 
7fc6cb171000-7fc6cb178000 ---p 00000000 00:00 0 
7fc6cb178000-7fc6cb17b000 r--p 00000000 08:06 3549089                    /lib/x86_64-linux-gnu/libnss_files-2.31.so
7fc6cb17b000-7fc6cb182000 r-xp 00003000 08:06 3549089                    /lib/x86_64-linux-gnu/libnss_files-2.31.so
7fc6cb182000-7fc6cb184000 r--p 0000a000 08:06 3549089                    /lib/x86_64-linux-gnu/libnss_files-2.31.so
7fc6cb184000-7fc6cb185000 r--p 0000b000 08:06 3549089                    /lib/x86_64-linux-gnu/libnss_files-2.31.so
7fc6cb185000-7fc6cb186000 rw-p 0000c000 08:06 3549089                    /lib/x86_64-linux-gnu/libnss_files-2.31.so
7fc6cb186000-7fc6cb18c000 rw-p 00000000 00:00 0 
7fc6cb18d000-7fc6cb18f000 r--s 0000c000 08:06 3413061                    /usr/share/java/java-atk-wrapper.jar
7fc6cb18f000-7fc6cb191000 r--p 00000000 08:06 3022479                    /usr/lib/jvm/java-11-openjdk-amd64/lib/libzip.so
7fc6cb191000-7fc6cb195000 r-xp 00002000 08:06 3022479                    /usr/lib/jvm/java-11-openjdk-amd64/lib/libzip.so
7fc6cb195000-7fc6cb197000 r--p 00006000 08:06 3022479                    /usr/lib/jvm/java-11-openjdk-amd64/lib/libzip.so
7fc6cb197000-7fc6cb198000 r--p 00007000 08:06 3022479                    /usr/lib/jvm/java-11-openjdk-amd64/lib/libzip.so
7fc6cb198000-7fc6cb199000 rw-p 00008000 08:06 3022479                    /usr/lib/jvm/java-11-openjdk-amd64/lib/libzip.so
7fc6cb199000-7fc6cb1a1000 rw-s 00000000 08:06 3167043                    /tmp/hsperfdata_evillyn/18177
7fc6cb1a1000-7fc6cb1a3000 r--p 00000000 08:06 3020609                    /usr/lib/jvm/java-11-openjdk-amd64/lib/libinstrument.so
7fc6cb1a3000-7fc6cb1a9000 r-xp 00002000 08:06 3020609                    /usr/lib/jvm/java-11-openjdk-amd64/lib/libinstrument.so
7fc6cb1a9000-7fc6cb1ac000 r--p 00008000 08:06 3020609                    /usr/lib/jvm/java-11-openjdk-amd64/lib/libinstrument.so
7fc6cb1ac000-7fc6cb1ad000 r--p 0000a000 08:06 3020609                    /usr/lib/jvm/java-11-openjdk-amd64/lib/libinstrument.so
7fc6cb1ad000-7fc6cb1ae000 rw-p 0000b000 08:06 3020609                    /usr/lib/jvm/java-11-openjdk-amd64/lib/libinstrument.so
7fc6cb1ae000-7fc6cb1b0000 r--p 00000000 08:06 3021277                    /usr/lib/jvm/java-11-openjdk-amd64/lib/libjdwp.so
7fc6cb1b0000-7fc6cb1dc000 r-xp 00002000 08:06 3021277                    /usr/lib/jvm/java-11-openjdk-amd64/lib/libjdwp.so
7fc6cb1dc000-7fc6cb1ea000 r--p 0002e000 08:06 3021277                    /usr/lib/jvm/java-11-openjdk-amd64/lib/libjdwp.so
7fc6cb1ea000-7fc6cb1eb000 r--p 0003b000 08:06 3021277                    /usr/lib/jvm/java-11-openjdk-amd64/lib/libjdwp.so
7fc6cb1eb000-7fc6cb1ec000 rw-p 0003c000 08:06 3021277                    /usr/lib/jvm/java-11-openjdk-amd64/lib/libjdwp.so
7fc6cb1ec000-7fc6cb1ee000 r--p 00000000 08:06 3021278                    /usr/lib/jvm/java-11-openjdk-amd64/lib/libjimage.so
7fc6cb1ee000-7fc6cb1f1000 r-xp 00002000 08:06 3021278                    /usr/lib/jvm/java-11-openjdk-amd64/lib/libjimage.so
7fc6cb1f1000-7fc6cb1f2000 r--p 00005000 08:06 3021278                    /usr/lib/jvm/java-11-openjdk-amd64/lib/libjimage.so
7fc6cb1f2000-7fc6cb1f3000 ---p 00006000 08:06 3021278                    /usr/lib/jvm/java-11-openjdk-amd64/lib/libjimage.so
7fc6cb1f3000-7fc6cb1f4000 r--p 00006000 08:06 3021278                    /usr/lib/jvm/java-11-openjdk-amd64/lib/libjimage.so
7fc6cb1f4000-7fc6cb1f5000 rw-p 00007000 08:06 3021278                    /usr/lib/jvm/java-11-openjdk-amd64/lib/libjimage.so
7fc6cb1f5000-7fc6cb203000 r--p 00000000 08:06 3020614                    /usr/lib/jvm/java-11-openjdk-amd64/lib/libjava.so
7fc6cb203000-7fc6cb219000 r-xp 0000e000 08:06 3020614                    /usr/lib/jvm/java-11-openjdk-amd64/lib/libjava.so
7fc6cb219000-7fc6cb220000 r--p 00024000 08:06 3020614                    /usr/lib/jvm/java-11-openjdk-amd64/lib/libjava.so
7fc6cb220000-7fc6cb221000 r--p 0002a000 08:06 3020614                    /usr/lib/jvm/java-11-openjdk-amd64/lib/libjava.so
7fc6cb221000-7fc6cb222000 rw-p 0002b000 08:06 3020614                    /usr/lib/jvm/java-11-openjdk-amd64/lib/libjava.so
7fc6cb222000-7fc6cb223000 rw-p 00000000 00:00 0 
7fc6cb223000-7fc6cb226000 r--p 00000000 08:06 3549096                    /lib/x86_64-linux-gnu/librt-2.31.so
7fc6cb226000-7fc6cb22a000 r-xp 00003000 08:06 3549096                    /lib/x86_64-linux-gnu/librt-2.31.so
7fc6cb22a000-7fc6cb22b000 r--p 00007000 08:06 3549096                    /lib/x86_64-linux-gnu/librt-2.31.so
7fc6cb22b000-7fc6cb22c000 ---p 00008000 08:06 3549096                    /lib/x86_64-linux-gnu/librt-2.31.so
7fc6cb22c000-7fc6cb22d000 r--p 00008000 08:06 3549096                    /lib/x86_64-linux-gnu/librt-2.31.so
7fc6cb22d000-7fc6cb22e000 rw-p 00009000 08:06 3549096                    /lib/x86_64-linux-gnu/librt-2.31.so
7fc6cb22e000-7fc6cb232000 ---p 00000000 00:00 0 
7fc6cb232000-7fc6cb32f000 rw-p 00000000 00:00 0 
7fc6cb32f000-7fc6cb332000 r--p 00000000 08:06 3548665                    /lib/x86_64-linux-gnu/libgcc_s.so.1
7fc6cb332000-7fc6cb344000 r-xp 00003000 08:06 3548665                    /lib/x86_64-linux-gnu/libgcc_s.so.1
7fc6cb344000-7fc6cb348000 r--p 00015000 08:06 3548665                    /lib/x86_64-linux-gnu/libgcc_s.so.1
7fc6cb348000-7fc6cb349000 r--p 00018000 08:06 3548665                    /lib/x86_64-linux-gnu/libgcc_s.so.1
7fc6cb349000-7fc6cb34a000 rw-p 00019000 08:06 3548665                    /lib/x86_64-linux-gnu/libgcc_s.so.1
7fc6cb34a000-7fc6cb359000 r--p 00000000 08:06 3549083                    /lib/x86_64-linux-gnu/libm-2.31.so
7fc6cb359000-7fc6cb400000 r-xp 0000f000 08:06 3549083                    /lib/x86_64-linux-gnu/libm-2.31.so
7fc6cb400000-7fc6cb497000 r--p 000b6000 08:06 3549083                    /lib/x86_64-linux-gnu/libm-2.31.so
7fc6cb497000-7fc6cb498000 r--p 0014c000 08:06 3549083                    /lib/x86_64-linux-gnu/libm-2.31.so
7fc6cb498000-7fc6cb499000 rw-p 0014d000 08:06 3549083                    /lib/x86_64-linux-gnu/libm-2.31.so
7fc6cb499000-7fc6cb52f000 r--p 00000000 08:06 3019087                    /usr/lib/x86_64-linux-gnu/libstdc++.so.6.0.28
7fc6cb52f000-7fc6cb61f000 r-xp 00096000 08:06 3019087                    /usr/lib/x86_64-linux-gnu/libstdc++.so.6.0.28
7fc6cb61f000-7fc6cb668000 r--p 00186000 08:06 3019087                    /usr/lib/x86_64-linux-gnu/libstdc++.so.6.0.28
7fc6cb668000-7fc6cb669000 ---p 001cf000 08:06 3019087                    /usr/lib/x86_64-linux-gnu/libstdc++.so.6.0.28
7fc6cb669000-7fc6cb674000 r--p 001cf000 08:06 3019087                    /usr/lib/x86_64-linux-gnu/libstdc++.so.6.0.28
7fc6cb674000-7fc6cb677000 rw-p 001da000 08:06 3019087                    /usr/lib/x86_64-linux-gnu/libstdc++.so.6.0.28
7fc6cb677000-7fc6cb67a000 rw-p 00000000 00:00 0 
7fc6cb67a000-7fc6cb8f3000 r--p 00000000 08:06 3022486                    /usr/lib/jvm/java-11-openjdk-amd64/lib/server/libjvm.so
7fc6cb8f3000-7fc6cc570000 r-xp 00279000 08:06 3022486                    /usr/lib/jvm/java-11-openjdk-amd64/lib/server/libjvm.so
7fc6cc570000-7fc6cc7c6000 r--p 00ef6000 08:06 3022486                    /usr/lib/jvm/java-11-openjdk-amd64/lib/server/libjvm.so
7fc6cc7c6000-7fc6cc887000 r--p 0114b000 08:06 3022486                    /usr/lib/jvm/java-11-openjdk-amd64/lib/server/libjvm.so
7fc6cc887000-7fc6cc8c2000 rw-p 0120c000 08:06 3022486                    /usr/lib/jvm/java-11-openjdk-amd64/lib/server/libjvm.so
7fc6cc8c2000-7fc6cc91b000 rw-p 00000000 00:00 0 
7fc6cc91b000-7fc6cc922000 r--p 00000000 08:06 3549094                    /lib/x86_64-linux-gnu/libpthread-2.31.so
7fc6cc922000-7fc6cc933000 r-xp 00007000 08:06 3549094                    /lib/x86_64-linux-gnu/libpthread-2.31.so
7fc6cc933000-7fc6cc938000 r--p 00018000 08:06 3549094                    /lib/x86_64-linux-gnu/libpthread-2.31.so
7fc6cc938000-7fc6cc939000 r--p 0001c000 08:06 3549094                    /lib/x86_64-linux-gnu/libpthread-2.31.so
7fc6cc939000-7fc6cc93a000 rw-p 0001d000 08:06 3549094                    /lib/x86_64-linux-gnu/libpthread-2.31.so
7fc6cc93a000-7fc6cc93e000 rw-p 00000000 00:00 0 
7fc6cc93e000-7fc6cc93f000 r--p 00000000 08:06 3549082                    /lib/x86_64-linux-gnu/libdl-2.31.so
7fc6cc93f000-7fc6cc941000 r-xp 00001000 08:06 3549082                    /lib/x86_64-linux-gnu/libdl-2.31.so
7fc6cc941000-7fc6cc942000 r--p 00003000 08:06 3549082                    /lib/x86_64-linux-gnu/libdl-2.31.so
7fc6cc942000-7fc6cc943000 r--p 00003000 08:06 3549082                    /lib/x86_64-linux-gnu/libdl-2.31.so
7fc6cc943000-7fc6cc944000 rw-p 00004000 08:06 3549082                    /lib/x86_64-linux-gnu/libdl-2.31.so
7fc6cc944000-7fc6cc946000 r--p 00000000 08:06 3544289                    /lib/x86_64-linux-gnu/libz.so.1.2.11
7fc6cc946000-7fc6cc957000 r-xp 00002000 08:06 3544289                    /lib/x86_64-linux-gnu/libz.so.1.2.11
7fc6cc957000-7fc6cc95d000 r--p 00013000 08:06 3544289                    /lib/x86_64-linux-gnu/libz.so.1.2.11
7fc6cc95d000-7fc6cc95e000 ---p 00019000 08:06 3544289                    /lib/x86_64-linux-gnu/libz.so.1.2.11
7fc6cc95e000-7fc6cc95f000 r--p 00019000 08:06 3544289                    /lib/x86_64-linux-gnu/libz.so.1.2.11
7fc6cc95f000-7fc6cc960000 rw-p 0001a000 08:06 3544289                    /lib/x86_64-linux-gnu/libz.so.1.2.11
7fc6cc960000-7fc6cc985000 r--p 00000000 08:06 3549081                    /lib/x86_64-linux-gnu/libc-2.31.so
7fc6cc985000-7fc6ccafd000 r-xp 00025000 08:06 3549081                    /lib/x86_64-linux-gnu/libc-2.31.so
7fc6ccafd000-7fc6ccb47000 r--p 0019d000 08:06 3549081                    /lib/x86_64-linux-gnu/libc-2.31.so
7fc6ccb47000-7fc6ccb48000 ---p 001e7000 08:06 3549081                    /lib/x86_64-linux-gnu/libc-2.31.so
7fc6ccb48000-7fc6ccb4b000 r--p 001e7000 08:06 3549081                    /lib/x86_64-linux-gnu/libc-2.31.so
7fc6ccb4b000-7fc6ccb4e000 rw-p 001ea000 08:06 3549081                    /lib/x86_64-linux-gnu/libc-2.31.so
7fc6ccb4e000-7fc6ccb52000 rw-p 00000000 00:00 0 
7fc6ccb53000-7fc6ccb54000 ---p 00000000 00:00 0 
7fc6ccb54000-7fc6ccb55000 r--p 00000000 00:00 0 
7fc6ccb55000-7fc6ccb5a000 r--p 00000000 08:06 3022477                    /usr/lib/jvm/java-11-openjdk-amd64/lib/libverify.so
7fc6ccb5a000-7fc6ccb61000 r-xp 00005000 08:06 3022477                    /usr/lib/jvm/java-11-openjdk-amd64/lib/libverify.so
7fc6ccb61000-7fc6ccb63000 r--p 0000c000 08:06 3022477                    /usr/lib/jvm/java-11-openjdk-amd64/lib/libverify.so
7fc6ccb63000-7fc6ccb64000 ---p 0000e000 08:06 3022477                    /usr/lib/jvm/java-11-openjdk-amd64/lib/libverify.so
7fc6ccb64000-7fc6ccb66000 r--p 0000e000 08:06 3022477                    /usr/lib/jvm/java-11-openjdk-amd64/lib/libverify.so
7fc6ccb66000-7fc6ccb67000 rw-p 00010000 08:06 3022477                    /usr/lib/jvm/java-11-openjdk-amd64/lib/libverify.so
7fc6ccb67000-7fc6ccb6a000 r--p 00000000 08:06 3020592                    /usr/lib/jvm/java-11-openjdk-amd64/lib/jli/libjli.so
7fc6ccb6a000-7fc6ccb74000 r-xp 00003000 08:06 3020592                    /usr/lib/jvm/java-11-openjdk-amd64/lib/jli/libjli.so
7fc6ccb74000-7fc6ccb77000 r--p 0000d000 08:06 3020592                    /usr/lib/jvm/java-11-openjdk-amd64/lib/jli/libjli.so
7fc6ccb77000-7fc6ccb78000 ---p 00010000 08:06 3020592                    /usr/lib/jvm/java-11-openjdk-amd64/lib/jli/libjli.so
7fc6ccb78000-7fc6ccb79000 r--p 00010000 08:06 3020592                    /usr/lib/jvm/java-11-openjdk-amd64/lib/jli/libjli.so
7fc6ccb79000-7fc6ccb7a000 rw-p 00011000 08:06 3020592                    /usr/lib/jvm/java-11-openjdk-amd64/lib/jli/libjli.so
7fc6ccb7a000-7fc6ccb7c000 rw-p 00000000 00:00 0 
7fc6ccb7c000-7fc6ccb7d000 r--p 00000000 08:06 3549075                    /lib/x86_64-linux-gnu/ld-2.31.so
7fc6ccb7d000-7fc6ccba0000 r-xp 00001000 08:06 3549075                    /lib/x86_64-linux-gnu/ld-2.31.so
7fc6ccba0000-7fc6ccba8000 r--p 00024000 08:06 3549075                    /lib/x86_64-linux-gnu/ld-2.31.so
7fc6ccba9000-7fc6ccbaa000 r--p 0002c000 08:06 3549075                    /lib/x86_64-linux-gnu/ld-2.31.so
7fc6ccbaa000-7fc6ccbab000 rw-p 0002d000 08:06 3549075                    /lib/x86_64-linux-gnu/ld-2.31.so
7fc6ccbab000-7fc6ccbac000 rw-p 00000000 00:00 0 
7ffec29b9000-7ffec29dd000 rw-p 00000000 00:00 0                          [stack]
7ffec29ef000-7ffec29f2000 r--p 00000000 00:00 0                          [vvar]
7ffec29f2000-7ffec29f3000 r-xp 00000000 00:00 0                          [vdso]
ffffffffff600000-ffffffffff601000 --xp 00000000 00:00 0                  [vsyscall]


VM Arguments:
jvm_args: -agentlib:jdwp=transport=dt_socket,suspend=y,address=localhost:35741 -ea -javaagent:/home/evillyn/eclipse/jee-2020-12/eclipse/configuration/org.eclipse.osgi/400/0/.cp/lib/javaagent-shaded.jar -Dfile.encoding=UTF-8 
java_command: org.eclipse.jdt.internal.junit.runner.RemoteTestRunner -version 3 -port 33545 -testLoaderClass org.eclipse.jdt.internal.junit5.runner.JUnit5TestLoader -loaderpluginname org.eclipse.jdt.junit5.runtime -classNames net.atos.api.logistica.service.LogisticaServiceTest
java_class_path (initial): /home/evillyn/academia-atos-workspace/equipe-5-acelera-atos-api/logistica/target/test-classes:/home/evillyn/academia-atos-workspace/equipe-5-acelera-atos-api/logistica/target/classes:/home/evillyn/.m2/repository/org/springframework/boot/spring-boot-starter-amqp/2.6.1/spring-boot-starter-amqp-2.6.1.jar:/home/evillyn/.m2/repository/org/springframework/boot/spring-boot-starter/2.6.1/spring-boot-starter-2.6.1.jar:/home/evillyn/.m2/repository/org/springframework/boot/spring-boot/2.6.1/spring-boot-2.6.1.jar:/home/evillyn/.m2/repository/org/springframework/boot/spring-boot-autoconfigure/2.6.1/spring-boot-autoconfigure-2.6.1.jar:/home/evillyn/.m2/repository/org/springframework/boot/spring-boot-starter-logging/2.6.1/spring-boot-starter-logging-2.6.1.jar:/home/evillyn/.m2/repository/ch/qos/logback/logback-classic/1.2.7/logback-classic-1.2.7.jar:/home/evillyn/.m2/repository/ch/qos/logback/logback-core/1.2.7/logback-core-1.2.7.jar:/home/evillyn/.m2/repository/org/apache/logging/log4j/log4j-to-slf4j/2.14.1/log4j-to-slf4j-2.14.1.jar:/home/evillyn/.m2/repository/org/apache/logging/log4j/log4j-api/2.14.1/log4j-api-2.14.1.jar:/home/evillyn/.m2/repository/org/slf4j/jul-to-slf4j/1.7.32/jul-to-slf4j-1.7.32.jar:/home/evillyn/.m2/repository/jakarta/annotation/jakarta.annotation-api/1.3.5/jakarta.annotation-api-1.3.5.jar:/home/evillyn/.m2/repository/org/yaml/snakeyaml/1.29/snakeyaml-1.29.jar:/home/evillyn/.m2/repository/org/springframework/spring-messaging/5.3.13/spring-messaging-5.3.13.jar:/home/evillyn/.m2/repository/org/springframework/spring-beans/5.3.13/spring-beans-5.3.13.jar:/home/evillyn/.m2/repository/org/springframework/amqp/spring-rabbit/2.4.0/spring-rabbit-2.4.0.jar:/home/evillyn/.m2/repository/org/springframework/amqp/spring-amqp/2.4.0/spring-amqp-2.4.0.jar:/home/evillyn/.m2/repository/org/springframework/retry/spring-retry/1.3.1/spring-retry-1.3.1.jar:/home/evillyn/.m2/repository/javax/annotation/javax.annotation-api/1.3.2/javax.annotation-api-1.
Launcher Type: SUN_STANDARD

[Global flags]
     intx CICompilerCount                          = 3                                         {product} {ergonomic}
     uint ConcGCThreads                            = 2                                         {product} {ergonomic}
     uint G1ConcRefinementThreads                  = 6                                         {product} {ergonomic}
   size_t G1HeapRegionSize                         = 1048576                                   {product} {ergonomic}
    uintx GCDrainStackTargetSize                   = 64                                        {product} {ergonomic}
   size_t InitialHeapSize                          = 262144000                                 {product} {ergonomic}
   size_t MarkStackSize                            = 4194304                                   {product} {ergonomic}
   size_t MaxHeapSize                              = 4181721088                                {product} {ergonomic}
   size_t MaxNewSize                               = 2508193792                                {product} {ergonomic}
   size_t MinHeapDeltaBytes                        = 1048576                                   {product} {ergonomic}
    uintx NonNMethodCodeHeapSize                   = 5830732                                {pd product} {ergonomic}
    uintx NonProfiledCodeHeapSize                  = 122913754                              {pd product} {ergonomic}
    uintx ProfiledCodeHeapSize                     = 122913754                              {pd product} {ergonomic}
    uintx ReservedCodeCacheSize                    = 251658240                              {pd product} {ergonomic}
     bool SegmentedCodeCache                       = true                                      {product} {ergonomic}
     bool UseCompressedClassPointers               = true                                 {lp64_product} {ergonomic}
     bool UseCompressedOops                        = true                                 {lp64_product} {ergonomic}
     bool UseG1GC                                  = true                                      {product} {ergonomic}

Logging:
Log output configuration:
 #0: stdout all=warning uptime,level,tags
 #1: stderr all=off uptime,level,tags

Environment Variables:
JAVA_HOME=/usr/lib/jvm/java-8-openjdk-amd64/bin/java
PATH=/home/evillyn/.local/bin:/usr/local/sbin:/usr/local/bin:/usr/sbin:/usr/bin:/sbin:/bin:/usr/games:/usr/local/games:/snap/bin
SHELL=/bin/bash
DISPLAY=:0
LANG=pt_BR.UTF-8

Signal Handlers:
SIGSEGV: [libjvm.so+0xe824c0], sa_mask[0]=11111111011111111101111111111110, sa_flags=SA_RESTART|SA_SIGINFO
SIGBUS: [libjvm.so+0xe824c0], sa_mask[0]=11111111011111111101111111111110, sa_flags=SA_RESTART|SA_SIGINFO
SIGFPE: [libjvm.so+0xe824c0], sa_mask[0]=11111111011111111101111111111110, sa_flags=SA_RESTART|SA_SIGINFO
SIGPIPE: [libjvm.so+0xbc8ee0], sa_mask[0]=11111111011111111101111111111110, sa_flags=SA_RESTART|SA_SIGINFO
SIGXFSZ: [libjvm.so+0xbc8ee0], sa_mask[0]=11111111011111111101111111111110, sa_flags=SA_RESTART|SA_SIGINFO
SIGILL: [libjvm.so+0xe824c0], sa_mask[0]=11111111011111111101111111111110, sa_flags=SA_RESTART|SA_SIGINFO
SIGUSR2: [libjvm.so+0xbc8d80], sa_mask[0]=00100000000000000000000000000000, sa_flags=SA_RESTART|SA_SIGINFO
SIGHUP: [libjvm.so+0xbc9220], sa_mask[0]=11111111011111111101111111111110, sa_flags=SA_RESTART|SA_SIGINFO
SIGINT: [libjvm.so+0xbc9220], sa_mask[0]=11111111011111111101111111111110, sa_flags=SA_RESTART|SA_SIGINFO
SIGTERM: [libjvm.so+0xbc9220], sa_mask[0]=11111111011111111101111111111110, sa_flags=SA_RESTART|SA_SIGINFO
SIGQUIT: [libjvm.so+0xbc9220], sa_mask[0]=11111111011111111101111111111110, sa_flags=SA_RESTART|SA_SIGINFO


---------------  S Y S T E M  ---------------

OS:DISTRIB_ID=LinuxMint
DISTRIB_RELEASE=20
DISTRIB_CODENAME=ulyana
DISTRIB_DESCRIPTION="Linux Mint 20 Ulyana"
uname:Linux 5.4.0-58-generic #64-Ubuntu SMP Wed Dec 9 08:16:25 UTC 2020 x86_64
OS uptime: 0 days 4:28 hours
libc:glibc 2.31 NPTL 2.31 
rlimit (soft/hard): STACK 8192k/infinity , CORE 0k/infinity , NPROC 63437/63437 , NOFILE 1048576/1048576 , AS infinity/infinity , CPU infinity/infinity , DATA infinity/infinity , FSIZE infinity/infinity , MEMLOCK 65536k/65536k
load average:0,84 1,16 1,29

/proc/meminfo:
MemTotal:       16331820 kB
MemFree:         8616032 kB
MemAvailable:   11546344 kB
Buffers:          198996 kB
Cached:          3139904 kB
SwapCached:            0 kB
Active:          5046112 kB
Inactive:        2223660 kB
Active(anon):    3934028 kB
Inactive(anon):   233368 kB
Active(file):    1112084 kB
Inactive(file):  1990292 kB
Unevictable:         144 kB
Mlocked:             144 kB
SwapTotal:       2097148 kB
SwapFree:        2097148 kB
Dirty:               152 kB
Writeback:             0 kB
AnonPages:       3931052 kB
Mapped:           939968 kB
Shmem:            240240 kB
KReclaimable:     161972 kB
Slab:             293108 kB
SReclaimable:     161972 kB
SUnreclaim:       131136 kB
KernelStack:       16832 kB
PageTables:        35904 kB
NFS_Unstable:          0 kB
Bounce:                0 kB
WritebackTmp:          0 kB
CommitLimit:    10263056 kB
Committed_AS:   10747496 kB
VmallocTotal:   34359738367 kB
VmallocUsed:       29052 kB
VmallocChunk:          0 kB
Percpu:             5696 kB
HardwareCorrupted:     0 kB
AnonHugePages:         0 kB
ShmemHugePages:        0 kB
ShmemPmdMapped:        0 kB
FileHugePages:         0 kB
FilePmdMapped:         0 kB
CmaTotal:              0 kB
CmaFree:               0 kB
HugePages_Total:       0
HugePages_Free:        0
HugePages_Rsvd:        0
HugePages_Surp:        0
Hugepagesize:       2048 kB
Hugetlb:               0 kB
DirectMap4k:      368236 kB
DirectMap2M:     9003008 kB
DirectMap1G:     7340032 kB

/sys/kernel/mm/transparent_hugepage/enabled:
always [madvise] never
/sys/kernel/mm/transparent_hugepage/defrag (defrag/compaction efforts parameter):
always defer defer+madvise [madvise] never

/proc/sys/kernel/threads-max (system-wide limit on the number of threads):
126874
/proc/sys/vm/max_map_count (maximum number of memory map areas a process may have):
65530
/proc/sys/kernel/pid_max (system-wide limit on number of process identifiers):
4194304

container (cgroup) information:
container_type: cgroupv1
cpu_cpuset_cpus: 0-5
cpu_memory_nodes: 0
active_processor_count: 6
cpu_quota: -1
cpu_period: 100000
cpu_shares: -1
memory_limit_in_bytes: -1
memory_and_swap_limit_in_bytes: -2
memory_soft_limit_in_bytes: -1
memory_usage_in_bytes: 6380847104
memory_max_usage_in_bytes: 6872363008

Steal ticks since vm start: 0
Steal ticks percentage since vm start:  0,000

CPU:total 6 (initial active 6) (6 cores per cpu, 1 threads per core) family 6 model 158 stepping 10, cmov, cx8, fxsr, mmx, sse, sse2, sse3, ssse3, sse4.1, sse4.2, popcnt, avx, avx2, aes, clmul, erms, 3dnowpref, lzcnt, tsc, tscinvbit, bmi1, bmi2, adx, fma
CPU Model and flags from /proc/cpuinfo:
model name	: Intel(R) Core(TM) i5-9400F CPU @ 2.90GHz
flags		: fpu vme de pse tsc msr pae mce cx8 apic sep mtrr pge mca cmov pat pse36 clflush dts acpi mmx fxsr sse sse2 ss ht tm pbe syscall nx pdpe1gb rdtscp lm constant_tsc art arch_perfmon pebs bts rep_good nopl xtopology nonstop_tsc cpuid aperfmperf pni pclmulqdq dtes64 monitor ds_cpl vmx est tm2 ssse3 sdbg fma cx16 xtpr pdcm pcid sse4_1 sse4_2 x2apic movbe popcnt tsc_deadline_timer aes xsave avx f16c rdrand lahf_lm abm 3dnowprefetch cpuid_fault epb invpcid_single pti ssbd ibrs ibpb stibp tpr_shadow vnmi flexpriority ept vpid ept_ad fsgsbase tsc_adjust bmi1 avx2 smep bmi2 erms invpcid mpx rdseed adx smap clflushopt intel_pt xsaveopt xsavec xgetbv1 xsaves dtherm ida arat pln pts hwp hwp_notify hwp_act_window hwp_epp md_clear flush_l1d
Online cpus:
0-5
Offline cpus:

BIOS frequency limitation:
<Not Available>
Frequency switch latency (ns):
0
Available cpu frequencies:
<Not Available>
Current governor:
powersave
Core performance/turbo boost:
<Not Available>

Memory: 4k page, physical 16331820k(8616032k free), swap 2097148k(2097148k free)

vm_info: OpenJDK 64-Bit Server VM (11.0.9.1+1-Ubuntu-0ubuntu1.20.04) for linux-amd64 JRE (11.0.9.1+1-Ubuntu-0ubuntu1.20.04), built on Nov 10 2020 04:18:42 by "unknown" with gcc 9.3.0

END.
